#
# A fatal error has been detected by the Java Runtime Environment:
#
#  SIGSEGV (0xb) at pc=0x00007fca98e607ba, pid=5570, tid=0x00007fca6d6f7700
#
# JRE version: OpenJDK Runtime Environment (8.0_131-b11) (build 1.8.0_131-8u131-b11-2ubuntu1.16.04.3-b11)
# Java VM: OpenJDK 64-Bit Server VM (25.131-b11 mixed mode linux-amd64 compressed oops)
# Problematic frame:
# v  ~BufferBlob::jni_fast_GetLongField
#
# Failed to write core dump. Core dumps have been disabled. To enable core dumping, try "ulimit -c unlimited" before starting Java again
#
# If you would like to submit a bug report, please visit:
#   http://bugreport.java.com/bugreport/crash.jsp
# The crash happened outside the Java Virtual Machine in native code.
# See problematic frame for where to report the bug.
#

---------------  T H R E A D  ---------------

Current thread (0x00007fcaa86be800):  JavaThread "AWT-XAWT" daemon [_thread_in_native, id=5590, stack(0x00007fca6d5f7000,0x00007fca6d6f8000)]

siginfo: si_signo: 11 (SIGSEGV), si_code: 1 (SEGV_MAPERR), si_addr: 0x0000000000000000

Registers:
RAX=0x00007fcaae6bf040, RBX=0x00007fcaa86be9e0, RCX=0x0000000000000000, RDX=0x0000000000000042
RSP=0x00007fca6d6f6838, RBP=0x00007fca6d6f6860, RSI=0x0000000000000000, RDI=0x00007fcaa86be9e0
R8 =0x0000000000000320, R9 =0x0000000000000000, R10=0x00000000000001c6, R11=0x00007fca993a5598
R12=0x00007fca48171c30, R13=0x0000000000000000, R14=0x00007fca6f75bb00, R15=0x00007fcaa86be800
RIP=0x00007fca98e607ba, EFLAGS=0x0000000000010246, CSGSFS=0x0000000000000033, ERR=0x0000000000000004
  TRAPNO=0x000000000000000e

Top of Stack: (sp=0x00007fca6d6f6838)
0x00007fca6d6f6838:   00007fca6f538f74 00007fca95f88300
0x00007fca6d6f6848:   00007fca48171c30 00007fca6d6f6910
0x00007fca6d6f6858:   00007fca6d6f68e0 0000000000000000
0x00007fca6d6f6868:   00007fca6effc3c0 00007fca95f88300
0x00007fca6d6f6878:   00007fca6d6f68a0 0000000000000000
0x00007fca6d6f6888:   00007fca6eff3f93 00007fca6d6f6910
0x00007fca6d6f6898:   00007fca6f530cef 00007fca6d6f68f0
0x00007fca6d6f68a8:   00007fca993a5636 00000000c361b650
0x00007fca6d6f68b8:   00007fca9916f476 00007fca6d6f6910
0x00007fca6d6f68c8:   00007fca98f157ac 00000000ee945c70
0x00007fca6d6f68d8:   00007fca99207df4 00000000c361dd80
0x00007fca6d6f68e8:   00000000c37cb380 00007fca6d6f6970
0x00007fca6d6f68f8:   00007fca98dfe7d0 00007fca6d6f6970
0x00007fca6d6f6908:   00007fca98dfe7d0 0000000000000000
0x00007fca6d6f6918:   00007fca98dfeb10 00007fca50002e40
0x00007fca6d6f6928:   00000000c361b650 00007fca6d6f6930
0x00007fca6d6f6938:   00007fca95f519f4 00007fca6d6f69b8
0x00007fca6d6f6948:   00007fca95f69d60 0000000000000000
0x00007fca6d6f6958:   00007fca95f51b30 00007fca6d6f6910
0x00007fca6d6f6968:   00007fca6d6f69b0 00007fca6d6f6a00
0x00007fca6d6f6978:   00007fca98dfeffd 0000000000000000
0x00007fca6d6f6988:   00000000c37752e0 0000000000000000
0x00007fca6d6f6998:   0000000000000000 0000000000000000
0x00007fca6d6f69a8:   00000000c361b650 0000000000000000
0x00007fca6d6f69b8:   00000000c37c08f8 00007fca6d6f69c0
0x00007fca6d6f69c8:   00007fca95f51835 00007fca6d6f6a10
0x00007fca6d6f69d8:   00007fca95f69d60 0000000000000000
0x00007fca6d6f69e8:   00007fca95f51840 00007fca6d6f69b0
0x00007fca6d6f69f8:   00007fca6d6f6a10 00007fca6d6f6a58
0x00007fca6d6f6a08:   00007fca98dff042 00000000c37c08f8
0x00007fca6d6f6a18:   00007fca6d6f6a18 00007fca95aef99b
0x00007fca6d6f6a28:   00007fca6d6f6a68 00007fca95b770b8 

Instructions: (pc=0x00007fca98e607ba)
0x00007fca98e6079a:   00 00 00 00 00 00 44 8b 15 2d b4 88 15 4c 8b ce
0x00007fca98e607aa:   41 f6 c2 01 0f 85 2e 00 00 00 4d 33 ca 4d 33 ca
0x00007fca98e607ba:   4d 8b 09 4c 8b da 49 c1 eb 02 4b 8b 04 19 49 bb
0x00007fca98e607ca:   d4 bb 6e ae ca 7f 00 00 4c 33 d8 4c 33 d8 45 3b 

Register to memory mapping:

RAX=0x00007fcaae6bf040: <offset 0xef7040> in /usr/lib/jvm/java-8-openjdk-amd64/jre/lib/amd64/server/libjvm.so at 0x00007fcaad7c8000
RBX=0x00007fcaa86be9e0 is an unknown value
RCX=0x0000000000000000 is an unknown value
RDX=0x0000000000000042 is an unknown value
RSP=0x00007fca6d6f6838 is pointing into the stack for thread: 0x00007fcaa86be800
RBP=0x00007fca6d6f6860 is pointing into the stack for thread: 0x00007fcaa86be800
RSI=0x0000000000000000 is an unknown value
RDI=0x00007fcaa86be9e0 is an unknown value
R8 =0x0000000000000320 is an unknown value
R9 =0x0000000000000000 is an unknown value
R10=0x00000000000001c6 is an unknown value
R11=0x00007fca993a5598 is at entry_point+24 in (nmethod*)0x00007fca993a5410
R12=0x00007fca48171c30 is an unknown value
R13=0x0000000000000000 is an unknown value
R14=0x00007fca6f75bb00: <offset 0x258b00> in /usr/lib/jvm/java-8-openjdk-amd64/jre/lib/amd64/libawt_xawt.so at 0x00007fca6f503000
R15=0x00007fcaa86be800 is a thread


Stack: [0x00007fca6d5f7000,0x00007fca6d6f8000],  sp=0x00007fca6d6f6838,  free space=1022k
Native frames: (J=compiled Java code, j=interpreted, Vv=VM code, C=native code)
v  ~BufferBlob::jni_fast_GetLongField
C  [libX11.so.6+0x643c0]  _XimServerDestroy+0x70

Java frames: (J=compiled Java code, j=interpreted, Vv=VM code)
J 1733  sun.awt.X11.XlibWrapper.XFilterEvent(JJ)Z (0 bytes) @ 0x00007fca993a55c4 [0x00007fca993a5580+0x44]
j  sun.awt.X11.XToolkit.run(Z)V+300
j  sun.awt.X11.XToolkit.run()V+5
j  java.lang.Thread.run()V+11
v  ~StubRoutines::call_stub

---------------  P R O C E S S  ---------------

Java Threads: ( => current thread )
  0x00007fca70003800 JavaThread "SIGTERM handler" daemon [_thread_blocked, id=6304, stack(0x00007fca46bb4000,0x00007fca46cb5000)]
  0x00007fca4c00e800 JavaThread "XToolkt-Shutdown-Thread" [_thread_blocked, id=6273, stack(0x00007fca46ab3000,0x00007fca46bb4000)]
  0x00007fca70002000 JavaThread "SIGTERM handler" daemon [_thread_blocked, id=6271, stack(0x00007fca46cb5000,0x00007fca46db6000)]
  0x00007fca70001000 JavaThread "SIGHUP handler" daemon [_thread_blocked, id=6270, stack(0x00007fca6d2f4000,0x00007fca6d3f5000)]
  0x00007fca48358800 JavaThread "MySQL Statement Cancellation Timer" daemon [_thread_blocked, id=5616, stack(0x00007fca6c381000,0x00007fca6c482000)]
  0x00007fca481fd000 JavaThread "ICEpdf-thread-pool" daemon [_thread_blocked, id=5608, stack(0x00007fca475d1000,0x00007fca476d2000)]
  0x00007fca481ef000 JavaThread "ICEpdf-thread-painter-pool" daemon [_thread_blocked, id=5603, stack(0x00007fca476d2000,0x00007fca477d3000)]
  0x00007fca48219800 JavaThread "ICEpdf-thread-painter-pool" daemon [_thread_blocked, id=5602, stack(0x00007fca6c27d000,0x00007fca6c37e000)]
  0x00007fca48219000 JavaThread "ICEpdf-thread-pool" daemon [_thread_blocked, id=5601, stack(0x00007fca6c0d5000,0x00007fca6c1d6000)]
  0x00007fca480f0800 JavaThread "TimerQueue" daemon [_thread_blocked, id=5594, stack(0x00007fca6c6c7000,0x00007fca6c7c8000)]
  0x00007fcaa800d000 JavaThread "DestroyJavaVM" [_thread_blocked, id=5575, stack(0x00007fcaaf416000,0x00007fcaaf517000)]
  0x00007fcaa86c2800 JavaThread "AWT-EventQueue-0" [_thread_blocked, id=5592, stack(0x00007fca6d3f5000,0x00007fca6d4f6000)]
  0x00007fcaa86c0800 JavaThread "AWT-Shutdown" [_thread_blocked, id=5591, stack(0x00007fca6d4f6000,0x00007fca6d5f7000)]
=>0x00007fcaa86be800 JavaThread "AWT-XAWT" daemon [_thread_in_native, id=5590, stack(0x00007fca6d5f7000,0x00007fca6d6f8000)]
  0x00007fcaa86a6000 JavaThread "Java2D Disposer" daemon [_thread_blocked, id=5589, stack(0x00007fca6db08000,0x00007fca6dc09000)]
  0x00007fcaa80bc000 JavaThread "Service Thread" daemon [_thread_blocked, id=5587, stack(0x00007fca6fdfe000,0x00007fca6feff000)]
  0x00007fcaa80b4800 JavaThread "C1 CompilerThread2" daemon [_thread_blocked, id=5586, stack(0x00007fca6feff000,0x00007fca70000000)]
  0x00007fcaa80b3000 JavaThread "C2 CompilerThread1" daemon [_thread_blocked, id=5585, stack(0x00007fca94083000,0x00007fca94184000)]
  0x00007fcaa80b0000 JavaThread "C2 CompilerThread0" daemon [_thread_blocked, id=5584, stack(0x00007fca94184000,0x00007fca94285000)]
  0x00007fcaa80ae000 JavaThread "Signal Dispatcher" daemon [_thread_blocked, id=5583, stack(0x00007fca94285000,0x00007fca94386000)]
  0x00007fcaa8087000 JavaThread "Finalizer" daemon [_thread_blocked, id=5582, stack(0x00007fca9465e000,0x00007fca9475f000)]
  0x00007fcaa8082000 JavaThread "Reference Handler" daemon [_thread_blocked, id=5581, stack(0x00007fca9475f000,0x00007fca94860000)]

Other Threads:
  0x00007fcaa807a800 VMThread [stack: 0x00007fca94860000,0x00007fca94961000] [id=5580]
  0x00007fcaa80be800 WatcherThread [stack: 0x00007fca6fcfd000,0x00007fca6fdfe000] [id=5588]

VM state:not at safepoint (normal execution)

VM Mutex/Monitor currently owned by a thread: None

Heap:
 PSYoungGen      total 168960K, used 150917K [0x00000000ebc00000, 0x00000000fc700000, 0x0000000100000000)
  eden space 162304K, 92% used [0x00000000ebc00000,0x00000000f4f61738,0x00000000f5a80000)
  from space 6656K, 0% used [0x00000000f5a80000,0x00000000f5a80000,0x00000000f6100000)
  to   space 6656K, 0% used [0x00000000fc080000,0x00000000fc080000,0x00000000fc700000)
 ParOldGen       total 30208K, used 9134K [0x00000000c3400000, 0x00000000c5180000, 0x00000000ebc00000)
  object space 30208K, 30% used [0x00000000c3400000,0x00000000c3ceb8d0,0x00000000c5180000)
 Metaspace       used 26494K, capacity 26822K, committed 27264K, reserved 1073152K
  class space    used 2965K, capacity 3075K, committed 3200K, reserved 1048576K

Card table byte_map: [0x00007fca98850000,0x00007fca98a37000] byte_map_base: 0x00007fca98236000

Marking Bits: (ParMarkBitMap*) 0x00007fcaae6eb2c0
 Begin Bits: [0x00007fca964a8000, 0x00007fca973d8000)
 End Bits:   [0x00007fca973d8000, 0x00007fca98308000)

Polling page: 0x00007fcaaf53a000

CodeCache: size=245760Kb used=12195Kb max_used=12576Kb free=233564Kb
 bounds [0x00007fca98df7000, 0x00007fca99a57000, 0x00007fcaa7df7000]
 total_blobs=4451 nmethods=3717 adapters=645
 compilation: enabled

Compilation events (10 events):
Event: 527.124 Thread 0x00007fcaa80b0000 4283 %     4       java.awt.EventDispatchThread::pumpEventsForFilter @ 10 (47 bytes)
Event: 527.129 Thread 0x00007fcaa80b0000 nmethod 4283% 0x00007fca98f06310 code [0x00007fca98f06480, 0x00007fca98f06758]
Event: 539.049 Thread 0x00007fcaa80b3000 4284 % !   4       javax.swing.TimerQueue::run @ 9 (242 bytes)
Event: 539.089 Thread 0x00007fcaa80b3000 nmethod 4284% 0x00007fca991f61d0 code [0x00007fca991f6520, 0x00007fca991f75a8]
Event: 672.402 Thread 0x00007fcaa80b4800 4285   !   3       java.awt.KeyboardFocusManager::retargetFocusEvent (244 bytes)
Event: 672.407 Thread 0x00007fcaa80b4800 nmethod 4285 0x00007fca995abb90 code [0x00007fca995ac020, 0x00007fca995aefd8]
Event: 982.863 Thread 0x00007fcaa80b4800 4286       3       java.util.LinkedList::listIterator (15 bytes)
Event: 982.864 Thread 0x00007fcaa80b4800 nmethod 4286 0x00007fca9908e4d0 code [0x00007fca9908e680, 0x00007fca9908eb08]
Event: 984.047 Thread 0x00007fcaa80b4800 4287       1       sun.awt.X11.XWindow::isShowing (5 bytes)
Event: 984.048 Thread 0x00007fcaa80b4800 nmethod 4287 0x00007fca99a42710 code [0x00007fca99a42860, 0x00007fca99a42970]

GC Heap History (10 events):
Event: 16.289 GC heap before
{Heap before GC invocations=10 (full 0):
 PSYoungGen      total 69632K, used 65529K [0x00000000ebc00000, 0x00000000f2b80000, 0x0000000100000000)
  eden space 63488K, 100% used [0x00000000ebc00000,0x00000000efa00000,0x00000000efa00000)
  from space 6144K, 33% used [0x00000000efa00000,0x00000000efbfe6b0,0x00000000f0000000)
  to   space 6144K, 0% used [0x00000000f2580000,0x00000000f2580000,0x00000000f2b80000)
 ParOldGen       total 42496K, used 9507K [0x00000000c3400000, 0x00000000c5d80000, 0x00000000ebc00000)
  object space 42496K, 22% used [0x00000000c3400000,0x00000000c3d48cc8,0x00000000c5d80000)
 Metaspace       used 19135K, capacity 19358K, committed 19584K, reserved 1067008K
  class space    used 2269K, capacity 2348K, committed 2432K, reserved 1048576K
Event: 16.293 GC heap after
Heap after GC invocations=10 (full 0):
 PSYoungGen      total 107520K, used 32K [0x00000000ebc00000, 0x00000000f2c80000, 0x0000000100000000)
  eden space 101376K, 0% used [0x00000000ebc00000,0x00000000ebc00000,0x00000000f1f00000)
  from space 6144K, 0% used [0x00000000f2580000,0x00000000f2588000,0x00000000f2b80000)
  to   space 6656K, 0% used [0x00000000f1f00000,0x00000000f1f00000,0x00000000f2580000)
 ParOldGen       total 42496K, used 11488K [0x00000000c3400000, 0x00000000c5d80000, 0x00000000ebc00000)
  object space 42496K, 27% used [0x00000000c3400000,0x00000000c3f380d0,0x00000000c5d80000)
 Metaspace       used 19135K, capacity 19358K, committed 19584K, reserved 1067008K
  class space    used 2269K, capacity 2348K, committed 2432K, reserved 1048576K
}
Event: 27.337 GC heap before
{Heap before GC invocations=11 (full 0):
 PSYoungGen      total 107520K, used 101408K [0x00000000ebc00000, 0x00000000f2c80000, 0x0000000100000000)
  eden space 101376K, 100% used [0x00000000ebc00000,0x00000000f1f00000,0x00000000f1f00000)
  from space 6144K, 0% used [0x00000000f2580000,0x00000000f2588000,0x00000000f2b80000)
  to   space 6656K, 0% used [0x00000000f1f00000,0x00000000f1f00000,0x00000000f2580000)
 ParOldGen       total 42496K, used 11488K [0x00000000c3400000, 0x00000000c5d80000, 0x00000000ebc00000)
  object space 42496K, 27% used [0x00000000c3400000,0x00000000c3f380d0,0x00000000c5d80000)
 Metaspace       used 19387K, capacity 19614K, committed 19840K, reserved 1067008K
  class space    used 2287K, capacity 2348K, committed 2432K, reserved 1048576K
Event: 27.344 GC heap after
Heap after GC invocations=11 (full 0):
 PSYoungGen      total 108032K, used 3777K [0x00000000ebc00000, 0x00000000f6780000, 0x0000000100000000)
  eden space 101376K, 0% used [0x00000000ebc00000,0x00000000ebc00000,0x00000000f1f00000)
  from space 6656K, 56% used [0x00000000f1f00000,0x00000000f22b0620,0x00000000f2580000)
  to   space 6656K, 0% used [0x00000000f6100000,0x00000000f6100000,0x00000000f6780000)
 ParOldGen       total 42496K, used 11496K [0x00000000c3400000, 0x00000000c5d80000, 0x00000000ebc00000)
  object space 42496K, 27% used [0x00000000c3400000,0x00000000c3f3a0d0,0x00000000c5d80000)
 Metaspace       used 19387K, capacity 19614K, committed 19840K, reserved 1067008K
  class space    used 2287K, capacity 2348K, committed 2432K, reserved 1048576K
}
Event: 27.440 GC heap before
{Heap before GC invocations=12 (full 0):
 PSYoungGen      total 108032K, used 105153K [0x00000000ebc00000, 0x00000000f6780000, 0x0000000100000000)
  eden space 101376K, 100% used [0x00000000ebc00000,0x00000000f1f00000,0x00000000f1f00000)
  from space 6656K, 56% used [0x00000000f1f00000,0x00000000f22b0620,0x00000000f2580000)
  to   space 6656K, 0% used [0x00000000f6100000,0x00000000f6100000,0x00000000f6780000)
 ParOldGen       total 42496K, used 11496K [0x00000000c3400000, 0x00000000c5d80000, 0x00000000ebc00000)
  object space 42496K, 27% used [0x00000000c3400000,0x00000000c3f3a0d0,0x00000000c5d80000)
 Metaspace       used 19388K, capacity 19614K, committed 19840K, reserved 1067008K
  class space    used 2287K, capacity 2348K, committed 2432K, reserved 1048576K
Event: 27.445 GC heap after
Heap after GC invocations=12 (full 0):
 PSYoungGen      total 168960K, used 64K [0x00000000ebc00000, 0x00000000f6780000, 0x0000000100000000)
  eden space 162304K, 0% used [0x00000000ebc00000,0x00000000ebc00000,0x00000000f5a80000)
  from space 6656K, 0% used [0x00000000f6100000,0x00000000f6110000,0x00000000f6780000)
  to   space 6656K, 0% used [0x00000000f5a80000,0x00000000f5a80000,0x00000000f6100000)
 ParOldGen       total 42496K, used 15200K [0x00000000c3400000, 0x00000000c5d80000, 0x00000000ebc00000)
  object space 42496K, 35% used [0x00000000c3400000,0x00000000c42d8038,0x00000000c5d80000)
 Metaspace       used 19388K, capacity 19614K, committed 19840K, reserved 1067008K
  class space    used 2287K, capacity 2348K, committed 2432K, reserved 1048576K
}
Event: 43.588 GC heap before
{Heap before GC invocations=13 (full 0):
 PSYoungGen      total 168960K, used 50163K [0x00000000ebc00000, 0x00000000f6780000, 0x0000000100000000)
  eden space 162304K, 30% used [0x00000000ebc00000,0x00000000eececdb0,0x00000000f5a80000)
  from space 6656K, 0% used [0x00000000f6100000,0x00000000f6110000,0x00000000f6780000)
  to   space 6656K, 0% used [0x00000000f5a80000,0x00000000f5a80000,0x00000000f6100000)
 ParOldGen       total 42496K, used 15200K [0x00000000c3400000, 0x00000000c5d80000, 0x00000000ebc00000)
  object space 42496K, 35% used [0x00000000c3400000,0x00000000c42d8038,0x00000000c5d80000)
 Metaspace       used 20771K, capacity 21004K, committed 21248K, reserved 1069056K
  class space    used 2415K, capacity 2514K, committed 2560K, reserved 1048576K
Event: 43.592 GC heap after
Heap after GC invocations=13 (full 0):
 PSYoungGen      total 168960K, used 704K [0x00000000ebc00000, 0x00000000fc700000, 0x0000000100000000)
  eden space 162304K, 0% used [0x00000000ebc00000,0x00000000ebc00000,0x00000000f5a80000)
  from space 6656K, 10% used [0x00000000f5a80000,0x00000000f5b30000,0x00000000f6100000)
  to   space 6656K, 0% used [0x00000000fc080000,0x00000000fc080000,0x00000000fc700000)
 ParOldGen       total 42496K, used 15208K [0x00000000c3400000, 0x00000000c5d80000, 0x00000000ebc00000)
  object space 42496K, 35% used [0x00000000c3400000,0x00000000c42da038,0x00000000c5d80000)
 Metaspace       used 20771K, capacity 21004K, committed 21248K, reserved 1069056K
  class space    used 2415K, capacity 2514K, committed 2560K, reserved 1048576K
}
Event: 43.592 GC heap before
{Heap before GC invocations=14 (full 1):
 PSYoungGen      total 168960K, used 704K [0x00000000ebc00000, 0x00000000fc700000, 0x0000000100000000)
  eden space 162304K, 0% used [0x00000000ebc00000,0x00000000ebc00000,0x00000000f5a80000)
  from space 6656K, 10% used [0x00000000f5a80000,0x00000000f5b30000,0x00000000f6100000)
  to   space 6656K, 0% used [0x00000000fc080000,0x00000000fc080000,0x00000000fc700000)
 ParOldGen       total 42496K, used 15208K [0x00000000c3400000, 0x00000000c5d80000, 0x00000000ebc00000)
  object space 42496K, 35% used [0x00000000c3400000,0x00000000c42da038,0x00000000c5d80000)
 Metaspace       used 20771K, capacity 21004K, committed 21248K, reserved 1069056K
  class space    used 2415K, capacity 2514K, committed 2560K, reserved 1048576K
Event: 43.675 GC heap after
Heap after GC invocations=14 (full 1):
 PSYoungGen      total 168960K, used 0K [0x00000000ebc00000, 0x00000000fc700000, 0x0000000100000000)
  eden space 162304K, 0% used [0x00000000ebc00000,0x00000000ebc00000,0x00000000f5a80000)
  from space 6656K, 0% used [0x00000000f5a80000,0x00000000f5a80000,0x00000000f6100000)
  to   space 6656K, 0% used [0x00000000fc080000,0x00000000fc080000,0x00000000fc700000)
 ParOldGen       total 30208K, used 9134K [0x00000000c3400000, 0x00000000c5180000, 0x00000000ebc00000)
  object space 30208K, 30% used [0x00000000c3400000,0x00000000c3ceb8d0,0x00000000c5180000)
 Metaspace       used 20771K, capacity 21004K, committed 21248K, reserved 1069056K
  class space    used 2415K, capacity 2514K, committed 2560K, reserved 1048576K
}

Deoptimization events (10 events):
Event: 47.513 Thread 0x00007fcaa86c2800 Uncommon trap: reason=class_check action=maybe_recompile pc=0x00007fca99045620 method=java.awt.geom.Path2D$Float.<init>(Ljava/awt/Shape;Ljava/awt/geom/AffineTransform;)V @ 69
Event: 47.520 Thread 0x00007fcaa86c2800 Uncommon trap: reason=bimorphic action=maybe_recompile pc=0x00007fca995f38d8 method=java.awt.geom.Path2D$Float.append(Ljava/awt/geom/PathIterator;Z)V @ 6
Event: 47.521 Thread 0x00007fcaa86c2800 Uncommon trap: reason=class_check action=maybe_recompile pc=0x00007fca99045620 method=java.awt.geom.Path2D$Float.<init>(Ljava/awt/Shape;Ljava/awt/geom/AffineTransform;)V @ 69
Event: 47.521 Thread 0x00007fcaa86c2800 Uncommon trap: reason=bimorphic action=maybe_recompile pc=0x00007fca995f38d8 method=java.awt.geom.Path2D$Float.append(Ljava/awt/geom/PathIterator;Z)V @ 6
Event: 47.521 Thread 0x00007fcaa86c2800 Uncommon trap: reason=class_check action=maybe_recompile pc=0x00007fca99045620 method=java.awt.geom.Path2D$Float.<init>(Ljava/awt/Shape;Ljava/awt/geom/AffineTransform;)V @ 69
Event: 47.521 Thread 0x00007fcaa86c2800 Uncommon trap: reason=bimorphic action=maybe_recompile pc=0x00007fca995f38d8 method=java.awt.geom.Path2D$Float.append(Ljava/awt/geom/PathIterator;Z)V @ 6
Event: 47.522 Thread 0x00007fcaa86c2800 Uncommon trap: reason=class_check action=maybe_recompile pc=0x00007fca99045620 method=java.awt.geom.Path2D$Float.<init>(Ljava/awt/Shape;Ljava/awt/geom/AffineTransform;)V @ 69
Event: 47.522 Thread 0x00007fcaa86c2800 Uncommon trap: reason=bimorphic action=maybe_recompile pc=0x00007fca995f38d8 method=java.awt.geom.Path2D$Float.append(Ljava/awt/geom/PathIterator;Z)V @ 6
Event: 47.525 Thread 0x00007fcaa86c2800 Uncommon trap: reason=unstable_if action=reinterpret pc=0x00007fca99626ad0 method=sun.java2d.xr.GrowableIntArray.getNextCellIndex()I @ 27
Event: 52.740 Thread 0x00007fcaa86c2800 Uncommon trap: reason=unstable_if action=reinterpret pc=0x00007fca99781630 method=java.awt.Container.findComponentAtImpl(IIZ)Ljava/awt/Component; @ 131

Internal exceptions (10 events):
Event: 47.105 Thread 0x00007fcaa86c2800 Exception <a 'java/security/PrivilegedActionException'> (0x00000000ed992960) thrown at [/build/openjdk-8-pZyJp3/openjdk-8-8u131-b11/src/hotspot/src/share/vm/prims/jvm.cpp, line 1390]
Event: 47.109 Thread 0x00007fcaa86c2800 Exception <a 'java/security/PrivilegedActionException'> (0x00000000ed9c82d0) thrown at [/build/openjdk-8-pZyJp3/openjdk-8-8u131-b11/src/hotspot/src/share/vm/prims/jvm.cpp, line 1390]
Event: 47.109 Thread 0x00007fcaa86c2800 Exception <a 'java/security/PrivilegedActionException'> (0x00000000ed9c88b0) thrown at [/build/openjdk-8-pZyJp3/openjdk-8-8u131-b11/src/hotspot/src/share/vm/prims/jvm.cpp, line 1390]
Event: 47.110 Thread 0x00007fcaa86c2800 Exception <a 'java/security/PrivilegedActionException'> (0x00000000ed9d52e8) thrown at [/build/openjdk-8-pZyJp3/openjdk-8-8u131-b11/src/hotspot/src/share/vm/prims/jvm.cpp, line 1390]
Event: 47.110 Thread 0x00007fcaa86c2800 Exception <a 'java/security/PrivilegedActionException'> (0x00000000ed9d58c8) thrown at [/build/openjdk-8-pZyJp3/openjdk-8-8u131-b11/src/hotspot/src/share/vm/prims/jvm.cpp, line 1390]
Event: 47.110 Thread 0x00007fcaa86c2800 Exception <a 'java/security/PrivilegedActionException'> (0x00000000ed9e3118) thrown at [/build/openjdk-8-pZyJp3/openjdk-8-8u131-b11/src/hotspot/src/share/vm/prims/jvm.cpp, line 1390]
Event: 47.110 Thread 0x00007fcaa86c2800 Exception <a 'java/security/PrivilegedActionException'> (0x00000000ed9e36f8) thrown at [/build/openjdk-8-pZyJp3/openjdk-8-8u131-b11/src/hotspot/src/share/vm/prims/jvm.cpp, line 1390]
Event: 47.110 Thread 0x00007fcaa86c2800 Exception <a 'java/security/PrivilegedActionException'> (0x00000000ed9f0b50) thrown at [/build/openjdk-8-pZyJp3/openjdk-8-8u131-b11/src/hotspot/src/share/vm/prims/jvm.cpp, line 1390]
Event: 47.110 Thread 0x00007fcaa86c2800 Exception <a 'java/security/PrivilegedActionException'> (0x00000000ed9f1130) thrown at [/build/openjdk-8-pZyJp3/openjdk-8-8u131-b11/src/hotspot/src/share/vm/prims/jvm.cpp, line 1390]
Event: 47.481 Thread 0x00007fcaa86c2800 Implicit null exception at 0x00007fca9965a595 to 0x00007fca9965af39

Events (10 events):
Event: 672.407 Thread 0x00007fcaa80b4800 flushing nmethod 0x00007fca99717a10
Event: 672.407 Thread 0x00007fcaa80b4800 flushing nmethod 0x00007fca9971c7d0
Event: 672.407 Thread 0x00007fcaa80b4800 flushing nmethod 0x00007fca9972bd90
Event: 672.408 Thread 0x00007fcaa80b4800 flushing nmethod 0x00007fca9977b690
Event: 982.865 Thread 0x00007fcaa80b4800 flushing nmethod 0x00007fca997b6450
Event: 982.865 Thread 0x00007fcaa80b4800 flushing nmethod 0x00007fca997e0190
Event: 982.865 Thread 0x00007fcaa80b4800 flushing nmethod 0x00007fca99807190
Event: 982.865 Thread 0x00007fcaa80b4800 flushing nmethod 0x00007fca99809810
Event: 982.865 Thread 0x00007fcaa80b4800 flushing nmethod 0x00007fca9982dc90
Event: 1047.338 loading class sun/misc/Signal$1


Dynamic libraries:
00400000-00401000 r-xp 00000000 08:09 5647188                            /usr/lib/jvm/java-8-openjdk-amd64/jre/bin/java
00600000-00601000 r--p 00000000 08:09 5647188                            /usr/lib/jvm/java-8-openjdk-amd64/jre/bin/java
00601000-00602000 rw-p 00001000 08:09 5647188                            /usr/lib/jvm/java-8-openjdk-amd64/jre/bin/java
01078000-01099000 rw-p 00000000 00:00 0                                  [heap]
c3400000-c5180000 rw-p 00000000 00:00 0 
c5180000-ebc00000 ---p 00000000 00:00 0 
ebc00000-fc700000 rw-p 00000000 00:00 0 
fc700000-100000000 ---p 00000000 00:00 0 
100000000-100320000 rw-p 00000000 00:00 0 
100320000-140000000 ---p 00000000 00:00 0 
7fca1c000000-7fca1c021000 rw-p 00000000 00:00 0 
7fca1c021000-7fca20000000 ---p 00000000 00:00 0 
7fca24000000-7fca24021000 rw-p 00000000 00:00 0 
7fca24021000-7fca28000000 ---p 00000000 00:00 0 
7fca28000000-7fca28021000 rw-p 00000000 00:00 0 
7fca28021000-7fca2c000000 ---p 00000000 00:00 0 
7fca2c000000-7fca2c021000 rw-p 00000000 00:00 0 
7fca2c021000-7fca30000000 ---p 00000000 00:00 0 
7fca30000000-7fca30021000 rw-p 00000000 00:00 0 
7fca30021000-7fca34000000 ---p 00000000 00:00 0 
7fca34000000-7fca34063000 rw-p 00000000 00:00 0 
7fca34063000-7fca38000000 ---p 00000000 00:00 0 
7fca38000000-7fca38021000 rw-p 00000000 00:00 0 
7fca38021000-7fca3c000000 ---p 00000000 00:00 0 
7fca3c000000-7fca3c03b000 rw-p 00000000 00:00 0 
7fca3c03b000-7fca40000000 ---p 00000000 00:00 0 
7fca40000000-7fca40021000 rw-p 00000000 00:00 0 
7fca40021000-7fca44000000 ---p 00000000 00:00 0 
7fca46ab3000-7fca46ab6000 ---p 00000000 00:00 0 
7fca46ab6000-7fca46bb4000 rw-p 00000000 00:00 0 
7fca46bb4000-7fca46bb7000 ---p 00000000 00:00 0 
7fca46bb7000-7fca46cb5000 rw-p 00000000 00:00 0 
7fca46cb5000-7fca46cb8000 ---p 00000000 00:00 0 
7fca46cb8000-7fca46f36000 rw-p 00000000 00:00 0 
7fca46f36000-7fca46fb6000 ---p 00000000 00:00 0 
7fca46fb6000-7fca471b6000 rw-p 00000000 00:00 0 
7fca471b6000-7fca471cd000 r-xp 00000000 08:09 3287551                    /lib/x86_64-linux-gnu/libresolv-2.23.so
7fca471cd000-7fca473cd000 ---p 00017000 08:09 3287551                    /lib/x86_64-linux-gnu/libresolv-2.23.so
7fca473cd000-7fca473ce000 r--p 00017000 08:09 3287551                    /lib/x86_64-linux-gnu/libresolv-2.23.so
7fca473ce000-7fca473cf000 rw-p 00018000 08:09 3287551                    /lib/x86_64-linux-gnu/libresolv-2.23.so
7fca473cf000-7fca475d1000 rw-p 00000000 00:00 0 
7fca475d1000-7fca475d4000 ---p 00000000 00:00 0 
7fca475d4000-7fca476d2000 rw-p 00000000 00:00 0 
7fca476d2000-7fca476d5000 ---p 00000000 00:00 0 
7fca476d5000-7fca479d3000 rw-p 00000000 00:00 0 
7fca479d3000-7fca479fb000 r-xp 00000000 08:09 5646755                    /usr/lib/jvm/java-8-openjdk-amd64/jre/lib/amd64/libsunec.so
7fca479fb000-7fca47bfb000 ---p 00028000 08:09 5646755                    /usr/lib/jvm/java-8-openjdk-amd64/jre/lib/amd64/libsunec.so
7fca47bfb000-7fca47bff000 r--p 00028000 08:09 5646755                    /usr/lib/jvm/java-8-openjdk-amd64/jre/lib/amd64/libsunec.so
7fca47bff000-7fca47c00000 rw-p 0002c000 08:09 5646755                    /usr/lib/jvm/java-8-openjdk-amd64/jre/lib/amd64/libsunec.so
7fca47c00000-7fca47e00000 rw-p 00000000 00:00 0 
7fca47e00000-7fca48000000 rw-p 00000000 00:00 0 
7fca48000000-7fca484d8000 rw-p 00000000 00:00 0 
7fca484d8000-7fca4c000000 ---p 00000000 00:00 0 
7fca4c000000-7fca4c0ab000 rw-p 00000000 00:00 0 
7fca4c0ab000-7fca50000000 ---p 00000000 00:00 0 
7fca50000000-7fca50021000 rw-p 00000000 00:00 0 
7fca50021000-7fca54000000 ---p 00000000 00:00 0 
7fca54000000-7fca54021000 rw-p 00000000 00:00 0 
7fca54021000-7fca58000000 ---p 00000000 00:00 0 
7fca58000000-7fca58021000 rw-p 00000000 00:00 0 
7fca58021000-7fca5c000000 ---p 00000000 00:00 0 
7fca5c000000-7fca5c021000 rw-p 00000000 00:00 0 
7fca5c021000-7fca60000000 ---p 00000000 00:00 0 
7fca60000000-7fca606d4000 rw-p 00000000 00:00 0 
7fca606d4000-7fca64000000 ---p 00000000 00:00 0 
7fca64000000-7fca64021000 rw-p 00000000 00:00 0 
7fca64021000-7fca68000000 ---p 00000000 00:00 0 
7fca68000000-7fca694e9000 rw-p 00000000 00:00 0 
7fca694e9000-7fca6c000000 ---p 00000000 00:00 0 
7fca6c0d5000-7fca6c0d8000 ---p 00000000 00:00 0 
7fca6c0d8000-7fca6c1d6000 rw-p 00000000 00:00 0 
7fca6c1d6000-7fca6c1e1000 r--s 00000000 08:09 1324303                    /var/cache/fontconfig/945677eb7aeaf62f1d50efc3fb3ec7d8-le64.cache-6
7fca6c1e1000-7fca6c1e7000 r--s 00000000 08:09 1328860                    /var/cache/fontconfig/2cd17615ca594fa2959ae173292e504c-le64.cache-6
7fca6c1e7000-7fca6c1e8000 r--s 00000000 08:09 1328859                    /var/cache/fontconfig/0d8c3b2ac0904cb8a57a757ad11a4a08-le64.cache-6
7fca6c1e8000-7fca6c1fd000 r--s 00000000 08:09 1328858                    /var/cache/fontconfig/04aabc0a78ac019cf9454389977116d2-le64.cache-6
7fca6c1fd000-7fca6c1fe000 r--s 00000000 08:09 1328857                    /var/cache/fontconfig/1ac9eb803944fde146138c791f5cc56a-le64.cache-6
7fca6c1fe000-7fca6c202000 r--s 00000000 08:09 1328856                    /var/cache/fontconfig/385c0604a188198f04d133e54aba7fe7-le64.cache-6
7fca6c202000-7fca6c203000 r--s 00000000 08:09 1328855                    /var/cache/fontconfig/dc05db6664285cc2f12bf69c139ae4c3-le64.cache-6
7fca6c203000-7fca6c206000 r--s 00000000 08:09 1328854                    /var/cache/fontconfig/767a8244fc0220cfb567a839d0392e0b-le64.cache-6
7fca6c206000-7fca6c207000 r--s 00000000 08:09 1311378                    /var/cache/fontconfig/4794a0821666d79190d59a36cb4f44b5-le64.cache-6
7fca6c207000-7fca6c20c000 r--s 00000000 08:09 1328852                    /var/cache/fontconfig/8801497958630a81b71ace7c5f9b32a8-le64.cache-6
7fca6c20c000-7fca6c213000 r--s 00000000 08:09 1328850                    /var/cache/fontconfig/3047814df9a2f067bd2d96a2b9c36e5a-le64.cache-6
7fca6c213000-7fca6c226000 r--s 00000000 08:09 1328846                    /var/cache/fontconfig/d52a8644073d54c13679302ca1180695-le64.cache-6
7fca6c226000-7fca6c231000 r--s 00000000 08:09 1323802                    /var/cache/fontconfig/d589a48862398ed80a3d6066f4f56f4c-le64.cache-6
7fca6c231000-7fca6c23c000 r--s 00000000 08:09 1328839                    /var/cache/fontconfig/83bf95040141907cd45bb53cf7c1c148-le64.cache-6
7fca6c271000-7fca6c275000 rw-s 00000000 00:05 5111824                    /SYSV00000000 (deleted)
7fca6c275000-7fca6c278000 r--s 00015000 08:09 5647175                    /usr/lib/jvm/java-8-openjdk-amd64/jre/lib/jce.jar
7fca6c278000-7fca6c27d000 r--s 0009a000 08:09 5646723                    /usr/lib/jvm/java-8-openjdk-amd64/jre/lib/jsse.jar
7fca6c27d000-7fca6c280000 ---p 00000000 00:00 0 
7fca6c280000-7fca6c37e000 rw-p 00000000 00:00 0 
7fca6c381000-7fca6c384000 ---p 00000000 00:00 0 
7fca6c384000-7fca6c482000 rw-p 00000000 00:00 0 
7fca6c482000-7fca6c487000 r-xp 00000000 08:09 3287482                    /lib/x86_64-linux-gnu/libnss_dns-2.23.so
7fca6c487000-7fca6c687000 ---p 00005000 08:09 3287482                    /lib/x86_64-linux-gnu/libnss_dns-2.23.so
7fca6c687000-7fca6c688000 r--p 00005000 08:09 3287482                    /lib/x86_64-linux-gnu/libnss_dns-2.23.so
7fca6c688000-7fca6c689000 rw-p 00006000 08:09 3287482                    /lib/x86_64-linux-gnu/libnss_dns-2.23.so
7fca6c6a8000-7fca6c6ba000 r--s 00000000 08:09 1312525                    /var/cache/fontconfig/9b89f8e3dae116d678bbf48e5f21f69b-le64.cache-6
7fca6c6ba000-7fca6c6c7000 r--s 00000000 08:09 1322288                    /var/cache/fontconfig/e13b20fdb08344e0e664864cc2ede53d-le64.cache-6
7fca6c6c7000-7fca6c6ca000 ---p 00000000 00:00 0 
7fca6c6ca000-7fca6c9c8000 rw-p 00000000 00:00 0 
7fca6c9c8000-7fca6c9d9000 r-xp 00000000 08:09 5646729                    /usr/lib/jvm/java-8-openjdk-amd64/jre/lib/amd64/libnio.so
7fca6c9d9000-7fca6cbd9000 ---p 00011000 08:09 5646729                    /usr/lib/jvm/java-8-openjdk-amd64/jre/lib/amd64/libnio.so
7fca6cbd9000-7fca6cbda000 r--p 00011000 08:09 5646729                    /usr/lib/jvm/java-8-openjdk-amd64/jre/lib/amd64/libnio.so
7fca6cbda000-7fca6cbdb000 rw-p 00012000 08:09 5646729                    /usr/lib/jvm/java-8-openjdk-amd64/jre/lib/amd64/libnio.so
7fca6cbdb000-7fca6cedc000 rw-p 00000000 00:00 0 
7fca6cedc000-7fca6cef3000 r-xp 00000000 08:09 5646769                    /usr/lib/jvm/java-8-openjdk-amd64/jre/lib/amd64/libnet.so
7fca6cef3000-7fca6d0f2000 ---p 00017000 08:09 5646769                    /usr/lib/jvm/java-8-openjdk-amd64/jre/lib/amd64/libnet.so
7fca6d0f2000-7fca6d0f3000 r--p 00016000 08:09 5646769                    /usr/lib/jvm/java-8-openjdk-amd64/jre/lib/amd64/libnet.so
7fca6d0f3000-7fca6d0f4000 rw-p 00017000 08:09 5646769                    /usr/lib/jvm/java-8-openjdk-amd64/jre/lib/amd64/libnet.so
7fca6d0f4000-7fca6d2f4000 rw-p 00000000 00:00 0 
7fca6d2f4000-7fca6d2f7000 ---p 00000000 00:00 0 
7fca6d2f7000-7fca6d3f5000 rw-p 00000000 00:00 0 
7fca6d3f5000-7fca6d3f8000 ---p 00000000 00:00 0 
7fca6d3f8000-7fca6d4f6000 rw-p 00000000 00:00 0 
7fca6d4f6000-7fca6d4f9000 ---p 00000000 00:00 0 
7fca6d4f9000-7fca6d5f7000 rw-p 00000000 00:00 0 
7fca6d5f7000-7fca6d5fa000 ---p 00000000 00:00 0 
7fca6d5fa000-7fca6d6f8000 rw-p 00000000 00:00 0 
7fca6d6f8000-7fca6d6fd000 r-xp 00000000 08:09 5513678                    /usr/lib/x86_64-linux-gnu/libXfixes.so.3.1.0
7fca6d6fd000-7fca6d8fc000 ---p 00005000 08:09 5513678                    /usr/lib/x86_64-linux-gnu/libXfixes.so.3.1.0
7fca6d8fc000-7fca6d8fd000 r--p 00004000 08:09 5513678                    /usr/lib/x86_64-linux-gnu/libXfixes.so.3.1.0
7fca6d8fd000-7fca6d8fe000 rw-p 00005000 08:09 5513678                    /usr/lib/x86_64-linux-gnu/libXfixes.so.3.1.0
7fca6d8fe000-7fca6d907000 r-xp 00000000 08:09 5513670                    /usr/lib/x86_64-linux-gnu/libXcursor.so.1.0.2
7fca6d907000-7fca6db06000 ---p 00009000 08:09 5513670                    /usr/lib/x86_64-linux-gnu/libXcursor.so.1.0.2
7fca6db06000-7fca6db07000 r--p 00008000 08:09 5513670                    /usr/lib/x86_64-linux-gnu/libXcursor.so.1.0.2
7fca6db07000-7fca6db08000 rw-p 00009000 08:09 5513670                    /usr/lib/x86_64-linux-gnu/libXcursor.so.1.0.2
7fca6db08000-7fca6db0b000 ---p 00000000 00:00 0 
7fca6db0b000-7fca6dc09000 rw-p 00000000 00:00 0 
7fca6dc09000-7fca6dc2d000 r-xp 00000000 08:09 3281669                    /lib/x86_64-linux-gnu/libpng12.so.0.54.0
7fca6dc2d000-7fca6de2c000 ---p 00024000 08:09 3281669                    /lib/x86_64-linux-gnu/libpng12.so.0.54.0
7fca6de2c000-7fca6de2d000 r--p 00023000 08:09 3281669                    /lib/x86_64-linux-gnu/libpng12.so.0.54.0
7fca6de2d000-7fca6de2e000 rw-p 00024000 08:09 3281669                    /lib/x86_64-linux-gnu/libpng12.so.0.54.0
7fca6de2e000-7fca6ded2000 r-xp 00000000 08:09 5510894                    /usr/lib/x86_64-linux-gnu/libfreetype.so.6.12.1
7fca6ded2000-7fca6e0d1000 ---p 000a4000 08:09 5510894                    /usr/lib/x86_64-linux-gnu/libfreetype.so.6.12.1
7fca6e0d1000-7fca6e0d7000 r--p 000a3000 08:09 5510894                    /usr/lib/x86_64-linux-gnu/libfreetype.so.6.12.1
7fca6e0d7000-7fca6e0d8000 rw-p 000a9000 08:09 5510894                    /usr/lib/x86_64-linux-gnu/libfreetype.so.6.12.1
7fca6e0d8000-7fca6e0d9000 r--s 00000000 08:09 1328851                    /var/cache/fontconfig/bab58bb527bb656aaa9f116d68a48d89-le64.cache-6
7fca6e0d9000-7fca6e0df000 r--s 00000000 08:09 1328847                    /var/cache/fontconfig/b47c4e1ecd0709278f4910c18777a504-le64.cache-6
7fca6e0f7000-7fca6e149000 r-xp 00000000 08:09 5646727                    /usr/lib/jvm/java-8-openjdk-amd64/jre/lib/amd64/libfontmanager.so
7fca6e149000-7fca6e349000 ---p 00052000 08:09 5646727                    /usr/lib/jvm/java-8-openjdk-amd64/jre/lib/amd64/libfontmanager.so
7fca6e349000-7fca6e34b000 r--p 00052000 08:09 5646727                    /usr/lib/jvm/java-8-openjdk-amd64/jre/lib/amd64/libfontmanager.so
7fca6e34b000-7fca6e34c000 rw-p 00054000 08:09 5646727                    /usr/lib/jvm/java-8-openjdk-amd64/jre/lib/amd64/libfontmanager.so
7fca6e34c000-7fca6e351000 r-xp 00000000 08:09 5513674                    /usr/lib/x86_64-linux-gnu/libXdmcp.so.6.0.0
7fca6e351000-7fca6e550000 ---p 00005000 08:09 5513674                    /usr/lib/x86_64-linux-gnu/libXdmcp.so.6.0.0
7fca6e550000-7fca6e551000 r--p 00004000 08:09 5513674                    /usr/lib/x86_64-linux-gnu/libXdmcp.so.6.0.0
7fca6e551000-7fca6e552000 rw-p 00005000 08:09 5513674                    /usr/lib/x86_64-linux-gnu/libXdmcp.so.6.0.0
7fca6e552000-7fca6e554000 r-xp 00000000 08:09 5513663                    /usr/lib/x86_64-linux-gnu/libXau.so.6.0.0
7fca6e554000-7fca6e754000 ---p 00002000 08:09 5513663                    /usr/lib/x86_64-linux-gnu/libXau.so.6.0.0
7fca6e754000-7fca6e755000 r--p 00002000 08:09 5513663                    /usr/lib/x86_64-linux-gnu/libXau.so.6.0.0
7fca6e755000-7fca6e756000 rw-p 00003000 08:09 5513663                    /usr/lib/x86_64-linux-gnu/libXau.so.6.0.0
7fca6e756000-7fca6e777000 r-xp 00000000 08:09 5515041                    /usr/lib/x86_64-linux-gnu/libxcb.so.1.1.0
7fca6e777000-7fca6e976000 ---p 00021000 08:09 5515041                    /usr/lib/x86_64-linux-gnu/libxcb.so.1.1.0
7fca6e976000-7fca6e977000 r--p 00020000 08:09 5515041                    /usr/lib/x86_64-linux-gnu/libxcb.so.1.1.0
7fca6e977000-7fca6e978000 rw-p 00021000 08:09 5515041                    /usr/lib/x86_64-linux-gnu/libxcb.so.1.1.0
7fca6e978000-7fca6e987000 r-xp 00000000 08:09 5513684                    /usr/lib/x86_64-linux-gnu/libXi.so.6.1.0
7fca6e987000-7fca6eb86000 ---p 0000f000 08:09 5513684                    /usr/lib/x86_64-linux-gnu/libXi.so.6.1.0
7fca6eb86000-7fca6eb87000 r--p 0000e000 08:09 5513684                    /usr/lib/x86_64-linux-gnu/libXi.so.6.1.0
7fca6eb87000-7fca6eb88000 rw-p 0000f000 08:09 5513684                    /usr/lib/x86_64-linux-gnu/libXi.so.6.1.0
7fca6eb88000-7fca6eb8d000 r-xp 00000000 08:09 5513702                    /usr/lib/x86_64-linux-gnu/libXtst.so.6.1.0
7fca6eb8d000-7fca6ed8c000 ---p 00005000 08:09 5513702                    /usr/lib/x86_64-linux-gnu/libXtst.so.6.1.0
7fca6ed8c000-7fca6ed8d000 r--p 00004000 08:09 5513702                    /usr/lib/x86_64-linux-gnu/libXtst.so.6.1.0
7fca6ed8d000-7fca6ed8e000 rw-p 00005000 08:09 5513702                    /usr/lib/x86_64-linux-gnu/libXtst.so.6.1.0
7fca6ed8e000-7fca6ed97000 r-xp 00000000 08:09 5513696                    /usr/lib/x86_64-linux-gnu/libXrender.so.1.3.0
7fca6ed97000-7fca6ef96000 ---p 00009000 08:09 5513696                    /usr/lib/x86_64-linux-gnu/libXrender.so.1.3.0
7fca6ef96000-7fca6ef97000 r--p 00008000 08:09 5513696                    /usr/lib/x86_64-linux-gnu/libXrender.so.1.3.0
7fca6ef97000-7fca6ef98000 rw-p 00009000 08:09 5513696                    /usr/lib/x86_64-linux-gnu/libXrender.so.1.3.0
7fca6ef98000-7fca6f0cd000 r-xp 00000000 08:09 5513659                    /usr/lib/x86_64-linux-gnu/libX11.so.6.3.0
7fca6f0cd000-7fca6f2cd000 ---p 00135000 08:09 5513659                    /usr/lib/x86_64-linux-gnu/libX11.so.6.3.0
7fca6f2cd000-7fca6f2ce000 r--p 00135000 08:09 5513659                    /usr/lib/x86_64-linux-gnu/libX11.so.6.3.0
7fca6f2ce000-7fca6f2d2000 rw-p 00136000 08:09 5513659                    /usr/lib/x86_64-linux-gnu/libX11.so.6.3.0
7fca6f2d2000-7fca6f2e3000 r-xp 00000000 08:09 5513676                    /usr/lib/x86_64-linux-gnu/libXext.so.6.4.0
7fca6f2e3000-7fca6f4e2000 ---p 00011000 08:09 5513676                    /usr/lib/x86_64-linux-gnu/libXext.so.6.4.0
7fca6f4e2000-7fca6f4e3000 r--p 00010000 08:09 5513676                    /usr/lib/x86_64-linux-gnu/libXext.so.6.4.0
7fca6f4e3000-7fca6f4e4000 rw-p 00011000 08:09 5513676                    /usr/lib/x86_64-linux-gnu/libXext.so.6.4.0
7fca6f4e4000-7fca6f4e5000 r--s 00000000 08:09 1328849                    /var/cache/fontconfig/56cf4f4769d0f4abc89a4895d7bd3ae1-le64.cache-6
7fca6f4e5000-7fca6f4e6000 r--s 00000000 08:09 1328848                    /var/cache/fontconfig/b9d506c9ac06c20b433354fa67a72993-le64.cache-6
7fca6f4e6000-7fca6f4e7000 r--s 00000000 08:09 1328845                    /var/cache/fontconfig/551ecf3b0e8b0bca0f25c0944f561853-le64.cache-6
7fca6f4e7000-7fca6f4e8000 r--s 00000000 08:09 1328843                    /var/cache/fontconfig/30829fa25452a46451e813d634d7f916-le64.cache-6
7fca6f4e8000-7fca6f4e9000 r--s 00000000 08:09 1328842                    /var/cache/fontconfig/0c9eb80ebd1c36541ebe2852d3bb0c49-le64.cache-6
7fca6f4e9000-7fca6f4ec000 r--s 00000000 08:09 1328840                    /var/cache/fontconfig/75114ca45c98e8a441da0ff356701271-le64.cache-6
7fca6f4ec000-7fca6f4f0000 r--s 00000000 08:09 1311391                    /var/cache/fontconfig/7ef2298fde41cc6eeb7af42e48b7d293-le64.cache-6
7fca6f4f0000-7fca6f503000 r--s 00346000 08:09 5646801                    /usr/lib/jvm/java-8-openjdk-amd64/jre/lib/resources.jar
7fca6f503000-7fca6f557000 r-xp 00000000 08:09 5646783                    /usr/lib/jvm/java-8-openjdk-amd64/jre/lib/amd64/libawt_xawt.so
7fca6f557000-7fca6f757000 ---p 00054000 08:09 5646783                    /usr/lib/jvm/java-8-openjdk-amd64/jre/lib/amd64/libawt_xawt.so
7fca6f757000-7fca6f758000 r--p 00054000 08:09 5646783                    /usr/lib/jvm/java-8-openjdk-amd64/jre/lib/amd64/libawt_xawt.so
7fca6f758000-7fca6f75b000 rw-p 00055000 08:09 5646783                    /usr/lib/jvm/java-8-openjdk-amd64/jre/lib/amd64/libawt_xawt.so
7fca6f75b000-7fca6f75c000 rw-p 00000000 00:00 0 
7fca6f75c000-7fca6f7fc000 r-xp 00000000 08:09 5646771                    /usr/lib/jvm/java-8-openjdk-amd64/jre/lib/amd64/libawt.so
7fca6f7fc000-7fca6f9fc000 ---p 000a0000 08:09 5646771                    /usr/lib/jvm/java-8-openjdk-amd64/jre/lib/amd64/libawt.so
7fca6f9fc000-7fca6f9fd000 r--p 000a0000 08:09 5646771                    /usr/lib/jvm/java-8-openjdk-amd64/jre/lib/amd64/libawt.so
7fca6f9fd000-7fca6fa08000 rw-p 000a1000 08:09 5646771                    /usr/lib/jvm/java-8-openjdk-amd64/jre/lib/amd64/libawt.so
7fca6fa08000-7fca6fa2d000 rw-p 00000000 00:00 0 
7fca6fa2d000-7fca6fa2f000 r--s 00011000 08:09 4860596                    /home/chhavi/.m2/repository/org/hamcrest/hamcrest-core/1.1/hamcrest-core-1.1.jar
7fca6fa2f000-7fca6fa36000 r--s 00037000 08:09 2368863                    /home/chhavi/.m2/repository/junit/junit/4.10/junit-4.10.jar
7fca6fa36000-7fca6fa37000 r--s 00005000 08:09 4860594                    /home/chhavi/.m2/repository/com/googlecode/json-simple/json-simple/1.1.1/json-simple-1.1.1.jar
7fca6fa37000-7fca6fa38000 r--s 00000000 08:09 3426250                    /home/chhavi/Documents/Jars/freetts-1.2.2-bin/freetts-1.2/bin/Client.jar
7fca6fa38000-7fca6fa39000 r--s 00001000 08:09 3426251                    /home/chhavi/Documents/Jars/freetts-1.2.2-bin/freetts-1.2/bin/EmacspeakServer.jar
7fca6fa39000-7fca6fa3a000 r--s 00000000 08:09 3426253                    /home/chhavi/Documents/Jars/freetts-1.2.2-bin/freetts-1.2/bin/FreeTTSHelloWorld.jar
7fca6fa3a000-7fca6fa3b000 r--s 00000000 08:09 3426254                    /home/chhavi/Documents/Jars/freetts-1.2.2-bin/freetts-1.2/bin/HelloWorld.jar
7fca6fa3b000-7fca6fa3c000 r--s 00009000 08:09 3426257                    /home/chhavi/Documents/Jars/freetts-1.2.2-bin/freetts-1.2/bin/Player.jar
7fca6fa3c000-7fca6fa3d000 r--s 00001000 08:09 3426255                    /home/chhavi/Documents/Jars/freetts-1.2.2-bin/freetts-1.2/bin/JTime.jar
7fca6fa3d000-7fca6fa3e000 r--s 00001000 08:09 3426256                    /home/chhavi/Documents/Jars/freetts-1.2.2-bin/freetts-1.2/bin/MixedVoices.jar
7fca6fa3e000-7fca6fa40000 r--s 00001000 08:09 3426252                    /home/chhavi/Documents/Jars/freetts-1.2.2-bin/freetts-1.2/bin/FreeTTSEmacspeakServer.jar
7fca6fa40000-7fca6fa41000 r--s 00002000 08:09 3426259                    /home/chhavi/Documents/Jars/freetts-1.2.2-bin/freetts-1.2/bin/WebStartClock.jar
7fca6fa41000-7fca6fa42000 r--s 00001000 08:09 3426258                    /home/chhavi/Documents/Jars/freetts-1.2.2-bin/freetts-1.2/bin/Server.jar
7fca6fa42000-7fca6fa43000 r--s 001a4000 08:09 3426566                    /home/chhavi/Documents/Jars/freetts-1.2.2-bin/freetts-1.2/lib/cmu_time_awb.jar
7fca6fa43000-7fca6fa44000 r--s 00000000 08:09 3426570                    /home/chhavi/Documents/Jars/freetts-1.2.2-bin/freetts-1.2/lib/cmutimelex.jar
7fca6fa44000-7fca6fa46000 r--s 004ab000 08:09 3426567                    /home/chhavi/Documents/Jars/freetts-1.2.2-bin/freetts-1.2/lib/cmu_us_kal.jar
7fca6fa46000-7fca6fa47000 r--s 00092000 08:09 3426569                    /home/chhavi/Documents/Jars/freetts-1.2.2-bin/freetts-1.2/lib/cmulex.jar
7fca6fa47000-7fca6fa48000 r--s 00002000 08:09 3426576                    /home/chhavi/Documents/Jars/freetts-1.2.2-bin/freetts-1.2/lib/mbrola.jar
7fca6fa48000-7fca6fa4b000 r--s 00030000 08:09 3426573                    /home/chhavi/Documents/Jars/freetts-1.2.2-bin/freetts-1.2/lib/freetts.jar
7fca6fa4b000-7fca6fa4e000 r--s 000d1000 08:09 3426571                    /home/chhavi/Documents/Jars/freetts-1.2.2-bin/freetts-1.2/lib/en_us.jar
7fca6fa4e000-7fca6fa4f000 r--s 000da000 08:09 3426568                    /home/chhavi/Documents/Jars/freetts-1.2.2-bin/freetts-1.2/lib/cmudict04.jar
7fca6fa4f000-7fca6fa51000 r--s 0000c000 08:09 3426572                    /home/chhavi/Documents/Jars/freetts-1.2.2-bin/freetts-1.2/lib/freetts-jsapi10.jar
7fca6fa51000-7fca6fa52000 r--s 00002000 08:09 3426580                    /home/chhavi/Documents/Jars/freetts-1.2.2-bin/freetts-1.2/mbrola/mbrola.jar
7fca6fa52000-7fca6fa65000 r--s 001bb000 08:09 828239                     /home/chhavi/Documents/Jars/itextpdf-5.4.0.jar
7fca6fa65000-7fca6fa6a000 r--s 002f9000 08:09 5646809                    /usr/lib/jvm/java-8-openjdk-amd64/jre/lib/charsets.jar
7fca6fa6a000-7fca6fa78000 r--s 000ca000 08:09 823736                     /home/chhavi/Documents/Jars/icepdf-viewer-6.1.2.jar
7fca6fa78000-7fca6fad6000 r--s 009c4000 08:09 807608                     /home/chhavi/Documents/Jars/pdfbox-app-1.8.13.jar
7fca6fad6000-7fca6fae3000 r--s 0014e000 08:09 805556                     /home/chhavi/Documents/Jars/icepdf-core-6.1.2.jar
7fca6fae3000-7fca6fae6000 r--s 0002b000 08:09 1705468                    /home/chhavi/Downloads/3.0.4 jars/spring-security-config-3.0.4.RELEASE.jar
7fca6fae6000-7fca6faf0000 r--s 00042000 08:09 1705469                    /home/chhavi/Downloads/3.0.4 jars/spring-security-core-3.0.4.RELEASE.jar
7fca6faf0000-7fca6faf1000 r--s 00004000 08:09 1705470                    /home/chhavi/Downloads/3.0.4 jars/spring-security-taglibs-3.0.4.RELEASE.jar
7fca6faf1000-7fca6faf8000 r--s 00034000 08:09 1705467                    /home/chhavi/Downloads/3.0.4 jars/spring-security-web-3.0.4.RELEASE.jar
7fca6faf8000-7fca6fafc000 r--s 00027000 08:09 1705398                    /home/chhavi/Downloads/3.0.4 jars/spring-webmvc-portlet-3.0.4.RELEASE.jar
7fca6fafc000-7fca6fb01000 r--s 0002e000 08:09 1705397                    /home/chhavi/Downloads/3.0.4 jars/spring-test-3.0.4.release-sources.jar
7fca6fb01000-7fca6fb03000 r--s 0000d000 08:09 1705396                    /home/chhavi/Downloads/3.0.4 jars/spring-oxm-3.0.4.RELEASE.jar
7fca6fb03000-7fca6fb0b000 r--s 0004a000 08:09 1705395                    /home/chhavi/Downloads/3.0.4 jars/spring-orm-3.0.4.RELEASE.jar
7fca6fb0b000-7fca6fb10000 r--s 00029000 08:09 1705394                    /home/chhavi/Downloads/3.0.4 jars/spring-jms-3.0.4.RELEASE.jar
7fca6fb10000-7fca6fb19000 r--s 00054000 08:09 1705393                    /home/chhavi/Downloads/3.0.4 jars/spring-jdbc-3.0.4.RELEASE.jar
7fca6fb19000-7fca6fb1a000 r--s 00001000 08:09 1705379                    /home/chhavi/Downloads/3.0.4 jars/spring-instrument-tomcat-3.0.4.RELEASE.jar
7fca6fb1a000-7fca6fb1b000 r--s 00000000 08:09 1705380                    /home/chhavi/Downloads/3.0.4 jars/spring-instrument-3.0.4.RELEASE.jar
7fca6fb1b000-7fca6fb1e000 r--s 00016000 08:09 1705392                    /home/chhavi/Downloads/3.0.4 jars/spring-context-support-3.0.4.RELEASE.jar
7fca6fb1e000-7fca6fb20000 r--s 00006000 08:09 1705391                    /home/chhavi/Downloads/3.0.4 jars/spring-aspects-3.0.4.RELEASE.jar
7fca6fb20000-7fca6fb21000 r--s 0000c000 08:09 1705374                    /home/chhavi/Downloads/3.0.4 jars/spring-asm-3.0.4.RELEASE.jar
7fca6fb21000-7fca6fb23000 r--s 00006000 08:09 1705390                    /home/chhavi/Downloads/3.0.4 jars/org.springframework.web.struts-3.0.4.RELEASE.jar
7fca6fb23000-7fca6fb2a000 r--s 00032000 08:09 1705389                    /home/chhavi/Downloads/3.0.4 jars/org.springframework.transaction-3.0.4.release.jar
7fca6fb2a000-7fca6fb2e000 r--s 00025000 08:09 1705375                    /home/chhavi/Downloads/3.0.4 jars/spring-expression-3.0.4.RELEASE.jar
7fca6fb2e000-7fca6fb38000 r--s 00057000 08:09 1705363                    /home/chhavi/Downloads/spring-web-3.0.4.RELEASE.jar
7fca6fb38000-7fca6fb41000 r--s 00051000 08:09 1705373                    /home/chhavi/Downloads/3.0.4 jars/spring-core-3.0.4.RELEASE.jar
7fca6fb41000-7fca6fb52000 r--s 00092000 08:09 1705372                    /home/chhavi/Downloads/3.0.4 jars/org.springframework.context-3.0.4.RELEASE.jar
7fca6fb52000-7fca6fb5d000 r--s 0007d000 08:09 1705371                    /home/chhavi/Downloads/3.0.4 jars/org.springframework.beans-3.0.4.RELEASE.jar
7fca6fb5d000-7fca6fb66000 r--s 00046000 08:09 1705370                    /home/chhavi/Downloads/3.0.4 jars/org.springframework.aop-3.0.4.release.jar
7fca6fb66000-7fca6fb68000 r--s 00007000 08:09 4590168                    /home/chhavi/Downloads/hibernate-validator-5.4.0.Final/dist/hibernate-validator-cdi-5.4.0.Final.jar
7fca6fb68000-7fca6fb6c000 r--s 0001b000 08:09 4590169                    /home/chhavi/Downloads/hibernate-validator-5.4.0.Final/dist/hibernate-validator-annotation-processor-5.4.0.Final.jar
7fca6fb6c000-7fca6fb7e000 r--s 000a7000 08:09 4590167                    /home/chhavi/Downloads/hibernate-validator-5.4.0.Final/dist/hibernate-validator-5.4.0.Final.jar
7fca6fb7e000-7fca6fb82000 r--s 0000c000 08:09 4590170                    /home/chhavi/Downloads/hibernate-validator-5.4.0.Final/dist/lib/required/validation-api-1.1.0.Final.jar
7fca6fb82000-7fca6fb84000 r--s 0000f000 08:09 4590171                    /home/chhavi/Downloads/hibernate-validator-5.4.0.Final/dist/lib/required/jboss-logging-3.3.0.Final.jar
7fca6fb84000-7fca6fb89000 r--s 00036000 08:09 4590173                    /home/chhavi/Downloads/hibernate-validator-5.4.0.Final/dist/lib/required/javax.el-3.0.1-b08.jar
7fca6fb89000-7fca6fb8b000 r--s 0000e000 08:09 4590172                    /home/chhavi/Downloads/hibernate-validator-5.4.0.Final/dist/lib/required/classmate-1.3.1.jar
7fca6fb8b000-7fca6fb94000 r--s 0005d000 08:09 1705364                    /home/chhavi/Downloads/org.springframework.web.servlet-3.0.4.RELEASE.jar
7fca6fb94000-7fca6fb97000 r--s 00015000 08:09 4199336                    /home/chhavi/Downloads/jars/xmlunit-1.2.jar
7fca6fb97000-7fca6fb99000 r--s 00015000 08:09 4199326                    /home/chhavi/Downloads/jars/xapool.jar
7fca6fb99000-7fca6fba0000 r--s 00079000 08:09 4199335                    /home/chhavi/Downloads/jars/wstx-asl-3.2.7.jar
7fca6fba0000-7fca6fba4000 r--s 00014000 08:09 4199305                    /home/chhavi/Downloads/jars/spring-javaconfig.jar
7fca6fba4000-7fca6fba9000 r--s 0000d000 08:09 4199320                    /home/chhavi/Downloads/jars/persistence.jar
7fca6fba9000-7fca6fbb0000 r--s 0002b000 08:09 4199304                    /home/chhavi/Downloads/jars/org.springframework.config.java-1.0.0.M4.jar
7fca6fbb0000-7fca6fbb3000 r--s 0001c000 08:09 4199325                    /home/chhavi/Downloads/jars/jotm.jar
7fca6fbb3000-7fca6fbb5000 r--s 00017000 08:09 4199296                    /home/chhavi/Downloads/jars/jmxtools-1.2.1.jar
7fca6fbb5000-7fca6fbbc000 r--s 00053000 08:09 4199315                    /home/chhavi/Downloads/jars/jmxri.jar
7fca6fbbc000-7fca6fbc1000 r--s 0002e000 08:09 4199314                    /home/chhavi/Downloads/jars/jmxremote_optional.jar
7fca6fbc1000-7fca6fbc5000 r--s 00027000 08:09 4199313                    /home/chhavi/Downloads/jars/jmxremote.jar
7fca6fbc5000-7fca6fbc8000 r--s 00022000 08:09 4199312                    /home/chhavi/Downloads/jars/jamon-2.7.jar
7fca6fbc8000-7fca6fbc9000 r--s 00008000 08:09 4199333                    /home/chhavi/Downloads/jars/easymock.jar
7fca6fbc9000-7fca6fbcb000 r--s 0001c000 08:09 4199324                    /home/chhavi/Downloads/jars/commons-dbcp.jar
7fca6fbcb000-7fca6fbd9000 r--s 000c9000 08:09 4199332                    /home/chhavi/Downloads/jars/com.springsource.org.testng-5.10.0.jar
7fca6fbd9000-7fca6fbe0000 r--s 00068000 08:09 4199311                    /home/chhavi/Downloads/jars/com.springsource.org.quartz-1.6.2.jar
7fca6fbe0000-7fca6fbe6000 r--s 00034000 08:09 4199331                    /home/chhavi/Downloads/jars/com.springsource.org.junit-4.7.0.jar
7fca6fbe6000-7fca6fc81000 r--s 00785000 08:09 4199310                    /home/chhavi/Downloads/jars/com.springsource.org.jruby-1.4.0.jar
7fca6fc81000-7fca6fc87000 r--s 0003c000 08:09 4199339                    /home/chhavi/Downloads/jars/com.springsource.org.codehaus.jackson.mapper-1.0.0.jar
7fca6fc87000-7fca6fcc5000 r--s 0038a000 08:09 4199309                    /home/chhavi/Downloads/jars/com.springsource.org.codehaus.groovy-1.6.5.jar
7fca6fcc5000-7fca6fcda000 r--s 0017c000 08:09 4199289                    /home/chhavi/Downloads/jars/com.springsource.org.aspectj.weaver-1.6.8.RELEASE.jar
7fca6fcda000-7fca6fce3000 r--s 00059000 08:09 4199330                    /home/chhavi/Downloads/jars/com.springsource.org.apache.taglibs.standard-1.1.2.jar
7fca6fce3000-7fca6fcea000 r--s 0005a000 08:09 4199295                    /home/chhavi/Downloads/jars/com.springsource.org.apache.log4j-1.2.15.jar
7fca6fcea000-7fca6fcec000 r--s 00016000 08:09 4199323                    /home/chhavi/Downloads/jars/com.springsource.org.apache.commons.pool-1.5.3.jar
7fca6fcec000-7fca6fcee000 r--s 0000e000 08:09 4199294                    /home/chhavi/Downloads/jars/com.springsource.org.apache.commons.logging-1.1.1.jar
7fca6fcee000-7fca6fcf2000 r--s 0003d000 08:09 4199322                    /home/chhavi/Downloads/jars/com.springsource.org.apache.commons.lang-2.4.0.jar
7fca6fcf2000-7fca6fcf8000 r--s 00046000 08:09 4199338                    /home/chhavi/Downloads/jars/com.springsource.org.apache.commons.httpclient-3.1.0.jar
7fca6fcf8000-7fca6fcfb000 r--s 0000b000 08:09 4199337                    /home/chhavi/Downloads/jars/com.springsource.org.apache.commons.fileupload-1.2.0.jar
7fca6fcfb000-7fca6fcfd000 r--s 00000000 08:09 4199288                    /home/chhavi/Downloads/jars/com.springsource.org.aopalliance-1.0.0.jar
7fca6fcfd000-7fca6fcfe000 ---p 00000000 00:00 0 
7fca6fcfe000-7fca6fdfe000 rw-p 00000000 00:00 0 
7fca6fdfe000-7fca6fe01000 ---p 00000000 00:00 0 
7fca6fe01000-7fca6feff000 rw-p 00000000 00:00 0 
7fca6feff000-7fca6ff02000 ---p 00000000 00:00 0 
7fca6ff02000-7fca70000000 rw-p 00000000 00:00 0 
7fca70000000-7fca70021000 rw-p 00000000 00:00 0 
7fca70021000-7fca74000000 ---p 00000000 00:00 0 
7fca74000000-7fca74ac8000 rw-p 00000000 00:00 0 
7fca74ac8000-7fca78000000 ---p 00000000 00:00 0 
7fca78000000-7fca78021000 rw-p 00000000 00:00 0 
7fca78021000-7fca7c000000 ---p 00000000 00:00 0 
7fca7c000000-7fca7c021000 rw-p 00000000 00:00 0 
7fca7c021000-7fca80000000 ---p 00000000 00:00 0 
7fca80000000-7fca80021000 rw-p 00000000 00:00 0 
7fca80021000-7fca84000000 ---p 00000000 00:00 0 
7fca84000000-7fca84039000 rw-p 00000000 00:00 0 
7fca84039000-7fca88000000 ---p 00000000 00:00 0 
7fca88000000-7fca88021000 rw-p 00000000 00:00 0 
7fca88021000-7fca8c000000 ---p 00000000 00:00 0 
7fca8c000000-7fca8c021000 rw-p 00000000 00:00 0 
7fca8c021000-7fca90000000 ---p 00000000 00:00 0 
7fca90000000-7fca90021000 rw-p 00000000 00:00 0 
7fca90021000-7fca94000000 ---p 00000000 00:00 0 
7fca94000000-7fca94006000 r--s 0004a000 08:09 4199287                    /home/chhavi/Downloads/jars/com.springsource.net.sf.cglib-2.2.0.jar
7fca94006000-7fca9400a000 r--s 0001f000 08:09 4199327                    /home/chhavi/Downloads/jars/com.springsource.javax.jdo-2.1.0.jar
7fca9400a000-7fca9400b000 r--s 00000000 08:09 4199329                    /home/chhavi/Downloads/jars/com.springsource.javax.inject-1.0.0.jar
7fca9400b000-7fca94014000 r--s 00049000 08:09 4199308                    /home/chhavi/Downloads/jars/com.springsource.edu.emory.mathcs.backport-3.0.0.jar
7fca94014000-7fca94015000 r--s 00001000 08:09 4199307                    /home/chhavi/Downloads/jars/com.springsource.commonj-1.1.0.jar
7fca94015000-7fca94020000 r--s 0008c000 08:09 4199321                    /home/chhavi/Downloads/jars/com.springsource.com.mchange.v2.c3p0-0.9.1.2.jar
7fca94020000-7fca94029000 r--s 00056000 08:09 4199302                    /home/chhavi/Downloads/jars/com.springsource.com.ibatis-2.3.4.726.jar
7fca94029000-7fca9402f000 r--s 00042000 08:09 4199328                    /home/chhavi/Downloads/jars/com.springsource.com.caucho-3.2.1.jar
7fca9402f000-7fca94034000 r--s 00041000 08:09 4199306                    /home/chhavi/Downloads/jars/com.springsource.bsh-2.0.0.b4.jar
7fca94034000-7fca9403a000 r--s 0007f000 08:09 817388                     /home/chhavi/Downloads/mysql-connector.jar
7fca9403a000-7fca9403b000 r--s 00010000 08:09 5642750                    /usr/lib/jvm/java-8-openjdk-amd64/jre/lib/ext/zipfs.jar
7fca9403b000-7fca9403f000 r--s 00037000 08:09 5641923                    /usr/lib/jvm/java-8-openjdk-amd64/jre/lib/ext/sunpkcs11.jar
7fca9403f000-7fca94043000 r--s 0002d000 08:09 5641734                    /usr/lib/jvm/java-8-openjdk-amd64/jre/lib/ext/servlet-api-3.0.jar
7fca94043000-7fca9405e000 r--s 00394000 08:09 5638054                    /usr/lib/jvm/java-8-openjdk-amd64/jre/lib/ext/cldrdata.jar
7fca9405e000-7fca94068000 r--s 00116000 08:09 5639282                    /usr/lib/jvm/java-8-openjdk-amd64/jre/lib/ext/localedata.jar
7fca94068000-7fca94083000 r--s 001d6000 08:09 5639281                    /usr/lib/jvm/java-8-openjdk-amd64/jre/lib/ext/nashorn.jar
7fca94083000-7fca94086000 ---p 00000000 00:00 0 
7fca94086000-7fca94184000 rw-p 00000000 00:00 0 
7fca94184000-7fca94187000 ---p 00000000 00:00 0 
7fca94187000-7fca94285000 rw-p 00000000 00:00 0 
7fca94285000-7fca94288000 ---p 00000000 00:00 0 
7fca94288000-7fca94386000 rw-p 00000000 00:00 0 
7fca94386000-7fca9465e000 r--p 00000000 08:09 5505043                    /usr/lib/locale/locale-archive
7fca9465e000-7fca94661000 ---p 00000000 00:00 0 
7fca94661000-7fca9475f000 rw-p 00000000 00:00 0 
7fca9475f000-7fca94762000 ---p 00000000 00:00 0 
7fca94762000-7fca94860000 rw-p 00000000 00:00 0 
7fca94860000-7fca94861000 ---p 00000000 00:00 0 
7fca94861000-7fca958f4000 rw-p 00000000 00:00 0 
7fca958f4000-7fca95ac2000 r--s 03c13000 08:09 5637819                    /usr/lib/jvm/java-8-openjdk-amd64/jre/lib/rt.jar
7fca95ac2000-7fca98308000 rw-p 00000000 00:00 0 
7fca98308000-7fca98309000 ---p 00000000 00:00 0 
7fca98309000-7fca98409000 rw-p 00000000 00:00 0 
7fca98409000-7fca9840a000 ---p 00000000 00:00 0 
7fca9840a000-7fca9850a000 rw-p 00000000 00:00 0 
7fca9850a000-7fca9850b000 ---p 00000000 00:00 0 
7fca9850b000-7fca9860b000 rw-p 00000000 00:00 0 
7fca9860b000-7fca9860c000 ---p 00000000 00:00 0 
7fca9860c000-7fca9871b000 rw-p 00000000 00:00 0 
7fca9871b000-7fca98850000 ---p 00000000 00:00 0 
7fca98850000-7fca9885f000 rw-p 00000000 00:00 0 
7fca9885f000-7fca98994000 ---p 00000000 00:00 0 
7fca98994000-7fca98a1a000 rw-p 00000000 00:00 0 
7fca98a1a000-7fca98a36000 ---p 00000000 00:00 0 
7fca98a36000-7fca98a69000 rw-p 00000000 00:00 0 
7fca98a69000-7fca98df7000 ---p 00000000 00:00 0 
7fca98df7000-7fca99a57000 rwxp 00000000 00:00 0 
7fca99a57000-7fcaa7df7000 ---p 00000000 00:00 0 
7fcaa7df7000-7fcaa7dff000 r-xp 00000000 08:09 5646751                    /usr/lib/jvm/java-8-openjdk-amd64/jre/lib/amd64/libzip.so
7fcaa7dff000-7fcaa7ffe000 ---p 00008000 08:09 5646751                    /usr/lib/jvm/java-8-openjdk-amd64/jre/lib/amd64/libzip.so
7fcaa7ffe000-7fcaa7fff000 r--p 00007000 08:09 5646751                    /usr/lib/jvm/java-8-openjdk-amd64/jre/lib/amd64/libzip.so
7fcaa7fff000-7fcaa8000000 rw-p 00008000 08:09 5646751                    /usr/lib/jvm/java-8-openjdk-amd64/jre/lib/amd64/libzip.so
7fcaa8000000-7fcaa86c4000 rw-p 00000000 00:00 0 
7fcaa86c4000-7fcaac000000 ---p 00000000 00:00 0 
7fcaac000000-7fcaac003000 r--s 0000f000 08:09 5642746                    /usr/lib/jvm/java-8-openjdk-amd64/jre/lib/ext/icedtea-sound.jar
7fcaac003000-7fcaac008000 r--s 0003b000 08:09 5642745                    /usr/lib/jvm/java-8-openjdk-amd64/jre/lib/ext/sunjce_provider.jar
7fcaac008000-7fcaac09f000 rw-p 00000000 00:00 0 
7fcaac09f000-7fcaac0aa000 r-xp 00000000 08:09 3287484                    /lib/x86_64-linux-gnu/libnss_files-2.23.so
7fcaac0aa000-7fcaac2a9000 ---p 0000b000 08:09 3287484                    /lib/x86_64-linux-gnu/libnss_files-2.23.so
7fcaac2a9000-7fcaac2aa000 r--p 0000a000 08:09 3287484                    /lib/x86_64-linux-gnu/libnss_files-2.23.so
7fcaac2aa000-7fcaac2ab000 rw-p 0000b000 08:09 3287484                    /lib/x86_64-linux-gnu/libnss_files-2.23.so
7fcaac2ab000-7fcaac2b1000 rw-p 00000000 00:00 0 
7fcaac2b1000-7fcaac2bc000 r-xp 00000000 08:09 3287543                    /lib/x86_64-linux-gnu/libnss_nis-2.23.so
7fcaac2bc000-7fcaac4bb000 ---p 0000b000 08:09 3287543                    /lib/x86_64-linux-gnu/libnss_nis-2.23.so
7fcaac4bb000-7fcaac4bc000 r--p 0000a000 08:09 3287543                    /lib/x86_64-linux-gnu/libnss_nis-2.23.so
7fcaac4bc000-7fcaac4bd000 rw-p 0000b000 08:09 3287543                    /lib/x86_64-linux-gnu/libnss_nis-2.23.so
7fcaac4bd000-7fcaac4d3000 r-xp 00000000 08:09 3287480                    /lib/x86_64-linux-gnu/libnsl-2.23.so
7fcaac4d3000-7fcaac6d2000 ---p 00016000 08:09 3287480                    /lib/x86_64-linux-gnu/libnsl-2.23.so
7fcaac6d2000-7fcaac6d3000 r--p 00015000 08:09 3287480                    /lib/x86_64-linux-gnu/libnsl-2.23.so
7fcaac6d3000-7fcaac6d4000 rw-p 00016000 08:09 3287480                    /lib/x86_64-linux-gnu/libnsl-2.23.so
7fcaac6d4000-7fcaac6d6000 rw-p 00000000 00:00 0 
7fcaac6d6000-7fcaac6de000 r-xp 00000000 08:09 3287549                    /lib/x86_64-linux-gnu/libnss_compat-2.23.so
7fcaac6de000-7fcaac8dd000 ---p 00008000 08:09 3287549                    /lib/x86_64-linux-gnu/libnss_compat-2.23.so
7fcaac8dd000-7fcaac8de000 r--p 00007000 08:09 3287549                    /lib/x86_64-linux-gnu/libnss_compat-2.23.so
7fcaac8de000-7fcaac8df000 rw-p 00008000 08:09 3287549                    /lib/x86_64-linux-gnu/libnss_compat-2.23.so
7fcaac8df000-7fcaac90c000 r-xp 00000000 08:09 5646781                    /usr/lib/jvm/java-8-openjdk-amd64/jre/lib/amd64/libjava.so
7fcaac90c000-7fcaacb0b000 ---p 0002d000 08:09 5646781                    /usr/lib/jvm/java-8-openjdk-amd64/jre/lib/amd64/libjava.so
7fcaacb0b000-7fcaacb0c000 r--p 0002c000 08:09 5646781                    /usr/lib/jvm/java-8-openjdk-amd64/jre/lib/amd64/libjava.so
7fcaacb0c000-7fcaacb0e000 rw-p 0002d000 08:09 5646781                    /usr/lib/jvm/java-8-openjdk-amd64/jre/lib/amd64/libjava.so
7fcaacb0e000-7fcaacb1d000 r-xp 00000000 08:09 5646739                    /usr/lib/jvm/java-8-openjdk-amd64/jre/lib/amd64/libverify.so
7fcaacb1d000-7fcaacd1c000 ---p 0000f000 08:09 5646739                    /usr/lib/jvm/java-8-openjdk-amd64/jre/lib/amd64/libverify.so
7fcaacd1c000-7fcaacd1e000 r--p 0000e000 08:09 5646739                    /usr/lib/jvm/java-8-openjdk-amd64/jre/lib/amd64/libverify.so
7fcaacd1e000-7fcaacd1f000 rw-p 00010000 08:09 5646739                    /usr/lib/jvm/java-8-openjdk-amd64/jre/lib/amd64/libverify.so
7fcaacd1f000-7fcaacd26000 r-xp 00000000 08:09 3287545                    /lib/x86_64-linux-gnu/librt-2.23.so
7fcaacd26000-7fcaacf25000 ---p 00007000 08:09 3287545                    /lib/x86_64-linux-gnu/librt-2.23.so
7fcaacf25000-7fcaacf26000 r--p 00006000 08:09 3287545                    /lib/x86_64-linux-gnu/librt-2.23.so
7fcaacf26000-7fcaacf27000 rw-p 00007000 08:09 3287545                    /lib/x86_64-linux-gnu/librt-2.23.so
7fcaacf27000-7fcaacf3d000 r-xp 00000000 08:09 3281566                    /lib/x86_64-linux-gnu/libgcc_s.so.1
7fcaacf3d000-7fcaad13c000 ---p 00016000 08:09 3281566                    /lib/x86_64-linux-gnu/libgcc_s.so.1
7fcaad13c000-7fcaad13d000 rw-p 00015000 08:09 3281566                    /lib/x86_64-linux-gnu/libgcc_s.so.1
7fcaad13d000-7fcaad245000 r-xp 00000000 08:09 3287554                    /lib/x86_64-linux-gnu/libm-2.23.so
7fcaad245000-7fcaad444000 ---p 00108000 08:09 3287554                    /lib/x86_64-linux-gnu/libm-2.23.so
7fcaad444000-7fcaad445000 r--p 00107000 08:09 3287554                    /lib/x86_64-linux-gnu/libm-2.23.so
7fcaad445000-7fcaad446000 rw-p 00108000 08:09 3287554                    /lib/x86_64-linux-gnu/libm-2.23.so
7fcaad446000-7fcaad5b8000 r-xp 00000000 08:09 5507074                    /usr/lib/x86_64-linux-gnu/libstdc++.so.6.0.21
7fcaad5b8000-7fcaad7b8000 ---p 00172000 08:09 5507074                    /usr/lib/x86_64-linux-gnu/libstdc++.so.6.0.21
7fcaad7b8000-7fcaad7c2000 r--p 00172000 08:09 5507074                    /usr/lib/x86_64-linux-gnu/libstdc++.so.6.0.21
7fcaad7c2000-7fcaad7c4000 rw-p 0017c000 08:09 5507074                    /usr/lib/x86_64-linux-gnu/libstdc++.so.6.0.21
7fcaad7c4000-7fcaad7c8000 rw-p 00000000 00:00 0 
7fcaad7c8000-7fcaae41c000 r-xp 00000000 08:09 5646749                    /usr/lib/jvm/java-8-openjdk-amd64/jre/lib/amd64/server/libjvm.so
7fcaae41c000-7fcaae61c000 ---p 00c54000 08:09 5646749                    /usr/lib/jvm/java-8-openjdk-amd64/jre/lib/amd64/server/libjvm.so
7fcaae61c000-7fcaae6af000 r--p 00c54000 08:09 5646749                    /usr/lib/jvm/java-8-openjdk-amd64/jre/lib/amd64/server/libjvm.so
7fcaae6af000-7fcaae6d8000 rw-p 00ce7000 08:09 5646749                    /usr/lib/jvm/java-8-openjdk-amd64/jre/lib/amd64/server/libjvm.so
7fcaae6d8000-7fcaae708000 rw-p 00000000 00:00 0 
7fcaae708000-7fcaae720000 r-xp 00000000 08:09 3287542                    /lib/x86_64-linux-gnu/libpthread-2.23.so
7fcaae720000-7fcaae91f000 ---p 00018000 08:09 3287542                    /lib/x86_64-linux-gnu/libpthread-2.23.so
7fcaae91f000-7fcaae920000 r--p 00017000 08:09 3287542                    /lib/x86_64-linux-gnu/libpthread-2.23.so
7fcaae920000-7fcaae921000 rw-p 00018000 08:09 3287542                    /lib/x86_64-linux-gnu/libpthread-2.23.so
7fcaae921000-7fcaae925000 rw-p 00000000 00:00 0 
7fcaae925000-7fcaae928000 r-xp 00000000 08:09 3287548                    /lib/x86_64-linux-gnu/libdl-2.23.so
7fcaae928000-7fcaaeb27000 ---p 00003000 08:09 3287548                    /lib/x86_64-linux-gnu/libdl-2.23.so
7fcaaeb27000-7fcaaeb28000 r--p 00002000 08:09 3287548                    /lib/x86_64-linux-gnu/libdl-2.23.so
7fcaaeb28000-7fcaaeb29000 rw-p 00003000 08:09 3287548                    /lib/x86_64-linux-gnu/libdl-2.23.so
7fcaaeb29000-7fcaaeb42000 r-xp 00000000 08:09 3281719                    /lib/x86_64-linux-gnu/libz.so.1.2.8
7fcaaeb42000-7fcaaed41000 ---p 00019000 08:09 3281719                    /lib/x86_64-linux-gnu/libz.so.1.2.8
7fcaaed41000-7fcaaed42000 r--p 00018000 08:09 3281719                    /lib/x86_64-linux-gnu/libz.so.1.2.8
7fcaaed42000-7fcaaed43000 rw-p 00019000 08:09 3281719                    /lib/x86_64-linux-gnu/libz.so.1.2.8
7fcaaed43000-7fcaaef03000 r-xp 00000000 08:09 3287559                    /lib/x86_64-linux-gnu/libc-2.23.so
7fcaaef03000-7fcaaf103000 ---p 001c0000 08:09 3287559                    /lib/x86_64-linux-gnu/libc-2.23.so
7fcaaf103000-7fcaaf107000 r--p 001c0000 08:09 3287559                    /lib/x86_64-linux-gnu/libc-2.23.so
7fcaaf107000-7fcaaf109000 rw-p 001c4000 08:09 3287559                    /lib/x86_64-linux-gnu/libc-2.23.so
7fcaaf109000-7fcaaf10d000 rw-p 00000000 00:00 0 
7fcaaf10d000-7fcaaf11a000 r-xp 00000000 08:09 5646733                    /usr/lib/jvm/java-8-openjdk-amd64/jre/lib/amd64/jli/libjli.so
7fcaaf11a000-7fcaaf31a000 ---p 0000d000 08:09 5646733                    /usr/lib/jvm/java-8-openjdk-amd64/jre/lib/amd64/jli/libjli.so
7fcaaf31a000-7fcaaf31b000 r--p 0000d000 08:09 5646733                    /usr/lib/jvm/java-8-openjdk-amd64/jre/lib/amd64/jli/libjli.so
7fcaaf31b000-7fcaaf31c000 rw-p 0000e000 08:09 5646733                    /usr/lib/jvm/java-8-openjdk-amd64/jre/lib/amd64/jli/libjli.so
7fcaaf31c000-7fcaaf342000 r-xp 00000000 08:09 3287481                    /lib/x86_64-linux-gnu/ld-2.23.so
7fcaaf342000-7fcaaf343000 r--s 0000a000 08:09 5641982                    /usr/lib/jvm/java-8-openjdk-amd64/jre/lib/ext/jaccess.jar
7fcaaf343000-7fcaaf345000 r--s 00008000 08:09 5642748                    /usr/lib/jvm/java-8-openjdk-amd64/jre/lib/ext/sunec.jar
7fcaaf345000-7fcaaf416000 rw-p 00000000 00:00 0 
7fcaaf416000-7fcaaf419000 ---p 00000000 00:00 0 
7fcaaf419000-7fcaaf51c000 rw-p 00000000 00:00 0 
7fcaaf51c000-7fcaaf51e000 r--s 00001000 08:09 5641924                    /usr/lib/jvm/java-8-openjdk-amd64/jre/lib/ext/dnsns.jar
7fcaaf51e000-7fcaaf531000 rw-p 00000000 00:00 0 
7fcaaf531000-7fcaaf539000 rw-s 00000000 08:09 4342087                    /tmp/hsperfdata_chhavi/5570
7fcaaf539000-7fcaaf53a000 rw-p 00000000 00:00 0 
7fcaaf53a000-7fcaaf53b000 r--p 00000000 00:00 0 
7fcaaf53b000-7fcaaf53d000 rw-p 00000000 00:00 0 
7fcaaf53d000-7fcaaf53f000 r--p 00000000 00:00 0                          [vvar]
7fcaaf53f000-7fcaaf541000 r-xp 00000000 00:00 0                          [vdso]
7fcaaf541000-7fcaaf542000 r--p 00025000 08:09 3287481                    /lib/x86_64-linux-gnu/ld-2.23.so
7fcaaf542000-7fcaaf543000 rw-p 00026000 08:09 3287481                    /lib/x86_64-linux-gnu/ld-2.23.so
7fcaaf543000-7fcaaf544000 rw-p 00000000 00:00 0 
7ffcf65c8000-7ffcf65eb000 rw-p 00000000 00:00 0                          [stack]
ffffffffff600000-ffffffffff601000 r-xp 00000000 00:00 0                  [vsyscall]

VM Arguments:
jvm_args: -Dfile.encoding=UTF-8 
java_command: pdftrans.ui.NewSwingController
java_class_path (initial): /home/chhavi/EclipseProjects/PDFWordTranslator/target/classes:/home/chhavi/Downloads/mysql-connector.jar:/home/chhavi/Downloads/jars/com.springsource.bsh-2.0.0.b4.jar:/home/chhavi/Downloads/jars/com.springsource.com.caucho-3.2.1.jar:/home/chhavi/Downloads/jars/com.springsource.com.ibatis-2.3.4.726.jar:/home/chhavi/Downloads/jars/com.springsource.com.mchange.v2.c3p0-0.9.1.2.jar:/home/chhavi/Downloads/jars/com.springsource.commonj-1.1.0.jar:/home/chhavi/Downloads/jars/com.springsource.edu.emory.mathcs.backport-3.0.0.jar:/home/chhavi/Downloads/jars/com.springsource.javax.inject-1.0.0.jar:/home/chhavi/Downloads/jars/com.springsource.javax.jdo-2.1.0.jar:/home/chhavi/Downloads/jars/com.springsource.net.sf.cglib-2.2.0.jar:/home/chhavi/Downloads/jars/com.springsource.org.aopalliance-1.0.0.jar:/home/chhavi/Downloads/jars/com.springsource.org.apache.commons.fileupload-1.2.0.jar:/home/chhavi/Downloads/jars/com.springsource.org.apache.commons.httpclient-3.1.0.jar:/home/chhavi/Downloads/jars/com.springsource.org.apache.commons.lang-2.4.0.jar:/home/chhavi/Downloads/jars/com.springsource.org.apache.commons.logging-1.1.1.jar:/home/chhavi/Downloads/jars/com.springsource.org.apache.commons.pool-1.5.3.jar:/home/chhavi/Downloads/jars/com.springsource.org.apache.log4j-1.2.15.jar:/home/chhavi/Downloads/jars/com.springsource.org.apache.taglibs.standard-1.1.2.jar:/home/chhavi/Downloads/jars/com.springsource.org.aspectj.weaver-1.6.8.RELEASE.jar:/home/chhavi/Downloads/jars/com.springsource.org.codehaus.groovy-1.6.5.jar:/home/chhavi/Downloads/jars/com.springsource.org.codehaus.jackson.mapper-1.0.0.jar:/home/chhavi/Downloads/jars/com.springsource.org.jruby-1.4.0.jar:/home/chhavi/Downloads/jars/com.springsource.org.junit-4.7.0.jar:/home/chhavi/Downloads/jars/com.springsource.org.quartz-1.6.2.jar:/home/chhavi/Downloads/jars/com.springsource.org.testng-5.10.0.jar:/home/chhavi/Downloads/jars/commons-dbcp.jar:/home/chhavi/Downloads/jars/easymock.jar:/home/chhavi/Downloa
Launcher Type: SUN_STANDARD

Environment Variables:
PATH=/home/chhavi/bin:/home/chhavi/.local/bin:/usr/local/sbin:/usr/local/bin:/usr/sbin:/usr/bin:/sbin:/bin:/usr/games:/usr/local/games:/snap/bin
SHELL=/bin/bash
DISPLAY=:0

Signal Handlers:
SIGSEGV: [libjvm.so+0xa6ad10], sa_mask[0]=11111111011111111101111111111110, sa_flags=SA_RESTART|SA_SIGINFO
SIGBUS: [libjvm.so+0xa6ad10], sa_mask[0]=11111111011111111101111111111110, sa_flags=SA_RESTART|SA_SIGINFO
SIGFPE: [libjvm.so+0x8b3bc0], sa_mask[0]=11111111011111111101111111111110, sa_flags=SA_RESTART|SA_SIGINFO
SIGPIPE: [libjvm.so+0x8b3bc0], sa_mask[0]=11111111011111111101111111111110, sa_flags=SA_RESTART|SA_SIGINFO
SIGXFSZ: [libjvm.so+0x8b3bc0], sa_mask[0]=11111111011111111101111111111110, sa_flags=SA_RESTART|SA_SIGINFO
SIGILL: [libjvm.so+0x8b3bc0], sa_mask[0]=11111111011111111101111111111110, sa_flags=SA_RESTART|SA_SIGINFO
SIGUSR1: SIG_DFL, sa_mask[0]=00000000000000000000000000000000, sa_flags=none
SIGUSR2: [libjvm.so+0x8b3a70], sa_mask[0]=00100000000000000000000000000000, sa_flags=SA_RESTART|SA_SIGINFO
SIGHUP: [libjvm.so+0x8b3f40], sa_mask[0]=11111111011111111101111111111110, sa_flags=SA_RESTART|SA_SIGINFO
SIGINT: [libjvm.so+0x8b3f40], sa_mask[0]=11111111011111111101111111111110, sa_flags=SA_RESTART|SA_SIGINFO
SIGTERM: [libjvm.so+0x8b3f40], sa_mask[0]=11111111011111111101111111111110, sa_flags=SA_RESTART|SA_SIGINFO
SIGQUIT: [libjvm.so+0x8b3f40], sa_mask[0]=11111111011111111101111111111110, sa_flags=SA_RESTART|SA_SIGINFO


---------------  S Y S T E M  ---------------

OS:DISTRIB_ID=Ubuntu
DISTRIB_RELEASE=16.04
DISTRIB_CODENAME=xenial
DISTRIB_DESCRIPTION="Ubuntu 16.04.1 LTS"

uname:Linux 4.4.0-96-generic #119-Ubuntu SMP Tue Sep 12 14:59:54 UTC 2017 x86_64
libc:glibc 2.23 NPTL 2.23 
rlimit: STACK 8192k, CORE 0k, NPROC 15158, NOFILE 65536, AS infinity
load average:7.89 1.97 0.89

/proc/meminfo:
MemTotal:        3974504 kB
MemFree:         1865200 kB
MemAvailable:    2058780 kB
Buffers:           31172 kB
Cached:          1096548 kB
SwapCached:            0 kB
Active:          1253692 kB
Inactive:         698464 kB
Active(anon):    1014780 kB
Inactive(anon):   560804 kB
Active(file):     238912 kB
Inactive(file):   137660 kB
Unevictable:          32 kB
Mlocked:              32 kB
SwapTotal:             0 kB
SwapFree:              0 kB
Dirty:                64 kB
Writeback:             0 kB
AnonPages:        824804 kB
Mapped:           275816 kB
Shmem:            750688 kB
Slab:              84320 kB
SReclaimable:      47956 kB
SUnreclaim:        36364 kB
KernelStack:        4832 kB
PageTables:        22540 kB
NFS_Unstable:          0 kB
Bounce:                0 kB
WritebackTmp:          0 kB
CommitLimit:     1987252 kB
Committed_AS:    2767176 kB
VmallocTotal:   34359738367 kB
VmallocUsed:           0 kB
VmallocChunk:          0 kB
HardwareCorrupted:     0 kB
AnonHugePages:    505856 kB
CmaTotal:              0 kB
CmaFree:               0 kB
HugePages_Total:       0
HugePages_Free:        0
HugePages_Rsvd:        0
HugePages_Surp:        0
Hugepagesize:       2048 kB
DirectMap4k:      115328 kB
DirectMap2M:     1910784 kB
DirectMap1G:     3145728 kB


CPU:total 4 (initial active 4) (2 cores per cpu, 2 threads per core) family 6 model 69 stepping 1, cmov, cx8, fxsr, mmx, sse, sse2, sse3, ssse3, sse4.1, sse4.2, popcnt, avx, avx2, aes, clmul, erms, lzcnt, ht, tsc, tscinvbit, bmi1, bmi2

/proc/cpuinfo:
processor	: 0
vendor_id	: GenuineIntel
cpu family	: 6
model		: 69
model name	: Intel(R) Core(TM) i3-4030U CPU @ 1.90GHz
stepping	: 1
microcode	: 0x17
cpu MHz		: 1900.000
cache size	: 3072 KB
physical id	: 0
siblings	: 4
core id		: 0
cpu cores	: 2
apicid		: 0
initial apicid	: 0
fpu		: yes
fpu_exception	: yes
cpuid level	: 13
wp		: yes
flags		: fpu vme de pse tsc msr pae mce cx8 apic sep mtrr pge mca cmov pat pse36 clflush dts acpi mmx fxsr sse sse2 ss ht tm pbe syscall nx pdpe1gb rdtscp lm constant_tsc arch_perfmon pebs bts rep_good nopl xtopology nonstop_tsc aperfmperf eagerfpu pni pclmulqdq dtes64 monitor ds_cpl vmx est tm2 ssse3 sdbg fma cx16 xtpr pdcm pcid sse4_1 sse4_2 x2apic movbe popcnt tsc_deadline_timer aes xsave avx f16c rdrand lahf_lm abm epb tpr_shadow vnmi flexpriority ept vpid fsgsbase tsc_adjust bmi1 avx2 smep bmi2 erms invpcid xsaveopt dtherm ida arat pln pts
bugs		:
bogomips	: 3791.39
clflush size	: 64
cache_alignment	: 64
address sizes	: 39 bits physical, 48 bits virtual
power management:

processor	: 1
vendor_id	: GenuineIntel
cpu family	: 6
model		: 69
model name	: Intel(R) Core(TM) i3-4030U CPU @ 1.90GHz
stepping	: 1
microcode	: 0x17
cpu MHz		: 1900.000
cache size	: 3072 KB
physical id	: 0
siblings	: 4
core id		: 0
cpu cores	: 2
apicid		: 1
initial apicid	: 1
fpu		: yes
fpu_exception	: yes
cpuid level	: 13
wp		: yes
flags		: fpu vme de pse tsc msr pae mce cx8 apic sep mtrr pge mca cmov pat pse36 clflush dts acpi mmx fxsr sse sse2 ss ht tm pbe syscall nx pdpe1gb rdtscp lm constant_tsc arch_perfmon pebs bts rep_good nopl xtopology nonstop_tsc aperfmperf eagerfpu pni pclmulqdq dtes64 monitor ds_cpl vmx est tm2 ssse3 sdbg fma cx16 xtpr pdcm pcid sse4_1 sse4_2 x2apic movbe popcnt tsc_deadline_timer aes xsave avx f16c rdrand lahf_lm abm epb tpr_shadow vnmi flexpriority ept vpid fsgsbase tsc_adjust bmi1 avx2 smep bmi2 erms invpcid xsaveopt dtherm ida arat pln pts
bugs		:
bogomips	: 3791.39
clflush size	: 64
cache_alignment	: 64
address sizes	: 39 bits physical, 48 bits virtual
power management:

processor	: 2
vendor_id	: GenuineIntel
cpu family	: 6
model		: 69
model name	: Intel(R) Core(TM) i3-4030U CPU @ 1.90GHz
stepping	: 1
microcode	: 0x17
cpu MHz		: 1899.925
cache size	: 3072 KB
physical id	: 0
siblings	: 4
core id		: 1
cpu cores	: 2
apicid		: 2
initial apicid	: 2
fpu		: yes
fpu_exception	: yes
cpuid level	: 13
wp		: yes
flags		: fpu vme de pse tsc msr pae mce cx8 apic sep mtrr pge mca cmov pat pse36 clflush dts acpi mmx fxsr sse sse2 ss ht tm pbe syscall nx pdpe1gb rdtscp lm constant_tsc arch_perfmon pebs bts rep_good nopl xtopology nonstop_tsc aperfmperf eagerfpu pni pclmulqdq dtes64 monitor ds_cpl vmx est tm2 ssse3 sdbg fma cx16 xtpr pdcm pcid sse4_1 sse4_2 x2apic movbe popcnt tsc_deadline_timer aes xsave avx f16c rdrand lahf_lm abm epb tpr_shadow vnmi flexpriority ept vpid fsgsbase tsc_adjust bmi1 avx2 smep bmi2 erms invpcid xsaveopt dtherm ida arat pln pts
bugs		:
bogomips	: 3791.39
clflush size	: 64
cache_alignment	: 64
address sizes	: 39 bits physical, 48 bits virtual
power management:

processor	: 3
vendor_id	: GenuineIntel
cpu family	: 6
model		: 69
model name	: Intel(R) Core(TM) i3-4030U CPU @ 1.90GHz
stepping	: 1
microcode	: 0x17
cpu MHz		: 1884.562
cache size	: 3072 KB
physical id	: 0
siblings	: 4
core id		: 1
cpu cores	: 2
apicid		: 3
initial apicid	: 3
fpu		: yes
fpu_exception	: yes
cpuid level	: 13
wp		: yes
flags		: fpu vme de pse tsc msr pae mce cx8 apic sep mtrr pge mca cmov pat pse36 clflush dts acpi mmx fxsr sse sse2 ss ht tm pbe syscall nx pdpe1gb rdtscp lm constant_tsc arch_perfmon pebs bts rep_good nopl xtopology nonstop_tsc aperfmperf eagerfpu pni pclmulqdq dtes64 monitor ds_cpl vmx est tm2 ssse3 sdbg fma cx16 xtpr pdcm pcid sse4_1 sse4_2 x2apic movbe popcnt tsc_deadline_timer aes xsave avx f16c rdrand lahf_lm abm epb tpr_shadow vnmi flexpriority ept vpid fsgsbase tsc_adjust bmi1 avx2 smep bmi2 erms invpcid xsaveopt dtherm ida arat pln pts
bugs		:
bogomips	: 3791.39
clflush size	: 64
cache_alignment	: 64
address sizes	: 39 bits physical, 48 bits virtual
power management:



Memory: 4k page, physical 3974504k(1865200k free), swap 0k(0k free)

vm_info: OpenJDK 64-Bit Server VM (25.131-b11) for linux-amd64 JRE (1.8.0_131-8u131-b11-2ubuntu1.16.04.3-b11), built on Jul 28 2017 01:23:32 by "buildd" with gcc 5.4.0 20160609

time: Tue Dec 12 18:48:03 2017
elapsed time: 1049 seconds (0d 0h 17m 29s)

