#
# There is insufficient memory for the Java Runtime Environment to continue.
# Native memory allocation (mmap) failed to map 104333312 bytes for committing reserved memory.
# Possible reasons:
#   The system is out of physical RAM or swap space
#   In 32 bit mode, the process size limit was hit
# Possible solutions:
#   Reduce memory load on the system
#   Increase physical memory or swap space
#   Check if swap backing store is full
#   Use 64 bit Java on a 64 bit OS
#   Decrease Java heap size (-Xmx/-Xms)
#   Decrease number of Java threads
#   Decrease Java thread stack sizes (-Xss)
#   Set larger code cache with -XX:ReservedCodeCacheSize=
# This output file may be truncated or incomplete.
#
#  Out of Memory Error (os_linux.cpp:2643), pid=9093, tid=0x00007ff79423b700
#
# JRE version: OpenJDK Runtime Environment (8.0_131-b11) (build 1.8.0_131-8u131-b11-2ubuntu1.16.04.3-b11)
# Java VM: OpenJDK 64-Bit Server VM (25.131-b11 mixed mode linux-amd64 compressed oops)
# Failed to write core dump. Core dumps have been disabled. To enable core dumping, try "ulimit -c unlimited" before starting Java again
#

---------------  T H R E A D  ---------------

Current thread (0x00007ff79007a000):  VMThread [stack: 0x00007ff79413b000,0x00007ff79423c000] [id=9104]

Stack: [0x00007ff79413b000,0x00007ff79423c000],  sp=0x00007ff79423a4c0,  free space=1021k
Native frames: (J=compiled Java code, j=interpreted, Vv=VM code, C=native code)
V  [libjvm.so+0xa6a1bb]
V  [libjvm.so+0x4c5a6c]
V  [libjvm.so+0x8b85a0]
V  [libjvm.so+0x8b2a1e]
V  [libjvm.so+0x92d556]
V  [libjvm.so+0x92e883]
V  [libjvm.so+0x92af33]
V  [libjvm.so+0x92b1fc]
V  [libjvm.so+0x8dd093]
V  [libjvm.so+0xa6be72]
V  [libjvm.so+0xa70f57]
V  [libjvm.so+0xa6e727]
V  [libjvm.so+0xa6fbaf]
V  [libjvm.so+0xa700a1]
V  [libjvm.so+0x8b5a82]

VM_Operation (0x00007ff73e37bbd0): ParallelGCFailedAllocation, mode: safepoint, requested by thread 0x00007ff72c014800


---------------  P R O C E S S  ---------------

Java Threads: ( => current thread )
  0x00007ff72c023000 JavaThread "ICEpdf-thread-pool" daemon [_thread_blocked, id=9182, stack(0x00007ff73d353000,0x00007ff73d454000)]
  0x00007ff72c021800 JavaThread "ICEpdf-thread-painter-pool" daemon [_thread_blocked, id=9179, stack(0x00007ff73d59c000,0x00007ff73d69d000)]
  0x00007ff72c020800 JavaThread "ICEpdf-thread-pool" daemon [_thread_blocked, id=9178, stack(0x00007ff73d69d000,0x00007ff73d79e000)]
  0x00007ff72c01e800 JavaThread "ICEpdf-thread-pool" daemon [_thread_blocked, id=9175, stack(0x00007ff73fcfd000,0x00007ff73fdfe000)]
  0x00007ff72c01e000 JavaThread "ICEpdf-thread-pool" daemon [_thread_blocked, id=9174, stack(0x00007ff73feff000,0x00007ff740000000)]
  0x00007ff72c017000 JavaThread "Image Fetcher 0" daemon [_thread_blocked, id=9173, stack(0x00007ff73fdfe000,0x00007ff73feff000)]
  0x00007ff72c014800 JavaThread "ICEpdf-thread-painter-pool" daemon [_thread_blocked, id=9128, stack(0x00007ff73e27d000,0x00007ff73e37e000)]
  0x00007ff724007800 JavaThread "ICEpdf-thread-image-pool" daemon [_thread_blocked, id=9127, stack(0x00007ff73e37e000,0x00007ff73e47f000)]
  0x00007ff72c00a800 JavaThread "ICEpdf-thread-pool" daemon [_thread_blocked, id=9126, stack(0x00007ff73e47f000,0x00007ff73e580000)]
  0x00007ff79000c800 JavaThread "DestroyJavaVM" [_thread_blocked, id=9099, stack(0x00007ff799e8d000,0x00007ff799f8e000)]
  0x00007ff790a4d800 JavaThread "TimerQueue" daemon [_thread_blocked, id=9122, stack(0x00007ff73eca1000,0x00007ff73eda2000)]
  0x00007ff7906ce800 JavaThread "AWT-EventQueue-0" [_thread_blocked, id=9121, stack(0x00007ff73f8fb000,0x00007ff73f9fc000)]
  0x00007ff7906cd000 JavaThread "AWT-Shutdown" [_thread_blocked, id=9120, stack(0x00007ff73f9fc000,0x00007ff73fafd000)]
  0x00007ff790667800 JavaThread "AWT-XAWT" daemon [_thread_blocked, id=9116, stack(0x00007ff770079000,0x00007ff77017a000)]
  0x00007ff79064b000 JavaThread "Java2D Disposer" daemon [_thread_blocked, id=9115, stack(0x00007ff77058a000,0x00007ff77068b000)]
  0x00007ff7900c3800 JavaThread "Service Thread" daemon [_thread_blocked, id=9111, stack(0x00007ff780722000,0x00007ff780823000)]
  0x00007ff7900b4000 JavaThread "C1 CompilerThread2" daemon [_thread_blocked, id=9110, stack(0x00007ff780823000,0x00007ff780924000)]
  0x00007ff7900b2000 JavaThread "C2 CompilerThread1" daemon [_thread_blocked, id=9109, stack(0x00007ff780924000,0x00007ff780a25000)]
  0x00007ff7900af800 JavaThread "C2 CompilerThread0" daemon [_thread_blocked, id=9108, stack(0x00007ff780a25000,0x00007ff780b26000)]
  0x00007ff7900ad000 JavaThread "Signal Dispatcher" daemon [_thread_blocked, id=9107, stack(0x00007ff780b26000,0x00007ff780c27000)]
  0x00007ff790086000 JavaThread "Finalizer" daemon [_thread_blocked, id=9106, stack(0x00007ff780eff000,0x00007ff781000000)]
  0x00007ff790081800 JavaThread "Reference Handler" daemon [_thread_blocked, id=9105, stack(0x00007ff79403a000,0x00007ff79413b000)]

Other Threads:
=>0x00007ff79007a000 VMThread [stack: 0x00007ff79413b000,0x00007ff79423c000] [id=9104]
  0x00007ff7900c6000 WatcherThread [stack: 0x00007ff780621000,0x00007ff780722000] [id=9112]

VM state:at safepoint (normal execution)

VM Mutex/Monitor currently owned by a thread:  ([mutex/lock_event])
[0x00007ff790008a80] Threads_lock - owner thread: 0x00007ff79007a000
[0x00007ff790008f80] Heap_lock - owner thread: 0x00007ff72c014800

Heap:
 PSYoungGen      total 216576K, used 2468K [0x00000000ebc00000, 0x00000000f9c80000, 0x0000000100000000)
  eden space 203264K, 0% used [0x00000000ebc00000,0x00000000ebc00000,0x00000000f8280000)
  from space 13312K, 18% used [0x00000000f8280000,0x00000000f84e90e0,0x00000000f8f80000)
  to   space 13312K, 0% used [0x00000000f8f80000,0x00000000f8f80000,0x00000000f9c80000)
 ParOldGen       total 42496K, used 37967K [0x00000000c3400000, 0x00000000c5d80000, 0x00000000ebc00000)
  object space 42496K, 89% used [0x00000000c3400000,0x00000000c5913c28,0x00000000c5d80000)
 Metaspace       used 19990K, capacity 20230K, committed 20608K, reserved 1067008K
  class space    used 2287K, capacity 2378K, committed 2432K, reserved 1048576K

Card table byte_map: [0x00007ff796362000,0x00007ff796549000] byte_map_base: 0x00007ff795d48000

Marking Bits: (ParMarkBitMap*) 0x00007ff79915e2c0
 Begin Bits: [0x00007ff7721a0000, 0x00007ff7730d0000)
 End Bits:   [0x00007ff7730d0000, 0x00007ff774000000)

Polling page: 0x00007ff799fb1000

CodeCache: size=245760Kb used=10757Kb max_used=10757Kb free=235002Kb
 bounds [0x00007ff781000000, 0x00007ff781a90000, 0x00007ff790000000]
 total_blobs=3696 nmethods=3031 adapters=578
 compilation: enabled

Compilation events (10 events):
Event: 30.145 Thread 0x00007ff7900b4000 3397       3       sun.java2d.SurfaceData::getTextPipe (120 bytes)
Event: 30.146 Thread 0x00007ff7900b4000 nmethod 3397 0x00007ff781a84890 code [0x00007ff781a84a40, 0x00007ff781a84f48]
Event: 30.146 Thread 0x00007ff7900b4000 3398       3       sun.awt.image.BufImgSurfaceData::getRenderLoops (26 bytes)
Event: 30.146 Thread 0x00007ff7900b4000 nmethod 3398 0x00007ff781a84450 code [0x00007ff781a845c0, 0x00007ff781a847c8]
Event: 30.146 Thread 0x00007ff7900b4000 3399       3       sun.java2d.SurfaceData::validatePipe (785 bytes)
Event: 30.149 Thread 0x00007ff7900b4000 nmethod 3399 0x00007ff781a8b090 code [0x00007ff781a8b380, 0x00007ff781a8d188]
Event: 30.149 Thread 0x00007ff7900b4000 3400       3       sun.font.StandardGlyphVector::initPositions (229 bytes)
Event: 30.152 Thread 0x00007ff7900b4000 nmethod 3400 0x00007ff781a8d3d0 code [0x00007ff781a8d6a0, 0x00007ff781a8eb78]
Event: 30.152 Thread 0x00007ff7900b4000 3401       3       sun.font.CompositeFont::canDisplay (9 bytes)
Event: 30.152 Thread 0x00007ff7900b4000 nmethod 3401 0x00007ff781a83d90 code [0x00007ff781a83f20, 0x00007ff781a84318]

GC Heap History (10 events):
Event: 25.993 GC heap after
Heap after GC invocations=6 (full 0):
 PSYoungGen      total 77312K, used 2990K [0x00000000ebc00000, 0x00000000f1600000, 0x0000000100000000)
  eden space 63488K, 0% used [0x00000000ebc00000,0x00000000ebc00000,0x00000000efa00000)
  from space 13824K, 21% used [0x00000000f0880000,0x00000000f0b6b8b0,0x00000000f1600000)
  to   space 14336K, 0% used [0x00000000efa00000,0x00000000efa00000,0x00000000f0800000)
 ParOldGen       total 42496K, used 23384K [0x00000000c3400000, 0x00000000c5d80000, 0x00000000ebc00000)
  object space 42496K, 55% used [0x00000000c3400000,0x00000000c4ad6248,0x00000000c5d80000)
 Metaspace       used 19331K, capacity 19590K, committed 19968K, reserved 1067008K
  class space    used 2188K, capacity 2250K, committed 2304K, reserved 1048576K
}
Event: 26.447 GC heap before
{Heap before GC invocations=7 (full 0):
 PSYoungGen      total 77312K, used 66478K [0x00000000ebc00000, 0x00000000f1600000, 0x0000000100000000)
  eden space 63488K, 100% used [0x00000000ebc00000,0x00000000efa00000,0x00000000efa00000)
  from space 13824K, 21% used [0x00000000f0880000,0x00000000f0b6b8b0,0x00000000f1600000)
  to   space 14336K, 0% used [0x00000000efa00000,0x00000000efa00000,0x00000000f0800000)
 ParOldGen       total 42496K, used 23384K [0x00000000c3400000, 0x00000000c5d80000, 0x00000000ebc00000)
  object space 42496K, 55% used [0x00000000c3400000,0x00000000c4ad6248,0x00000000c5d80000)
 Metaspace       used 19467K, capacity 19654K, committed 19968K, reserved 1067008K
  class space    used 2194K, capacity 2250K, committed 2304K, reserved 1048576K
Event: 26.462 GC heap after
Heap after GC invocations=7 (full 0):
 PSYoungGen      total 77824K, used 6573K [0x00000000ebc00000, 0x00000000f5200000, 0x0000000100000000)
  eden space 63488K, 0% used [0x00000000ebc00000,0x00000000ebc00000,0x00000000efa00000)
  from space 14336K, 45% used [0x00000000efa00000,0x00000000f006b438,0x00000000f0800000)
  to   space 13312K, 0% used [0x00000000f4500000,0x00000000f4500000,0x00000000f5200000)
 ParOldGen       total 42496K, used 24336K [0x00000000c3400000, 0x00000000c5d80000, 0x00000000ebc00000)
  object space 42496K, 57% used [0x00000000c3400000,0x00000000c4bc42a8,0x00000000c5d80000)
 Metaspace       used 19467K, capacity 19654K, committed 19968K, reserved 1067008K
  class space    used 2194K, capacity 2250K, committed 2304K, reserved 1048576K
}
Event: 27.439 GC heap before
{Heap before GC invocations=8 (full 0):
 PSYoungGen      total 77824K, used 70061K [0x00000000ebc00000, 0x00000000f5200000, 0x0000000100000000)
  eden space 63488K, 100% used [0x00000000ebc00000,0x00000000efa00000,0x00000000efa00000)
  from space 14336K, 45% used [0x00000000efa00000,0x00000000f006b438,0x00000000f0800000)
  to   space 13312K, 0% used [0x00000000f4500000,0x00000000f4500000,0x00000000f5200000)
 ParOldGen       total 42496K, used 24336K [0x00000000c3400000, 0x00000000c5d80000, 0x00000000ebc00000)
  object space 42496K, 57% used [0x00000000c3400000,0x00000000c4bc42a8,0x00000000c5d80000)
 Metaspace       used 19478K, capacity 19654K, committed 19968K, reserved 1067008K
  class space    used 2194K, capacity 2250K, committed 2304K, reserved 1048576K
Event: 27.446 GC heap after
Heap after GC invocations=8 (full 0):
 PSYoungGen      total 139264K, used 5196K [0x00000000ebc00000, 0x00000000f5100000, 0x0000000100000000)
  eden space 126976K, 0% used [0x00000000ebc00000,0x00000000ebc00000,0x00000000f3800000)
  from space 12288K, 42% used [0x00000000f4500000,0x00000000f4a132d8,0x00000000f5100000)
  to   space 12800K, 0% used [0x00000000f3800000,0x00000000f3800000,0x00000000f4480000)
 ParOldGen       total 42496K, used 25733K [0x00000000c3400000, 0x00000000c5d80000, 0x00000000ebc00000)
  object space 42496K, 60% used [0x00000000c3400000,0x00000000c4d21438,0x00000000c5d80000)
 Metaspace       used 19478K, capacity 19654K, committed 19968K, reserved 1067008K
  class space    used 2194K, capacity 2250K, committed 2304K, reserved 1048576K
}
Event: 27.916 GC heap before
{Heap before GC invocations=9 (full 0):
 PSYoungGen      total 139264K, used 132172K [0x00000000ebc00000, 0x00000000f5100000, 0x0000000100000000)
  eden space 126976K, 100% used [0x00000000ebc00000,0x00000000f3800000,0x00000000f3800000)
  from space 12288K, 42% used [0x00000000f4500000,0x00000000f4a132d8,0x00000000f5100000)
  to   space 12800K, 0% used [0x00000000f3800000,0x00000000f3800000,0x00000000f4480000)
 ParOldGen       total 42496K, used 25733K [0x00000000c3400000, 0x00000000c5d80000, 0x00000000ebc00000)
  object space 42496K, 60% used [0x00000000c3400000,0x00000000c4d21438,0x00000000c5d80000)
 Metaspace       used 19731K, capacity 19942K, committed 20352K, reserved 1067008K
  class space    used 2271K, capacity 2346K, committed 2432K, reserved 1048576K
Event: 27.940 GC heap after
Heap after GC invocations=9 (full 0):
 PSYoungGen      total 139776K, used 8807K [0x00000000ebc00000, 0x00000000f9c80000, 0x0000000100000000)
  eden space 126976K, 0% used [0x00000000ebc00000,0x00000000ebc00000,0x00000000f3800000)
  from space 12800K, 68% used [0x00000000f3800000,0x00000000f4099d68,0x00000000f4480000)
  to   space 13312K, 0% used [0x00000000f8f80000,0x00000000f8f80000,0x00000000f9c80000)
 ParOldGen       total 42496K, used 26254K [0x00000000c3400000, 0x00000000c5d80000, 0x00000000ebc00000)
  object space 42496K, 61% used [0x00000000c3400000,0x00000000c4da39e0,0x00000000c5d80000)
 Metaspace       used 19731K, capacity 19942K, committed 20352K, reserved 1067008K
  class space    used 2271K, capacity 2346K, committed 2432K, reserved 1048576K
}
Event: 29.119 GC heap before
{Heap before GC invocations=10 (full 0):
 PSYoungGen      total 139776K, used 135783K [0x00000000ebc00000, 0x00000000f9c80000, 0x0000000100000000)
  eden space 126976K, 100% used [0x00000000ebc00000,0x00000000f3800000,0x00000000f3800000)
  from space 12800K, 68% used [0x00000000f3800000,0x00000000f4099d68,0x00000000f4480000)
  to   space 13312K, 0% used [0x00000000f8f80000,0x00000000f8f80000,0x00000000f9c80000)
 ParOldGen       total 42496K, used 26254K [0x00000000c3400000, 0x00000000c5d80000, 0x00000000ebc00000)
  object space 42496K, 61% used [0x00000000c3400000,0x00000000c4da39e0,0x00000000c5d80000)
 Metaspace       used 19808K, capacity 20006K, committed 20352K, reserved 1067008K
  class space    used 2272K, capacity 2346K, committed 2432K, reserved 1048576K
Event: 29.151 GC heap after
Heap after GC invocations=10 (full 0):
 PSYoungGen      total 216576K, used 8573K [0x00000000ebc00000, 0x00000000f9c80000, 0x0000000100000000)
  eden space 203264K, 0% used [0x00000000ebc00000,0x00000000ebc00000,0x00000000f8280000)
  from space 13312K, 64% used [0x00000000f8f80000,0x00000000f97df670,0x00000000f9c80000)
  to   space 13312K, 0% used [0x00000000f8280000,0x00000000f8280000,0x00000000f8f80000)
 ParOldGen       total 42496K, used 30812K [0x00000000c3400000, 0x00000000c5d80000, 0x00000000ebc00000)
  object space 42496K, 72% used [0x00000000c3400000,0x00000000c5217258,0x00000000c5d80000)
 Metaspace       used 19808K, capacity 20006K, committed 20352K, reserved 1067008K
  class space    used 2272K, capacity 2346K, committed 2432K, reserved 1048576K
}
Event: 30.247 GC heap before
{Heap before GC invocations=11 (full 0):
 PSYoungGen      total 216576K, used 211837K [0x00000000ebc00000, 0x00000000f9c80000, 0x0000000100000000)
  eden space 203264K, 100% used [0x00000000ebc00000,0x00000000f8280000,0x00000000f8280000)
  from space 13312K, 64% used [0x00000000f8f80000,0x00000000f97df670,0x00000000f9c80000)
  to   space 13312K, 0% used [0x00000000f8280000,0x00000000f8280000,0x00000000f8f80000)
 ParOldGen       total 42496K, used 30812K [0x00000000c3400000, 0x00000000c5d80000, 0x00000000ebc00000)
  object space 42496K, 72% used [0x00000000c3400000,0x00000000c5217258,0x00000000c5d80000)
 Metaspace       used 19990K, capacity 20230K, committed 20608K, reserved 1067008K
  class space    used 2287K, capacity 2378K, committed 2432K, reserved 1048576K

Deoptimization events (10 events):
Event: 27.722 Thread 0x00007ff7906ce800 Uncommon trap: reason=unstable_if action=reinterpret pc=0x00007ff7817f35b0 method=java.awt.geom.AffineTransform.translate(DD)V @ 491
Event: 27.725 Thread 0x00007ff7906ce800 Uncommon trap: reason=unstable_if action=reinterpret pc=0x00007ff7816bff48 method=sun.java2d.loops.ProcessPath.TESTANDCLIP(FF[FIIII)I @ 8
Event: 29.762 Thread 0x00007ff7906ce800 Uncommon trap: reason=unstable_if action=reinterpret pc=0x00007ff7816a4684 method=sun.java2d.xr.XRUtils.intToULong(I)J @ 1
Event: 29.762 Thread 0x00007ff7906ce800 Uncommon trap: reason=unstable_if action=reinterpret pc=0x00007ff7816aabdc method=sun.java2d.xr.XRCompositeManager.maskRequired()Z @ 30
Event: 29.775 Thread 0x00007ff7906ce800 Uncommon trap: reason=unstable_if action=reinterpret pc=0x00007ff7816b12f4 method=java.util.IdentityHashMap.nextKeyIndex(II)I @ 4
Event: 29.882 Thread 0x00007ff7906ce800 Uncommon trap: reason=unstable_if action=reinterpret pc=0x00007ff781690580 method=sun.java2d.xr.XRUtils.intToULong(I)J @ 1
Event: 30.080 Thread 0x00007ff72c01e800 Uncommon trap: reason=unstable_if action=reinterpret pc=0x00007ff781a07264 method=org.icepdf.core.pobjects.graphics.text.WordText.isPunctuation(I)Z @ 15
Event: 30.129 Thread 0x00007ff72c01e800 Uncommon trap: reason=unstable_if action=reinterpret pc=0x00007ff781971bc8 method=sun.font.FileFontStrike.getGlyphMetrics(IZ)Ljava/awt/geom/Point2D$Float; @ 11
Event: 30.129 Thread 0x00007ff72c01e800 Uncommon trap: reason=unstable_if action=reinterpret pc=0x00007ff7819387b8 method=sun.font.CharToGlyphMapper.canDisplay(C)Z @ 11
Event: 30.129 Thread 0x00007ff72c01e800 Uncommon trap: reason=unstable_if action=reinterpret pc=0x00007ff78112a0cc method=sun.font.CharToGlyphMapper.canDisplay(C)Z @ 11

Internal exceptions (10 events):
Event: 0.237 Thread 0x00007ff79000c800 Exception <a 'java/security/PrivilegedActionException'> (0x00000000ec110210) thrown at [/build/openjdk-8-pZyJp3/openjdk-8-8u131-b11/src/hotspot/src/share/vm/prims/jvm.cpp, line 1390]
Event: 0.237 Thread 0x00007ff79000c800 Exception <a 'java/security/PrivilegedActionException'> (0x00000000ec110608) thrown at [/build/openjdk-8-pZyJp3/openjdk-8-8u131-b11/src/hotspot/src/share/vm/prims/jvm.cpp, line 1390]
Event: 0.310 Thread 0x00007ff79000c800 Exception <a 'java/lang/NoSuchFieldError': method resolution failed> (0x00000000ec2154a8) thrown at [/build/openjdk-8-pZyJp3/openjdk-8-8u131-b11/src/hotspot/src/share/vm/prims/methodHandles.cpp, line 1146]
Event: 0.315 Thread 0x00007ff79000c800 Exception <a 'java/lang/NoSuchFieldError': method resolution failed> (0x00000000ec222bf8) thrown at [/build/openjdk-8-pZyJp3/openjdk-8-8u131-b11/src/hotspot/src/share/vm/prims/methodHandles.cpp, line 1146]
Event: 0.354 Thread 0x00007ff79000c800 Exception <a 'java/io/FileNotFoundException'> (0x00000000ec2a1af8) thrown at [/build/openjdk-8-pZyJp3/openjdk-8-8u131-b11/src/hotspot/src/share/vm/prims/jni.cpp, line 709]
Event: 0.354 Thread 0x00007ff79000c800 Exception <a 'java/io/FileNotFoundException'> (0x00000000ec2a24e8) thrown at [/build/openjdk-8-pZyJp3/openjdk-8-8u131-b11/src/hotspot/src/share/vm/prims/jni.cpp, line 709]
Event: 0.379 Thread 0x00007ff79000c800 Exception <a 'java/lang/ClassNotFoundException': sun/dc/DuctusRenderingEngine> (0x00000000ec2bc5a8) thrown at [/build/openjdk-8-pZyJp3/openjdk-8-8u131-b11/src/hotspot/src/share/vm/classfile/systemDictionary.cpp, line 210]
Event: 0.774 Thread 0x00007ff79000c800 Implicit null exception at 0x00007ff78123b7b5 to 0x00007ff78123bb65
Event: 0.774 Thread 0x00007ff79000c800 Implicit null exception at 0x00007ff7812116b6 to 0x00007ff781211a71
Event: 1.769 Thread 0x00007ff7906ce800 Exception <a 'java/lang/UnsupportedOperationException': > (0x00000000ebc019a0) thrown at [/build/openjdk-8-pZyJp3/openjdk-8-8u131-b11/src/hotspot/src/share/vm/prims/jni.cpp, line 735]

Events (10 events):
Event: 30.129 Thread 0x00007ff72c01e800 DEOPT UNPACKING pc=0x00007ff781004f69 sp=0x00007ff73fdfbc70 mode 2
Event: 30.129 Thread 0x00007ff72c01e800 Uncommon trap: trap_request=0xffffff65 fr.pc=0x00007ff7819387b8
Event: 30.129 Thread 0x00007ff72c01e800 DEOPT PACKING pc=0x00007ff7819387b8 sp=0x00007ff73fdfc090
Event: 30.129 Thread 0x00007ff72c01e800 DEOPT UNPACKING pc=0x00007ff781004f69 sp=0x00007ff73fdfbf30 mode 2
Event: 30.129 Thread 0x00007ff72c01e800 Uncommon trap: trap_request=0xffffff65 fr.pc=0x00007ff78112a0cc
Event: 30.129 Thread 0x00007ff72c01e800 DEOPT PACKING pc=0x00007ff78112a0cc sp=0x00007ff73fdfbfe0
Event: 30.129 Thread 0x00007ff72c01e800 DEOPT UNPACKING pc=0x00007ff781004f69 sp=0x00007ff73fdfbf38 mode 2
Event: 30.129 loading class org/icepdf/core/pobjects/fonts/nfont/NFont
Event: 30.129 loading class org/icepdf/core/pobjects/fonts/nfont/NFont done
Event: 30.247 Executing VM operation: ParallelGCFailedAllocation


Dynamic libraries:
00400000-00401000 r-xp 00000000 08:09 5647188                            /usr/lib/jvm/java-8-openjdk-amd64/jre/bin/java
00600000-00601000 r--p 00000000 08:09 5647188                            /usr/lib/jvm/java-8-openjdk-amd64/jre/bin/java
00601000-00602000 rw-p 00001000 08:09 5647188                            /usr/lib/jvm/java-8-openjdk-amd64/jre/bin/java
007de000-007ff000 rw-p 00000000 00:00 0                                  [heap]
c3400000-c5d80000 rw-p 00000000 00:00 0 
c5d80000-ebc00000 ---p 00000000 00:00 0 
ebc00000-f9c80000 rw-p 00000000 00:00 0 
100000000-100260000 rw-p 00000000 00:00 0 
100260000-140000000 ---p 00000000 00:00 0 
7ff708000000-7ff708079000 rw-p 00000000 00:00 0 
7ff708079000-7ff70c000000 ---p 00000000 00:00 0 
7ff710000000-7ff710029000 rw-p 00000000 00:00 0 
7ff710029000-7ff714000000 ---p 00000000 00:00 0 
7ff714000000-7ff714021000 rw-p 00000000 00:00 0 
7ff714021000-7ff718000000 ---p 00000000 00:00 0 
7ff718000000-7ff718055000 rw-p 00000000 00:00 0 
7ff718055000-7ff71c000000 ---p 00000000 00:00 0 
7ff71c000000-7ff71c021000 rw-p 00000000 00:00 0 
7ff71c021000-7ff720000000 ---p 00000000 00:00 0 
7ff720000000-7ff720021000 rw-p 00000000 00:00 0 
7ff720021000-7ff724000000 ---p 00000000 00:00 0 
7ff724000000-7ff724057000 rw-p 00000000 00:00 0 
7ff724057000-7ff728000000 ---p 00000000 00:00 0 
7ff728000000-7ff728021000 rw-p 00000000 00:00 0 
7ff728021000-7ff72c000000 ---p 00000000 00:00 0 
7ff72c000000-7ff72c0bf000 rw-p 00000000 00:00 0 
7ff72c0bf000-7ff730000000 ---p 00000000 00:00 0 
7ff730000000-7ff730022000 rw-p 00000000 00:00 0 
7ff730022000-7ff734000000 ---p 00000000 00:00 0 
7ff734000000-7ff7340bb000 rw-p 00000000 00:00 0 
7ff7340bb000-7ff738000000 ---p 00000000 00:00 0 
7ff738000000-7ff73818a000 rw-p 00000000 00:00 0 
7ff73818a000-7ff73c000000 ---p 00000000 00:00 0 
7ff73d353000-7ff73d356000 ---p 00000000 00:00 0 
7ff73d356000-7ff73d454000 rw-p 00000000 00:00 0 
7ff73d454000-7ff73d59c000 rw-s 00000000 00:05 5963804                    /SYSV00000000 (deleted)
7ff73d59c000-7ff73d59f000 ---p 00000000 00:00 0 
7ff73d59f000-7ff73d69d000 rw-p 00000000 00:00 0 
7ff73d69d000-7ff73d6a0000 ---p 00000000 00:00 0 
7ff73d6a0000-7ff73d79e000 rw-p 00000000 00:00 0 
7ff73d79e000-7ff73d7f0000 r-xp 00000000 08:09 5514417                    /usr/lib/x86_64-linux-gnu/liblcms2.so.2.0.6
7ff73d7f0000-7ff73d9ef000 ---p 00052000 08:09 5514417                    /usr/lib/x86_64-linux-gnu/liblcms2.so.2.0.6
7ff73d9ef000-7ff73d9f0000 r--p 00051000 08:09 5514417                    /usr/lib/x86_64-linux-gnu/liblcms2.so.2.0.6
7ff73d9f0000-7ff73d9f4000 rw-p 00052000 08:09 5514417                    /usr/lib/x86_64-linux-gnu/liblcms2.so.2.0.6
7ff73d9f4000-7ff73d9f5000 rw-p 00000000 00:00 0 
7ff73d9f5000-7ff73d9f9000 r-xp 00000000 08:09 5646763                    /usr/lib/jvm/java-8-openjdk-amd64/jre/lib/amd64/libjavalcms.so
7ff73d9f9000-7ff73dbf8000 ---p 00004000 08:09 5646763                    /usr/lib/jvm/java-8-openjdk-amd64/jre/lib/amd64/libjavalcms.so
7ff73dbf8000-7ff73dbf9000 r--p 00003000 08:09 5646763                    /usr/lib/jvm/java-8-openjdk-amd64/jre/lib/amd64/libjavalcms.so
7ff73dbf9000-7ff73dbfa000 rw-p 00004000 08:09 5646763                    /usr/lib/jvm/java-8-openjdk-amd64/jre/lib/amd64/libjavalcms.so
7ff73dbfa000-7ff73ddba000 rw-p 00000000 00:00 0 
7ff73ddba000-7ff73ddfa000 ---p 00000000 00:00 0 
7ff73ddfa000-7ff73de51000 r-xp 00000000 08:09 5514397                    /usr/lib/x86_64-linux-gnu/libjpeg.so.8.0.2
7ff73de51000-7ff73e051000 ---p 00057000 08:09 5514397                    /usr/lib/x86_64-linux-gnu/libjpeg.so.8.0.2
7ff73e051000-7ff73e052000 r--p 00057000 08:09 5514397                    /usr/lib/x86_64-linux-gnu/libjpeg.so.8.0.2
7ff73e052000-7ff73e053000 rw-p 00058000 08:09 5514397                    /usr/lib/x86_64-linux-gnu/libjpeg.so.8.0.2
7ff73e072000-7ff73e07c000 r-xp 00000000 08:09 5646795                    /usr/lib/jvm/java-8-openjdk-amd64/jre/lib/amd64/libjavajpeg.so
7ff73e07c000-7ff73e27b000 ---p 0000a000 08:09 5646795                    /usr/lib/jvm/java-8-openjdk-amd64/jre/lib/amd64/libjavajpeg.so
7ff73e27b000-7ff73e27c000 r--p 00009000 08:09 5646795                    /usr/lib/jvm/java-8-openjdk-amd64/jre/lib/amd64/libjavajpeg.so
7ff73e27c000-7ff73e27d000 rw-p 0000a000 08:09 5646795                    /usr/lib/jvm/java-8-openjdk-amd64/jre/lib/amd64/libjavajpeg.so
7ff73e27d000-7ff73e280000 ---p 00000000 00:00 0 
7ff73e280000-7ff73e37e000 rw-p 00000000 00:00 0 
7ff73e37e000-7ff73e381000 ---p 00000000 00:00 0 
7ff73e381000-7ff73e47f000 rw-p 00000000 00:00 0 
7ff73e47f000-7ff73e482000 ---p 00000000 00:00 0 
7ff73e482000-7ff73e780000 rw-p 00000000 00:00 0 
7ff73e780000-7ff73e78a000 r--s 00000000 08:09 786502                     /usr/share/fonts/X11/Type1/c0582bt_.pfb
7ff73e78a000-7ff73e793000 r--s 00000000 08:09 786512                     /usr/share/fonts/X11/Type1/c0648bt_.pfb
7ff73e793000-7ff73e79c000 r--s 00000000 08:09 786508                     /usr/share/fonts/X11/Type1/c0632bt_.pfb
7ff73e79c000-7ff73e7a5000 r--s 00000000 08:09 786510                     /usr/share/fonts/X11/Type1/c0633bt_.pfb
7ff73e7a5000-7ff73e7b8000 r--s 00000000 08:09 787233                     /usr/share/fonts/type1/gsfonts/b018015l.pfb
7ff73e7b8000-7ff73e7c2000 r--s 00000000 08:09 786500                     /usr/share/fonts/X11/Type1/c0419bt_.pfb
7ff73e7c2000-7ff73e7cb000 r--s 00000000 08:09 786514                     /usr/share/fonts/X11/Type1/c0649bt_.pfb
7ff73e7cb000-7ff73e7dc000 r--s 00000000 08:09 787263                     /usr/share/fonts/type1/gsfonts/n019023l.pfb
7ff73e7dc000-7ff73e7f3000 r--s 00000000 08:09 787287                     /usr/share/fonts/type1/gsfonts/n021023l.pfb
7ff73e7f3000-7ff73e80f000 r--s 00000000 08:09 787314                     /usr/share/fonts/type1/gsfonts/p052024l.pfb
7ff73e80f000-7ff73e828000 r--s 00000000 08:09 787230                     /usr/share/fonts/type1/gsfonts/b018012l.pfb
7ff73e828000-7ff73e841000 r--s 00000000 08:09 787281                     /usr/share/fonts/type1/gsfonts/n021003l.pfb
7ff73e841000-7ff73e84d000 r--s 00000000 08:09 787254                     /usr/share/fonts/type1/gsfonts/d050000l.pfb
7ff73e84d000-7ff73e85d000 r--s 00000000 08:09 787218                     /usr/share/fonts/type1/gsfonts/a010013l.pfb
7ff73e85d000-7ff73e86e000 r--s 00000000 08:09 787227                     /usr/share/fonts/type1/gsfonts/a010035l.pfb
7ff73e86e000-7ff73e880000 r--s 00000000 08:09 787239                     /usr/share/fonts/type1/gsfonts/b018035l.pfb
7ff73e880000-7ff73e895000 r--s 00000000 08:09 787236                     /usr/share/fonts/type1/gsfonts/b018032l.pfb
7ff73e895000-7ff73e89f000 r--s 00000000 08:09 786504                     /usr/share/fonts/X11/Type1/c0583bt_.pfb
7ff73e89f000-7ff73e8b6000 r--s 00000000 08:09 787320                     /usr/share/fonts/type1/gsfonts/z003034l.pfb
7ff73e8b6000-7ff73e8ce000 r--s 00000000 08:09 787251                     /usr/share/fonts/type1/gsfonts/c059036l.pfb
7ff73e8ce000-7ff73e8e9000 r--s 00000000 08:09 787305                     /usr/share/fonts/type1/gsfonts/p052003l.pfb
7ff73e8e9000-7ff73e8fb000 r--s 00000000 08:09 787260                     /usr/share/fonts/type1/gsfonts/n019004l.pfb
7ff73e8fb000-7ff73e911000 r--s 00000000 08:09 787299                     /usr/share/fonts/type1/gsfonts/n022023l.pfb
7ff73e911000-7ff73e924000 r--s 00000000 08:09 787278                     /usr/share/fonts/type1/gsfonts/n019064l.pfb
7ff73e924000-7ff73e936000 r--s 00000000 08:09 787269                     /usr/share/fonts/type1/gsfonts/n019043l.pfb
7ff73e936000-7ff73e94f000 r--s 00000000 08:09 787296                     /usr/share/fonts/type1/gsfonts/n022004l.pfb
7ff73e94f000-7ff73e959000 r--s 00000000 08:09 786506                     /usr/share/fonts/X11/Type1/c0611bt_.pfb
7ff73e959000-7ff73e96a000 r--s 00000000 08:09 787275                     /usr/share/fonts/type1/gsfonts/n019063l.pfb
7ff73e96a000-7ff73e97e000 r--s 00000000 08:09 787257                     /usr/share/fonts/type1/gsfonts/n019003l.pfb
7ff73e97e000-7ff73e997000 r--s 00000000 08:09 787284                     /usr/share/fonts/type1/gsfonts/n021004l.pfb
7ff73e997000-7ff73e9b2000 r--s 00000000 08:09 787308                     /usr/share/fonts/type1/gsfonts/p052004l.pfb
7ff73e9b2000-7ff73e9c3000 r--s 00000000 08:09 787266                     /usr/share/fonts/type1/gsfonts/n019024l.pfb
7ff73e9c3000-7ff73e9d5000 r--s 00000000 08:09 787272                     /usr/share/fonts/type1/gsfonts/n019044l.pfb
7ff73e9d5000-7ff73e9e5000 r--s 00000000 08:09 787224                     /usr/share/fonts/type1/gsfonts/a010033l.pfb
7ff73e9e5000-7ff73e9fd000 r--s 00000000 08:09 787293                     /usr/share/fonts/type1/gsfonts/n022003l.pfb
7ff73e9fd000-7ff73ea18000 r--s 00000000 08:09 787245                     /usr/share/fonts/type1/gsfonts/c059016l.pfb
7ff73ea18000-7ff73ea30000 r--s 00000000 08:09 787248                     /usr/share/fonts/type1/gsfonts/c059033l.pfb
7ff73ea30000-7ff73ea4a000 r--s 00000000 08:09 787242                     /usr/share/fonts/type1/gsfonts/c059013l.pfb
7ff73ea4a000-7ff73ea60000 r--s 00000000 08:09 787290                     /usr/share/fonts/type1/gsfonts/n021024l.pfb
7ff73ea60000-7ff73ea70000 r--s 00000000 08:09 787221                     /usr/share/fonts/type1/gsfonts/a010015l.pfb
7ff73ea70000-7ff73ea8b000 r--s 00000000 08:09 787311                     /usr/share/fonts/type1/gsfonts/p052023l.pfb
7ff73ea8b000-7ff73eaa1000 r--s 00000000 08:09 787302                     /usr/share/fonts/type1/gsfonts/n022024l.pfb
7ff73eaa1000-7ff73eca1000 rw-p 00000000 00:00 0 
7ff73eca1000-7ff73eca4000 ---p 00000000 00:00 0 
7ff73eca4000-7ff73eda2000 rw-p 00000000 00:00 0 
7ff73eda2000-7ff73edca000 r-xp 00000000 08:09 5646755                    /usr/lib/jvm/java-8-openjdk-amd64/jre/lib/amd64/libsunec.so
7ff73edca000-7ff73efca000 ---p 00028000 08:09 5646755                    /usr/lib/jvm/java-8-openjdk-amd64/jre/lib/amd64/libsunec.so
7ff73efca000-7ff73efce000 r--p 00028000 08:09 5646755                    /usr/lib/jvm/java-8-openjdk-amd64/jre/lib/amd64/libsunec.so
7ff73efce000-7ff73efcf000 rw-p 0002c000 08:09 5646755                    /usr/lib/jvm/java-8-openjdk-amd64/jre/lib/amd64/libsunec.so
7ff73efcf000-7ff73f1cf000 rw-p 00000000 00:00 0 
7ff73f1cf000-7ff73f1e0000 r-xp 00000000 08:09 5646729                    /usr/lib/jvm/java-8-openjdk-amd64/jre/lib/amd64/libnio.so
7ff73f1e0000-7ff73f3e0000 ---p 00011000 08:09 5646729                    /usr/lib/jvm/java-8-openjdk-amd64/jre/lib/amd64/libnio.so
7ff73f3e0000-7ff73f3e1000 r--p 00011000 08:09 5646729                    /usr/lib/jvm/java-8-openjdk-amd64/jre/lib/amd64/libnio.so
7ff73f3e1000-7ff73f3e2000 rw-p 00012000 08:09 5646729                    /usr/lib/jvm/java-8-openjdk-amd64/jre/lib/amd64/libnio.so
7ff73f3e2000-7ff73f6e3000 rw-p 00000000 00:00 0 
7ff73f6e3000-7ff73f6fa000 r-xp 00000000 08:09 5646769                    /usr/lib/jvm/java-8-openjdk-amd64/jre/lib/amd64/libnet.so
7ff73f6fa000-7ff73f8f9000 ---p 00017000 08:09 5646769                    /usr/lib/jvm/java-8-openjdk-amd64/jre/lib/amd64/libnet.so
7ff73f8f9000-7ff73f8fa000 r--p 00016000 08:09 5646769                    /usr/lib/jvm/java-8-openjdk-amd64/jre/lib/amd64/libnet.so
7ff73f8fa000-7ff73f8fb000 rw-p 00017000 08:09 5646769                    /usr/lib/jvm/java-8-openjdk-amd64/jre/lib/amd64/libnet.so
7ff73f8fb000-7ff73f8fe000 ---p 00000000 00:00 0 
7ff73f8fe000-7ff73f9fc000 rw-p 00000000 00:00 0 
7ff73f9fc000-7ff73f9ff000 ---p 00000000 00:00 0 
7ff73f9ff000-7ff73fcfd000 rw-p 00000000 00:00 0 
7ff73fcfd000-7ff73fd00000 ---p 00000000 00:00 0 
7ff73fd00000-7ff73fdfe000 rw-p 00000000 00:00 0 
7ff73fdfe000-7ff73fe01000 ---p 00000000 00:00 0 
7ff73fe01000-7ff73feff000 rw-p 00000000 00:00 0 
7ff73feff000-7ff73ff02000 ---p 00000000 00:00 0 
7ff73ff02000-7ff740000000 rw-p 00000000 00:00 0 
7ff740000000-7ff740021000 rw-p 00000000 00:00 0 
7ff740021000-7ff744000000 ---p 00000000 00:00 0 
7ff744000000-7ff744021000 rw-p 00000000 00:00 0 
7ff744021000-7ff748000000 ---p 00000000 00:00 0 
7ff748000000-7ff748021000 rw-p 00000000 00:00 0 
7ff748021000-7ff74c000000 ---p 00000000 00:00 0 
7ff74c000000-7ff74c021000 rw-p 00000000 00:00 0 
7ff74c021000-7ff750000000 ---p 00000000 00:00 0 
7ff750000000-7ff750d13000 rw-p 00000000 00:00 0 
7ff750d13000-7ff754000000 ---p 00000000 00:00 0 
7ff754000000-7ff75487b000 rw-p 00000000 00:00 0 
7ff75487b000-7ff758000000 ---p 00000000 00:00 0 
7ff758000000-7ff758021000 rw-p 00000000 00:00 0 
7ff758021000-7ff75c000000 ---p 00000000 00:00 0 
7ff75c000000-7ff75db66000 rw-p 00000000 00:00 0 
7ff75db66000-7ff760000000 ---p 00000000 00:00 0 
7ff760000000-7ff760021000 rw-p 00000000 00:00 0 
7ff760021000-7ff764000000 ---p 00000000 00:00 0 
7ff764000000-7ff764021000 rw-p 00000000 00:00 0 
7ff764021000-7ff768000000 ---p 00000000 00:00 0 
7ff768000000-7ff768031000 rw-p 00000000 00:00 0 
7ff768031000-7ff76c000000 ---p 00000000 00:00 0 
7ff76c000000-7ff76c021000 rw-p 00000000 00:00 0 
7ff76c021000-7ff770000000 ---p 00000000 00:00 0 
7ff770006000-7ff77000f000 r--s 00000000 08:09 787317                     /usr/share/fonts/type1/gsfonts/s050000l.pfb
7ff77000f000-7ff77001a000 r--s 00000000 08:09 1324303                    /var/cache/fontconfig/945677eb7aeaf62f1d50efc3fb3ec7d8-le64.cache-6
7ff77001a000-7ff770020000 r--s 00000000 08:09 1328860                    /var/cache/fontconfig/2cd17615ca594fa2959ae173292e504c-le64.cache-6
7ff770020000-7ff770021000 r--s 00000000 08:09 1328859                    /var/cache/fontconfig/0d8c3b2ac0904cb8a57a757ad11a4a08-le64.cache-6
7ff770021000-7ff770036000 r--s 00000000 08:09 1328858                    /var/cache/fontconfig/04aabc0a78ac019cf9454389977116d2-le64.cache-6
7ff770036000-7ff770037000 r--s 00000000 08:09 1328857                    /var/cache/fontconfig/1ac9eb803944fde146138c791f5cc56a-le64.cache-6
7ff770037000-7ff77003b000 r--s 00000000 08:09 1328856                    /var/cache/fontconfig/385c0604a188198f04d133e54aba7fe7-le64.cache-6
7ff77003b000-7ff77003c000 r--s 00000000 08:09 1328855                    /var/cache/fontconfig/dc05db6664285cc2f12bf69c139ae4c3-le64.cache-6
7ff77003c000-7ff77003f000 r--s 00000000 08:09 1328854                    /var/cache/fontconfig/767a8244fc0220cfb567a839d0392e0b-le64.cache-6
7ff77003f000-7ff770040000 r--s 00000000 08:09 1311378                    /var/cache/fontconfig/4794a0821666d79190d59a36cb4f44b5-le64.cache-6
7ff770040000-7ff770045000 r--s 00000000 08:09 1328852                    /var/cache/fontconfig/8801497958630a81b71ace7c5f9b32a8-le64.cache-6
7ff770045000-7ff770046000 r--s 00000000 08:09 1328851                    /var/cache/fontconfig/bab58bb527bb656aaa9f116d68a48d89-le64.cache-6
7ff770046000-7ff77004d000 r--s 00000000 08:09 1328850                    /var/cache/fontconfig/3047814df9a2f067bd2d96a2b9c36e5a-le64.cache-6
7ff77004d000-7ff77004e000 r--s 00000000 08:09 1328849                    /var/cache/fontconfig/56cf4f4769d0f4abc89a4895d7bd3ae1-le64.cache-6
7ff77004e000-7ff77004f000 r--s 00000000 08:09 1328848                    /var/cache/fontconfig/b9d506c9ac06c20b433354fa67a72993-le64.cache-6
7ff77004f000-7ff770055000 r--s 00000000 08:09 1328847                    /var/cache/fontconfig/b47c4e1ecd0709278f4910c18777a504-le64.cache-6
7ff770055000-7ff770068000 r--s 00000000 08:09 1328846                    /var/cache/fontconfig/d52a8644073d54c13679302ca1180695-le64.cache-6
7ff770068000-7ff770069000 r--s 00000000 08:09 1328845                    /var/cache/fontconfig/551ecf3b0e8b0bca0f25c0944f561853-le64.cache-6
7ff770069000-7ff770074000 r--s 00000000 08:09 1323802                    /var/cache/fontconfig/d589a48862398ed80a3d6066f4f56f4c-le64.cache-6
7ff770074000-7ff770075000 r--s 00000000 08:09 1328843                    /var/cache/fontconfig/30829fa25452a46451e813d634d7f916-le64.cache-6
7ff770075000-7ff770076000 r--s 00000000 08:09 1328842                    /var/cache/fontconfig/0c9eb80ebd1c36541ebe2852d3bb0c49-le64.cache-6
7ff770076000-7ff770079000 r--s 00000000 08:09 1328840                    /var/cache/fontconfig/75114ca45c98e8a441da0ff356701271-le64.cache-6
7ff770079000-7ff77007c000 ---p 00000000 00:00 0 
7ff77007c000-7ff77017a000 rw-p 00000000 00:00 0 
7ff77017a000-7ff77017f000 r-xp 00000000 08:09 5513678                    /usr/lib/x86_64-linux-gnu/libXfixes.so.3.1.0
7ff77017f000-7ff77037e000 ---p 00005000 08:09 5513678                    /usr/lib/x86_64-linux-gnu/libXfixes.so.3.1.0
7ff77037e000-7ff77037f000 r--p 00004000 08:09 5513678                    /usr/lib/x86_64-linux-gnu/libXfixes.so.3.1.0
7ff77037f000-7ff770380000 rw-p 00005000 08:09 5513678                    /usr/lib/x86_64-linux-gnu/libXfixes.so.3.1.0
7ff770380000-7ff770389000 r-xp 00000000 08:09 5513670                    /usr/lib/x86_64-linux-gnu/libXcursor.so.1.0.2
7ff770389000-7ff770588000 ---p 00009000 08:09 5513670                    /usr/lib/x86_64-linux-gnu/libXcursor.so.1.0.2
7ff770588000-7ff770589000 r--p 00008000 08:09 5513670                    /usr/lib/x86_64-linux-gnu/libXcursor.so.1.0.2
7ff770589000-7ff77058a000 rw-p 00009000 08:09 5513670                    /usr/lib/x86_64-linux-gnu/libXcursor.so.1.0.2
7ff77058a000-7ff77058d000 ---p 00000000 00:00 0 
7ff77058d000-7ff77068b000 rw-p 00000000 00:00 0 
7ff77068b000-7ff7706af000 r-xp 00000000 08:09 3281669                    /lib/x86_64-linux-gnu/libpng12.so.0.54.0
7ff7706af000-7ff7708ae000 ---p 00024000 08:09 3281669                    /lib/x86_64-linux-gnu/libpng12.so.0.54.0
7ff7708ae000-7ff7708af000 r--p 00023000 08:09 3281669                    /lib/x86_64-linux-gnu/libpng12.so.0.54.0
7ff7708af000-7ff7708b0000 rw-p 00024000 08:09 3281669                    /lib/x86_64-linux-gnu/libpng12.so.0.54.0
7ff7708b0000-7ff770954000 r-xp 00000000 08:09 5510894                    /usr/lib/x86_64-linux-gnu/libfreetype.so.6.12.1
7ff770954000-7ff770b53000 ---p 000a4000 08:09 5510894                    /usr/lib/x86_64-linux-gnu/libfreetype.so.6.12.1
7ff770b53000-7ff770b59000 r--p 000a3000 08:09 5510894                    /usr/lib/x86_64-linux-gnu/libfreetype.so.6.12.1
7ff770b59000-7ff770b5a000 rw-p 000a9000 08:09 5510894                    /usr/lib/x86_64-linux-gnu/libfreetype.so.6.12.1
7ff770b5a000-7ff770bac000 r-xp 00000000 08:09 5646727                    /usr/lib/jvm/java-8-openjdk-amd64/jre/lib/amd64/libfontmanager.so
7ff770bac000-7ff770dac000 ---p 00052000 08:09 5646727                    /usr/lib/jvm/java-8-openjdk-amd64/jre/lib/amd64/libfontmanager.so
7ff770dac000-7ff770dae000 r--p 00052000 08:09 5646727                    /usr/lib/jvm/java-8-openjdk-amd64/jre/lib/amd64/libfontmanager.so
7ff770dae000-7ff770daf000 rw-p 00054000 08:09 5646727                    /usr/lib/jvm/java-8-openjdk-amd64/jre/lib/amd64/libfontmanager.so
7ff770daf000-7ff770db4000 r-xp 00000000 08:09 5513674                    /usr/lib/x86_64-linux-gnu/libXdmcp.so.6.0.0
7ff770db4000-7ff770fb3000 ---p 00005000 08:09 5513674                    /usr/lib/x86_64-linux-gnu/libXdmcp.so.6.0.0
7ff770fb3000-7ff770fb4000 r--p 00004000 08:09 5513674                    /usr/lib/x86_64-linux-gnu/libXdmcp.so.6.0.0
7ff770fb4000-7ff770fb5000 rw-p 00005000 08:09 5513674                    /usr/lib/x86_64-linux-gnu/libXdmcp.so.6.0.0
7ff770fb5000-7ff770fb7000 r-xp 00000000 08:09 5513663                    /usr/lib/x86_64-linux-gnu/libXau.so.6.0.0
7ff770fb7000-7ff7711b7000 ---p 00002000 08:09 5513663                    /usr/lib/x86_64-linux-gnu/libXau.so.6.0.0
7ff7711b7000-7ff7711b8000 r--p 00002000 08:09 5513663                    /usr/lib/x86_64-linux-gnu/libXau.so.6.0.0
7ff7711b8000-7ff7711b9000 rw-p 00003000 08:09 5513663                    /usr/lib/x86_64-linux-gnu/libXau.so.6.0.0
7ff7711b9000-7ff7711da000 r-xp 00000000 08:09 5515041                    /usr/lib/x86_64-linux-gnu/libxcb.so.1.1.0
7ff7711da000-7ff7713d9000 ---p 00021000 08:09 5515041                    /usr/lib/x86_64-linux-gnu/libxcb.so.1.1.0
7ff7713d9000-7ff7713da000 r--p 00020000 08:09 5515041                    /usr/lib/x86_64-linux-gnu/libxcb.so.1.1.0
7ff7713da000-7ff7713db000 rw-p 00021000 08:09 5515041                    /usr/lib/x86_64-linux-gnu/libxcb.so.1.1.0
7ff7713db000-7ff7713ea000 r-xp 00000000 08:09 5513684                    /usr/lib/x86_64-linux-gnu/libXi.so.6.1.0
7ff7713ea000-7ff7715e9000 ---p 0000f000 08:09 5513684                    /usr/lib/x86_64-linux-gnu/libXi.so.6.1.0
7ff7715e9000-7ff7715ea000 r--p 0000e000 08:09 5513684                    /usr/lib/x86_64-linux-gnu/libXi.so.6.1.0
7ff7715ea000-7ff7715eb000 rw-p 0000f000 08:09 5513684                    /usr/lib/x86_64-linux-gnu/libXi.so.6.1.0
7ff7715eb000-7ff7715f0000 r-xp 00000000 08:09 5513702                    /usr/lib/x86_64-linux-gnu/libXtst.so.6.1.0
7ff7715f0000-7ff7717ef000 ---p 00005000 08:09 5513702                    /usr/lib/x86_64-linux-gnu/libXtst.so.6.1.0
7ff7717ef000-7ff7717f0000 r--p 00004000 08:09 5513702                    /usr/lib/x86_64-linux-gnu/libXtst.so.6.1.0
7ff7717f0000-7ff7717f1000 rw-p 00005000 08:09 5513702                    /usr/lib/x86_64-linux-gnu/libXtst.so.6.1.0
7ff7717f1000-7ff7717fa000 r-xp 00000000 08:09 5513696                    /usr/lib/x86_64-linux-gnu/libXrender.so.1.3.0
7ff7717fa000-7ff7719f9000 ---p 00009000 08:09 5513696                    /usr/lib/x86_64-linux-gnu/libXrender.so.1.3.0
7ff7719f9000-7ff7719fa000 r--p 00008000 08:09 5513696                    /usr/lib/x86_64-linux-gnu/libXrender.so.1.3.0
7ff7719fa000-7ff7719fb000 rw-p 00009000 08:09 5513696                    /usr/lib/x86_64-linux-gnu/libXrender.so.1.3.0
7ff7719fb000-7ff771b30000 r-xp 00000000 08:09 5513659                    /usr/lib/x86_64-linux-gnu/libX11.so.6.3.0
7ff771b30000-7ff771d30000 ---p 00135000 08:09 5513659                    /usr/lib/x86_64-linux-gnu/libX11.so.6.3.0
7ff771d30000-7ff771d31000 r--p 00135000 08:09 5513659                    /usr/lib/x86_64-linux-gnu/libX11.so.6.3.0
7ff771d31000-7ff771d35000 rw-p 00136000 08:09 5513659                    /usr/lib/x86_64-linux-gnu/libX11.so.6.3.0
7ff771d35000-7ff771d46000 r-xp 00000000 08:09 5513676                    /usr/lib/x86_64-linux-gnu/libXext.so.6.4.0
7ff771d46000-7ff771f45000 ---p 00011000 08:09 5513676                    /usr/lib/x86_64-linux-gnu/libXext.so.6.4.0
7ff771f45000-7ff771f46000 r--p 00010000 08:09 5513676                    /usr/lib/x86_64-linux-gnu/libXext.so.6.4.0
7ff771f46000-7ff771f47000 rw-p 00011000 08:09 5513676                    /usr/lib/x86_64-linux-gnu/libXext.so.6.4.0
7ff771f47000-7ff771f9b000 r-xp 00000000 08:09 5646783                    /usr/lib/jvm/java-8-openjdk-amd64/jre/lib/amd64/libawt_xawt.so
7ff771f9b000-7ff77219b000 ---p 00054000 08:09 5646783                    /usr/lib/jvm/java-8-openjdk-amd64/jre/lib/amd64/libawt_xawt.so
7ff77219b000-7ff77219c000 r--p 00054000 08:09 5646783                    /usr/lib/jvm/java-8-openjdk-amd64/jre/lib/amd64/libawt_xawt.so
7ff77219c000-7ff77219f000 rw-p 00055000 08:09 5646783                    /usr/lib/jvm/java-8-openjdk-amd64/jre/lib/amd64/libawt_xawt.so
7ff77219f000-7ff774000000 rw-p 00000000 00:00 0 
7ff774000000-7ff774021000 rw-p 00000000 00:00 0 
7ff774021000-7ff778000000 ---p 00000000 00:00 0 
7ff778000000-7ff778021000 rw-p 00000000 00:00 0 
7ff778021000-7ff77c000000 ---p 00000000 00:00 0 
7ff77c000000-7ff77c021000 rw-p 00000000 00:00 0 
7ff77c021000-7ff780000000 ---p 00000000 00:00 0 
7ff780000000-7ff78000b000 r--s 00000000 08:09 1328839                    /var/cache/fontconfig/83bf95040141907cd45bb53cf7c1c148-le64.cache-6
7ff78000b000-7ff78001d000 r--s 00000000 08:09 1312525                    /var/cache/fontconfig/9b89f8e3dae116d678bbf48e5f21f69b-le64.cache-6
7ff78001d000-7ff78002a000 r--s 00000000 08:09 1322288                    /var/cache/fontconfig/e13b20fdb08344e0e664864cc2ede53d-le64.cache-6
7ff78002a000-7ff78002e000 r--s 00000000 08:09 1311391                    /var/cache/fontconfig/7ef2298fde41cc6eeb7af42e48b7d293-le64.cache-6
7ff78002e000-7ff780046000 r--s 00000000 08:09 787293                     /usr/share/fonts/type1/gsfonts/n022003l.pfb
7ff780046000-7ff780049000 r--s 00015000 08:09 5647175                    /usr/lib/jvm/java-8-openjdk-amd64/jre/lib/jce.jar
7ff780049000-7ff78004e000 r--s 0009a000 08:09 5646723                    /usr/lib/jvm/java-8-openjdk-amd64/jre/lib/jsse.jar
7ff78004e000-7ff780061000 r--s 00346000 08:09 5646801                    /usr/lib/jvm/java-8-openjdk-amd64/jre/lib/resources.jar
7ff780061000-7ff780101000 r-xp 00000000 08:09 5646771                    /usr/lib/jvm/java-8-openjdk-amd64/jre/lib/amd64/libawt.so
7ff780101000-7ff780301000 ---p 000a0000 08:09 5646771                    /usr/lib/jvm/java-8-openjdk-amd64/jre/lib/amd64/libawt.so
7ff780301000-7ff780302000 r--p 000a0000 08:09 5646771                    /usr/lib/jvm/java-8-openjdk-amd64/jre/lib/amd64/libawt.so
7ff780302000-7ff78030d000 rw-p 000a1000 08:09 5646771                    /usr/lib/jvm/java-8-openjdk-amd64/jre/lib/amd64/libawt.so
7ff78030d000-7ff780332000 rw-p 00000000 00:00 0 
7ff780332000-7ff780337000 r--s 002f9000 08:09 5646809                    /usr/lib/jvm/java-8-openjdk-amd64/jre/lib/charsets.jar
7ff780337000-7ff780339000 r--s 00011000 08:09 4860596                    /home/chhavi/.m2/repository/org/hamcrest/hamcrest-core/1.1/hamcrest-core-1.1.jar
7ff780339000-7ff780340000 r--s 00037000 08:09 2368863                    /home/chhavi/.m2/repository/junit/junit/4.10/junit-4.10.jar
7ff780340000-7ff780341000 r--s 00005000 08:09 4860594                    /home/chhavi/.m2/repository/com/googlecode/json-simple/json-simple/1.1.1/json-simple-1.1.1.jar
7ff780341000-7ff78034f000 r--s 000ca000 08:09 823736                     /home/chhavi/Documents/Jars/icepdf-viewer-6.1.2.jar
7ff78034f000-7ff7803ad000 r--s 009c4000 08:09 807608                     /home/chhavi/Documents/Jars/pdfbox-app-1.8.13.jar
7ff7803ad000-7ff7803ba000 r--s 0014e000 08:09 805556                     /home/chhavi/Documents/Jars/icepdf-core-6.1.2.jar
7ff7803ba000-7ff7803bd000 r--s 0002b000 08:09 1705468                    /home/chhavi/Downloads/3.0.4 jars/spring-security-config-3.0.4.RELEASE.jar
7ff7803bd000-7ff7803c7000 r--s 00042000 08:09 1705469                    /home/chhavi/Downloads/3.0.4 jars/spring-security-core-3.0.4.RELEASE.jar
7ff7803c7000-7ff7803c8000 r--s 00004000 08:09 1705470                    /home/chhavi/Downloads/3.0.4 jars/spring-security-taglibs-3.0.4.RELEASE.jar
7ff7803c8000-7ff7803cf000 r--s 00034000 08:09 1705467                    /home/chhavi/Downloads/3.0.4 jars/spring-security-web-3.0.4.RELEASE.jar
7ff7803cf000-7ff7803d3000 r--s 00027000 08:09 1705398                    /home/chhavi/Downloads/3.0.4 jars/spring-webmvc-portlet-3.0.4.RELEASE.jar
7ff7803d3000-7ff7803d8000 r--s 0002e000 08:09 1705397                    /home/chhavi/Downloads/3.0.4 jars/spring-test-3.0.4.release-sources.jar
7ff7803d8000-7ff7803da000 r--s 0000d000 08:09 1705396                    /home/chhavi/Downloads/3.0.4 jars/spring-oxm-3.0.4.RELEASE.jar
7ff7803da000-7ff7803e2000 r--s 0004a000 08:09 1705395                    /home/chhavi/Downloads/3.0.4 jars/spring-orm-3.0.4.RELEASE.jar
7ff7803e2000-7ff7803e7000 r--s 00029000 08:09 1705394                    /home/chhavi/Downloads/3.0.4 jars/spring-jms-3.0.4.RELEASE.jar
7ff7803e7000-7ff7803f0000 r--s 00054000 08:09 1705393                    /home/chhavi/Downloads/3.0.4 jars/spring-jdbc-3.0.4.RELEASE.jar
7ff7803f0000-7ff7803f1000 r--s 00001000 08:09 1705379                    /home/chhavi/Downloads/3.0.4 jars/spring-instrument-tomcat-3.0.4.RELEASE.jar
7ff7803f1000-7ff7803f2000 r--s 00000000 08:09 1705380                    /home/chhavi/Downloads/3.0.4 jars/spring-instrument-3.0.4.RELEASE.jar
7ff7803f2000-7ff7803f5000 r--s 00016000 08:09 1705392                    /home/chhavi/Downloads/3.0.4 jars/spring-context-support-3.0.4.RELEASE.jar
7ff7803f5000-7ff7803f7000 r--s 00006000 08:09 1705391                    /home/chhavi/Downloads/3.0.4 jars/spring-aspects-3.0.4.RELEASE.jar
7ff7803f7000-7ff7803f8000 r--s 0000c000 08:09 1705374                    /home/chhavi/Downloads/3.0.4 jars/spring-asm-3.0.4.RELEASE.jar
7ff7803f8000-7ff7803fa000 r--s 00006000 08:09 1705390                    /home/chhavi/Downloads/3.0.4 jars/org.springframework.web.struts-3.0.4.RELEASE.jar
7ff7803fa000-7ff780401000 r--s 00032000 08:09 1705389                    /home/chhavi/Downloads/3.0.4 jars/org.springframework.transaction-3.0.4.release.jar
7ff780401000-7ff780405000 r--s 00025000 08:09 1705375                    /home/chhavi/Downloads/3.0.4 jars/spring-expression-3.0.4.RELEASE.jar
7ff780405000-7ff78040f000 r--s 00057000 08:09 1705363                    /home/chhavi/Downloads/spring-web-3.0.4.RELEASE.jar
7ff78040f000-7ff780418000 r--s 00051000 08:09 1705373                    /home/chhavi/Downloads/3.0.4 jars/spring-core-3.0.4.RELEASE.jar
7ff780418000-7ff780429000 r--s 00092000 08:09 1705372                    /home/chhavi/Downloads/3.0.4 jars/org.springframework.context-3.0.4.RELEASE.jar
7ff780429000-7ff780434000 r--s 0007d000 08:09 1705371                    /home/chhavi/Downloads/3.0.4 jars/org.springframework.beans-3.0.4.RELEASE.jar
7ff780434000-7ff78043d000 r--s 00046000 08:09 1705370                    /home/chhavi/Downloads/3.0.4 jars/org.springframework.aop-3.0.4.release.jar
7ff78043d000-7ff78043f000 r--s 00007000 08:09 4590168                    /home/chhavi/Downloads/hibernate-validator-5.4.0.Final/dist/hibernate-validator-cdi-5.4.0.Final.jar
7ff78043f000-7ff780443000 r--s 0001b000 08:09 4590169                    /home/chhavi/Downloads/hibernate-validator-5.4.0.Final/dist/hibernate-validator-annotation-processor-5.4.0.Final.jar
7ff780443000-7ff780455000 r--s 000a7000 08:09 4590167                    /home/chhavi/Downloads/hibernate-validator-5.4.0.Final/dist/hibernate-validator-5.4.0.Final.jar
7ff780455000-7ff780459000 r--s 0000c000 08:09 4590170                    /home/chhavi/Downloads/hibernate-validator-5.4.0.Final/dist/lib/required/validation-api-1.1.0.Final.jar
7ff780459000-7ff78045b000 r--s 0000f000 08:09 4590171                    /home/chhavi/Downloads/hibernate-validator-5.4.0.Final/dist/lib/required/jboss-logging-3.3.0.Final.jar
7ff78045b000-7ff780460000 r--s 00036000 08:09 4590173                    /home/chhavi/Downloads/hibernate-validator-5.4.0.Final/dist/lib/required/javax.el-3.0.1-b08.jar
7ff780460000-7ff780462000 r--s 0000e000 08:09 4590172                    /home/chhavi/Downloads/hibernate-validator-5.4.0.Final/dist/lib/required/classmate-1.3.1.jar
7ff780462000-7ff78046b000 r--s 0005d000 08:09 1705364                    /home/chhavi/Downloads/org.springframework.web.servlet-3.0.4.RELEASE.jar
7ff78046b000-7ff78046e000 r--s 00015000 08:09 4199336                    /home/chhavi/Downloads/jars/xmlunit-1.2.jar
7ff78046e000-7ff780470000 r--s 00015000 08:09 4199326                    /home/chhavi/Downloads/jars/xapool.jar
7ff780470000-7ff780477000 r--s 00079000 08:09 4199335                    /home/chhavi/Downloads/jars/wstx-asl-3.2.7.jar
7ff780477000-7ff78047b000 r--s 00014000 08:09 4199305                    /home/chhavi/Downloads/jars/spring-javaconfig.jar
7ff78047b000-7ff780480000 r--s 0000d000 08:09 4199320                    /home/chhavi/Downloads/jars/persistence.jar
7ff780480000-7ff780487000 r--s 0002b000 08:09 4199304                    /home/chhavi/Downloads/jars/org.springframework.config.java-1.0.0.M4.jar
7ff780487000-7ff78048a000 r--s 0001c000 08:09 4199325                    /home/chhavi/Downloads/jars/jotm.jar
7ff78048a000-7ff78048c000 r--s 00017000 08:09 4199296                    /home/chhavi/Downloads/jars/jmxtools-1.2.1.jar
7ff78048c000-7ff780493000 r--s 00053000 08:09 4199315                    /home/chhavi/Downloads/jars/jmxri.jar
7ff780493000-7ff780498000 r--s 0002e000 08:09 4199314                    /home/chhavi/Downloads/jars/jmxremote_optional.jar
7ff780498000-7ff78049c000 r--s 00027000 08:09 4199313                    /home/chhavi/Downloads/jars/jmxremote.jar
7ff78049c000-7ff78049f000 r--s 00022000 08:09 4199312                    /home/chhavi/Downloads/jars/jamon-2.7.jar
7ff78049f000-7ff7804a0000 r--s 00008000 08:09 4199333                    /home/chhavi/Downloads/jars/easymock.jar
7ff7804a0000-7ff7804a2000 r--s 0001c000 08:09 4199324                    /home/chhavi/Downloads/jars/commons-dbcp.jar
7ff7804a2000-7ff7804b0000 r--s 000c9000 08:09 4199332                    /home/chhavi/Downloads/jars/com.springsource.org.testng-5.10.0.jar
7ff7804b0000-7ff7804b7000 r--s 00068000 08:09 4199311                    /home/chhavi/Downloads/jars/com.springsource.org.quartz-1.6.2.jar
7ff7804b7000-7ff7804bd000 r--s 00034000 08:09 4199331                    /home/chhavi/Downloads/jars/com.springsource.org.junit-4.7.0.jar
7ff7804bd000-7ff780558000 r--s 00785000 08:09 4199310                    /home/chhavi/Downloads/jars/com.springsource.org.jruby-1.4.0.jar
7ff780558000-7ff78055e000 r--s 0003c000 08:09 4199339                    /home/chhavi/Downloads/jars/com.springsource.org.codehaus.jackson.mapper-1.0.0.jar
7ff78055e000-7ff78059c000 r--s 0038a000 08:09 4199309                    /home/chhavi/Downloads/jars/com.springsource.org.codehaus.groovy-1.6.5.jar
7ff78059c000-7ff7805b1000 r--s 0017c000 08:09 4199289                    /home/chhavi/Downloads/jars/com.springsource.org.aspectj.weaver-1.6.8.RELEASE.jar
7ff7805b1000-7ff7805ba000 r--s 00059000 08:09 4199330                    /home/chhavi/Downloads/jars/com.springsource.org.apache.taglibs.standard-1.1.2.jar
7ff7805ba000-7ff7805c1000 r--s 0005a000 08:09 4199295                    /home/chhavi/Downloads/jars/com.springsource.org.apache.log4j-1.2.15.jar
7ff7805c1000-7ff7805c3000 r--s 00016000 08:09 4199323                    /home/chhavi/Downloads/jars/com.springsource.org.apache.commons.pool-1.5.3.jar
7ff7805c3000-7ff7805c5000 r--s 0000e000 08:09 4199294                    /home/chhavi/Downloads/jars/com.springsource.org.apache.commons.logging-1.1.1.jar
7ff7805c5000-7ff7805c9000 r--s 0003d000 08:09 4199322                    /home/chhavi/Downloads/jars/com.springsource.org.apache.commons.lang-2.4.0.jar
7ff7805c9000-7ff7805cf000 r--s 00046000 08:09 4199338                    /home/chhavi/Downloads/jars/com.springsource.org.apache.commons.httpclient-3.1.0.jar
7ff7805cf000-7ff7805d2000 r--s 0000b000 08:09 4199337                    /home/chhavi/Downloads/jars/com.springsource.org.apache.commons.fileupload-1.2.0.jar
7ff7805d2000-7ff7805d4000 r--s 00000000 08:09 4199288                    /home/chhavi/Downloads/jars/com.springsource.org.aopalliance-1.0.0.jar
7ff7805d4000-7ff7805da000 r--s 0004a000 08:09 4199287                    /home/chhavi/Downloads/jars/com.springsource.net.sf.cglib-2.2.0.jar
7ff7805da000-7ff7805de000 r--s 0001f000 08:09 4199327                    /home/chhavi/Downloads/jars/com.springsource.javax.jdo-2.1.0.jar
7ff7805de000-7ff7805e7000 r--s 00049000 08:09 4199308                    /home/chhavi/Downloads/jars/com.springsource.edu.emory.mathcs.backport-3.0.0.jar
7ff7805e7000-7ff7805f2000 r--s 0008c000 08:09 4199321                    /home/chhavi/Downloads/jars/com.springsource.com.mchange.v2.c3p0-0.9.1.2.jar
7ff7805f2000-7ff7805fb000 r--s 00056000 08:09 4199302                    /home/chhavi/Downloads/jars/com.springsource.com.ibatis-2.3.4.726.jar
7ff7805fb000-7ff780601000 r--s 00042000 08:09 4199328                    /home/chhavi/Downloads/jars/com.springsource.com.caucho-3.2.1.jar
7ff780601000-7ff780606000 r--s 00041000 08:09 4199306                    /home/chhavi/Downloads/jars/com.springsource.bsh-2.0.0.b4.jar
7ff780606000-7ff780621000 r--s 00394000 08:09 5638054                    /usr/lib/jvm/java-8-openjdk-amd64/jre/lib/ext/cldrdata.jar
7ff780621000-7ff780622000 ---p 00000000 00:00 0 
7ff780622000-7ff780722000 rw-p 00000000 00:00 0 
7ff780722000-7ff780725000 ---p 00000000 00:00 0 
7ff780725000-7ff780823000 rw-p 00000000 00:00 0 
7ff780823000-7ff780826000 ---p 00000000 00:00 0 
7ff780826000-7ff780924000 rw-p 00000000 00:00 0 
7ff780924000-7ff780927000 ---p 00000000 00:00 0 
7ff780927000-7ff780a25000 rw-p 00000000 00:00 0 
7ff780a25000-7ff780a28000 ---p 00000000 00:00 0 
7ff780a28000-7ff780b26000 rw-p 00000000 00:00 0 
7ff780b26000-7ff780b29000 ---p 00000000 00:00 0 
7ff780b29000-7ff780c27000 rw-p 00000000 00:00 0 
7ff780c27000-7ff780eff000 r--p 00000000 08:09 5505043                    /usr/lib/locale/locale-archive
7ff780eff000-7ff780f02000 ---p 00000000 00:00 0 
7ff780f02000-7ff781000000 rw-p 00000000 00:00 0 
7ff781000000-7ff781a90000 rwxp 00000000 00:00 0 
7ff781a90000-7ff790000000 ---p 00000000 00:00 0 
7ff790000000-7ff790ab7000 rw-p 00000000 00:00 0 
7ff790ab7000-7ff794000000 ---p 00000000 00:00 0 
7ff794000000-7ff794001000 r--s 00000000 08:09 4199329                    /home/chhavi/Downloads/jars/com.springsource.javax.inject-1.0.0.jar
7ff794001000-7ff794002000 r--s 00001000 08:09 4199307                    /home/chhavi/Downloads/jars/com.springsource.commonj-1.1.0.jar
7ff794002000-7ff794008000 r--s 0007f000 08:09 817388                     /home/chhavi/Downloads/mysql-connector.jar
7ff794008000-7ff794009000 r--s 00010000 08:09 5642750                    /usr/lib/jvm/java-8-openjdk-amd64/jre/lib/ext/zipfs.jar
7ff794009000-7ff79400d000 r--s 00037000 08:09 5641923                    /usr/lib/jvm/java-8-openjdk-amd64/jre/lib/ext/sunpkcs11.jar
7ff79400d000-7ff794011000 r--s 0002d000 08:09 5641734                    /usr/lib/jvm/java-8-openjdk-amd64/jre/lib/ext/servlet-api-3.0.jar
7ff794011000-7ff794014000 r--s 0000f000 08:09 5642746                    /usr/lib/jvm/java-8-openjdk-amd64/jre/lib/ext/icedtea-sound.jar
7ff794014000-7ff794015000 r--s 0000a000 08:09 5641982                    /usr/lib/jvm/java-8-openjdk-amd64/jre/lib/ext/jaccess.jar
7ff794015000-7ff79401f000 r--s 00116000 08:09 5639282                    /usr/lib/jvm/java-8-openjdk-amd64/jre/lib/ext/localedata.jar
7ff79401f000-7ff79403a000 r--s 001d6000 08:09 5639281                    /usr/lib/jvm/java-8-openjdk-amd64/jre/lib/ext/nashorn.jar
7ff79403a000-7ff79403d000 ---p 00000000 00:00 0 
7ff79403d000-7ff79413b000 rw-p 00000000 00:00 0 
7ff79413b000-7ff79413c000 ---p 00000000 00:00 0 
7ff79413c000-7ff7951f0000 rw-p 00000000 00:00 0 
7ff7951f0000-7ff7953be000 r--s 03c13000 08:09 5637819                    /usr/lib/jvm/java-8-openjdk-amd64/jre/lib/rt.jar
7ff7953be000-7ff795e1a000 rw-p 00000000 00:00 0 
7ff795e1a000-7ff795e1b000 ---p 00000000 00:00 0 
7ff795e1b000-7ff795f1b000 rw-p 00000000 00:00 0 
7ff795f1b000-7ff795f1c000 ---p 00000000 00:00 0 
7ff795f1c000-7ff79601c000 rw-p 00000000 00:00 0 
7ff79601c000-7ff79601d000 ---p 00000000 00:00 0 
7ff79601d000-7ff79611d000 rw-p 00000000 00:00 0 
7ff79611d000-7ff79611e000 ---p 00000000 00:00 0 
7ff79611e000-7ff796233000 rw-p 00000000 00:00 0 
7ff796233000-7ff796362000 ---p 00000000 00:00 0 
7ff796362000-7ff796377000 rw-p 00000000 00:00 0 
7ff796377000-7ff7964a6000 ---p 00000000 00:00 0 
7ff7964a6000-7ff796517000 rw-p 00000000 00:00 0 
7ff796517000-7ff796548000 ---p 00000000 00:00 0 
7ff796548000-7ff796574000 rw-p 00000000 00:00 0 
7ff796574000-7ff796909000 ---p 00000000 00:00 0 
7ff796909000-7ff796911000 r-xp 00000000 08:09 5646751                    /usr/lib/jvm/java-8-openjdk-amd64/jre/lib/amd64/libzip.so
7ff796911000-7ff796b10000 ---p 00008000 08:09 5646751                    /usr/lib/jvm/java-8-openjdk-amd64/jre/lib/amd64/libzip.so
7ff796b10000-7ff796b11000 r--p 00007000 08:09 5646751                    /usr/lib/jvm/java-8-openjdk-amd64/jre/lib/amd64/libzip.so
7ff796b11000-7ff796b12000 rw-p 00008000 08:09 5646751                    /usr/lib/jvm/java-8-openjdk-amd64/jre/lib/amd64/libzip.so
7ff796b12000-7ff796b1d000 r-xp 00000000 08:09 3287484                    /lib/x86_64-linux-gnu/libnss_files-2.23.so
7ff796b1d000-7ff796d1c000 ---p 0000b000 08:09 3287484                    /lib/x86_64-linux-gnu/libnss_files-2.23.so
7ff796d1c000-7ff796d1d000 r--p 0000a000 08:09 3287484                    /lib/x86_64-linux-gnu/libnss_files-2.23.so
7ff796d1d000-7ff796d1e000 rw-p 0000b000 08:09 3287484                    /lib/x86_64-linux-gnu/libnss_files-2.23.so
7ff796d1e000-7ff796d24000 rw-p 00000000 00:00 0 
7ff796d24000-7ff796d2f000 r-xp 00000000 08:09 3287543                    /lib/x86_64-linux-gnu/libnss_nis-2.23.so
7ff796d2f000-7ff796f2e000 ---p 0000b000 08:09 3287543                    /lib/x86_64-linux-gnu/libnss_nis-2.23.so
7ff796f2e000-7ff796f2f000 r--p 0000a000 08:09 3287543                    /lib/x86_64-linux-gnu/libnss_nis-2.23.so
7ff796f2f000-7ff796f30000 rw-p 0000b000 08:09 3287543                    /lib/x86_64-linux-gnu/libnss_nis-2.23.so
7ff796f30000-7ff796f46000 r-xp 00000000 08:09 3287480                    /lib/x86_64-linux-gnu/libnsl-2.23.so
7ff796f46000-7ff797145000 ---p 00016000 08:09 3287480                    /lib/x86_64-linux-gnu/libnsl-2.23.so
7ff797145000-7ff797146000 r--p 00015000 08:09 3287480                    /lib/x86_64-linux-gnu/libnsl-2.23.so
7ff797146000-7ff797147000 rw-p 00016000 08:09 3287480                    /lib/x86_64-linux-gnu/libnsl-2.23.so
7ff797147000-7ff797149000 rw-p 00000000 00:00 0 
7ff797149000-7ff797151000 r-xp 00000000 08:09 3287549                    /lib/x86_64-linux-gnu/libnss_compat-2.23.so
7ff797151000-7ff797350000 ---p 00008000 08:09 3287549                    /lib/x86_64-linux-gnu/libnss_compat-2.23.so
7ff797350000-7ff797351000 r--p 00007000 08:09 3287549                    /lib/x86_64-linux-gnu/libnss_compat-2.23.so
7ff797351000-7ff797352000 rw-p 00008000 08:09 3287549                    /lib/x86_64-linux-gnu/libnss_compat-2.23.so
7ff797352000-7ff79737f000 r-xp 00000000 08:09 5646781                    /usr/lib/jvm/java-8-openjdk-amd64/jre/lib/amd64/libjava.so
7ff79737f000-7ff79757e000 ---p 0002d000 08:09 5646781                    /usr/lib/jvm/java-8-openjdk-amd64/jre/lib/amd64/libjava.so
7ff79757e000-7ff79757f000 r--p 0002c000 08:09 5646781                    /usr/lib/jvm/java-8-openjdk-amd64/jre/lib/amd64/libjava.so
7ff79757f000-7ff797581000 rw-p 0002d000 08:09 5646781                    /usr/lib/jvm/java-8-openjdk-amd64/jre/lib/amd64/libjava.so
7ff797581000-7ff797590000 r-xp 00000000 08:09 5646739                    /usr/lib/jvm/java-8-openjdk-amd64/jre/lib/amd64/libverify.so
7ff797590000-7ff79778f000 ---p 0000f000 08:09 5646739                    /usr/lib/jvm/java-8-openjdk-amd64/jre/lib/amd64/libverify.so
7ff79778f000-7ff797791000 r--p 0000e000 08:09 5646739                    /usr/lib/jvm/java-8-openjdk-amd64/jre/lib/amd64/libverify.so
7ff797791000-7ff797792000 rw-p 00010000 08:09 5646739                    /usr/lib/jvm/java-8-openjdk-amd64/jre/lib/amd64/libverify.so
7ff797792000-7ff797799000 r-xp 00000000 08:09 3287545                    /lib/x86_64-linux-gnu/librt-2.23.so
7ff797799000-7ff797998000 ---p 00007000 08:09 3287545                    /lib/x86_64-linux-gnu/librt-2.23.so
7ff797998000-7ff797999000 r--p 00006000 08:09 3287545                    /lib/x86_64-linux-gnu/librt-2.23.so
7ff797999000-7ff79799a000 rw-p 00007000 08:09 3287545                    /lib/x86_64-linux-gnu/librt-2.23.so
7ff79799a000-7ff7979b0000 r-xp 00000000 08:09 3281566                    /lib/x86_64-linux-gnu/libgcc_s.so.1
7ff7979b0000-7ff797baf000 ---p 00016000 08:09 3281566                    /lib/x86_64-linux-gnu/libgcc_s.so.1
7ff797baf000-7ff797bb0000 rw-p 00015000 08:09 3281566                    /lib/x86_64-linux-gnu/libgcc_s.so.1
7ff797bb0000-7ff797cb8000 r-xp 00000000 08:09 3287554                    /lib/x86_64-linux-gnu/libm-2.23.so
7ff797cb8000-7ff797eb7000 ---p 00108000 08:09 3287554                    /lib/x86_64-linux-gnu/libm-2.23.so
7ff797eb7000-7ff797eb8000 r--p 00107000 08:09 3287554                    /lib/x86_64-linux-gnu/libm-2.23.so
7ff797eb8000-7ff797eb9000 rw-p 00108000 08:09 3287554                    /lib/x86_64-linux-gnu/libm-2.23.so
7ff797eb9000-7ff79802b000 r-xp 00000000 08:09 5507074                    /usr/lib/x86_64-linux-gnu/libstdc++.so.6.0.21
7ff79802b000-7ff79822b000 ---p 00172000 08:09 5507074                    /usr/lib/x86_64-linux-gnu/libstdc++.so.6.0.21
7ff79822b000-7ff798235000 r--p 00172000 08:09 5507074                    /usr/lib/x86_64-linux-gnu/libstdc++.so.6.0.21
7ff798235000-7ff798237000 rw-p 0017c000 08:09 5507074                    /usr/lib/x86_64-linux-gnu/libstdc++.so.6.0.21
7ff798237000-7ff79823b000 rw-p 00000000 00:00 0 
7ff79823b000-7ff798e8f000 r-xp 00000000 08:09 5646749                    /usr/lib/jvm/java-8-openjdk-amd64/jre/lib/amd64/server/libjvm.so
7ff798e8f000-7ff79908f000 ---p 00c54000 08:09 5646749                    /usr/lib/jvm/java-8-openjdk-amd64/jre/lib/amd64/server/libjvm.so
7ff79908f000-7ff799122000 r--p 00c54000 08:09 5646749                    /usr/lib/jvm/java-8-openjdk-amd64/jre/lib/amd64/server/libjvm.so
7ff799122000-7ff79914b000 rw-p 00ce7000 08:09 5646749                    /usr/lib/jvm/java-8-openjdk-amd64/jre/lib/amd64/server/libjvm.so
7ff79914b000-7ff79917b000 rw-p 00000000 00:00 0 
7ff79917b000-7ff799193000 r-xp 00000000 08:09 3287542                    /lib/x86_64-linux-gnu/libpthread-2.23.so
7ff799193000-7ff799392000 ---p 00018000 08:09 3287542                    /lib/x86_64-linux-gnu/libpthread-2.23.so
7ff799392000-7ff799393000 r--p 00017000 08:09 3287542                    /lib/x86_64-linux-gnu/libpthread-2.23.so
7ff799393000-7ff799394000 rw-p 00018000 08:09 3287542                    /lib/x86_64-linux-gnu/libpthread-2.23.so
7ff799394000-7ff799398000 rw-p 00000000 00:00 0 
7ff799398000-7ff79939b000 r-xp 00000000 08:09 3287548                    /lib/x86_64-linux-gnu/libdl-2.23.so
7ff79939b000-7ff79959a000 ---p 00003000 08:09 3287548                    /lib/x86_64-linux-gnu/libdl-2.23.so
7ff79959a000-7ff79959b000 r--p 00002000 08:09 3287548                    /lib/x86_64-linux-gnu/libdl-2.23.so
7ff79959b000-7ff79959c000 rw-p 00003000 08:09 3287548                    /lib/x86_64-linux-gnu/libdl-2.23.so
7ff79959c000-7ff7995b5000 r-xp 00000000 08:09 3281719                    /lib/x86_64-linux-gnu/libz.so.1.2.8
7ff7995b5000-7ff7997b4000 ---p 00019000 08:09 3281719                    /lib/x86_64-linux-gnu/libz.so.1.2.8
7ff7997b4000-7ff7997b5000 r--p 00018000 08:09 3281719                    /lib/x86_64-linux-gnu/libz.so.1.2.8
7ff7997b5000-7ff7997b6000 rw-p 00019000 08:09 3281719                    /lib/x86_64-linux-gnu/libz.so.1.2.8
7ff7997b6000-7ff799976000 r-xp 00000000 08:09 3287559                    /lib/x86_64-linux-gnu/libc-2.23.so
7ff799976000-7ff799b76000 ---p 001c0000 08:09 3287559                    /lib/x86_64-linux-gnu/libc-2.23.so
7ff799b76000-7ff799b7a000 r--p 001c0000 08:09 3287559                    /lib/x86_64-linux-gnu/libc-2.23.so
7ff799b7a000-7ff799b7c000 rw-p 001c4000 08:09 3287559                    /lib/x86_64-linux-gnu/libc-2.23.so
7ff799b7c000-7ff799b80000 rw-p 00000000 00:00 0 
7ff799b80000-7ff799b8d000 r-xp 00000000 08:09 5646733                    /usr/lib/jvm/java-8-openjdk-amd64/jre/lib/amd64/jli/libjli.so
7ff799b8d000-7ff799d8d000 ---p 0000d000 08:09 5646733                    /usr/lib/jvm/java-8-openjdk-amd64/jre/lib/amd64/jli/libjli.so
7ff799d8d000-7ff799d8e000 r--p 0000d000 08:09 5646733                    /usr/lib/jvm/java-8-openjdk-amd64/jre/lib/amd64/jli/libjli.so
7ff799d8e000-7ff799d8f000 rw-p 0000e000 08:09 5646733                    /usr/lib/jvm/java-8-openjdk-amd64/jre/lib/amd64/jli/libjli.so
7ff799d8f000-7ff799db5000 r-xp 00000000 08:09 3287481                    /lib/x86_64-linux-gnu/ld-2.23.so
7ff799db5000-7ff799dba000 r--s 0003b000 08:09 5642745                    /usr/lib/jvm/java-8-openjdk-amd64/jre/lib/ext/sunjce_provider.jar
7ff799dba000-7ff799dbc000 r--s 00008000 08:09 5642748                    /usr/lib/jvm/java-8-openjdk-amd64/jre/lib/ext/sunec.jar
7ff799dbc000-7ff799e8d000 rw-p 00000000 00:00 0 
7ff799e8d000-7ff799e90000 ---p 00000000 00:00 0 
7ff799e90000-7ff799f93000 rw-p 00000000 00:00 0 
7ff799f93000-7ff799f95000 r--s 00001000 08:09 5641924                    /usr/lib/jvm/java-8-openjdk-amd64/jre/lib/ext/dnsns.jar
7ff799f95000-7ff799fa8000 rw-p 00000000 00:00 0 
7ff799fa8000-7ff799fb0000 rw-s 00000000 08:09 4341209                    /tmp/hsperfdata_chhavi/9093
7ff799fb0000-7ff799fb1000 rw-p 00000000 00:00 0 
7ff799fb1000-7ff799fb2000 ---p 00000000 00:00 0 
7ff799fb2000-7ff799fb4000 rw-p 00000000 00:00 0 
7ff799fb4000-7ff799fb5000 r--p 00025000 08:09 3287481                    /lib/x86_64-linux-gnu/ld-2.23.so
7ff799fb5000-7ff799fb6000 rw-p 00026000 08:09 3287481                    /lib/x86_64-linux-gnu/ld-2.23.so
7ff799fb6000-7ff799fb7000 rw-p 00000000 00:00 0 
7fff40622000-7fff40644000 rw-p 00000000 00:00 0                          [stack]
7fff407f4000-7fff407f6000 r--p 00000000 00:00 0                          [vvar]
7fff407f6000-7fff407f8000 r-xp 00000000 00:00 0                          [vdso]
ffffffffff600000-ffffffffff601000 r-xp 00000000 00:00 0                  [vsyscall]

VM Arguments:
jvm_args: -Dfile.encoding=UTF-8 
java_command: pdftrans.ViewerCtrl
java_class_path (initial): /home/chhavi/EclipseProjects/PDFWordTranslator/target/classes:/home/chhavi/Downloads/mysql-connector.jar:/home/chhavi/Downloads/jars/com.springsource.bsh-2.0.0.b4.jar:/home/chhavi/Downloads/jars/com.springsource.com.caucho-3.2.1.jar:/home/chhavi/Downloads/jars/com.springsource.com.ibatis-2.3.4.726.jar:/home/chhavi/Downloads/jars/com.springsource.com.mchange.v2.c3p0-0.9.1.2.jar:/home/chhavi/Downloads/jars/com.springsource.commonj-1.1.0.jar:/home/chhavi/Downloads/jars/com.springsource.edu.emory.mathcs.backport-3.0.0.jar:/home/chhavi/Downloads/jars/com.springsource.javax.inject-1.0.0.jar:/home/chhavi/Downloads/jars/com.springsource.javax.jdo-2.1.0.jar:/home/chhavi/Downloads/jars/com.springsource.net.sf.cglib-2.2.0.jar:/home/chhavi/Downloads/jars/com.springsource.org.aopalliance-1.0.0.jar:/home/chhavi/Downloads/jars/com.springsource.org.apache.commons.fileupload-1.2.0.jar:/home/chhavi/Downloads/jars/com.springsource.org.apache.commons.httpclient-3.1.0.jar:/home/chhavi/Downloads/jars/com.springsource.org.apache.commons.lang-2.4.0.jar:/home/chhavi/Downloads/jars/com.springsource.org.apache.commons.logging-1.1.1.jar:/home/chhavi/Downloads/jars/com.springsource.org.apache.commons.pool-1.5.3.jar:/home/chhavi/Downloads/jars/com.springsource.org.apache.log4j-1.2.15.jar:/home/chhavi/Downloads/jars/com.springsource.org.apache.taglibs.standard-1.1.2.jar:/home/chhavi/Downloads/jars/com.springsource.org.aspectj.weaver-1.6.8.RELEASE.jar:/home/chhavi/Downloads/jars/com.springsource.org.codehaus.groovy-1.6.5.jar:/home/chhavi/Downloads/jars/com.springsource.org.codehaus.jackson.mapper-1.0.0.jar:/home/chhavi/Downloads/jars/com.springsource.org.jruby-1.4.0.jar:/home/chhavi/Downloads/jars/com.springsource.org.junit-4.7.0.jar:/home/chhavi/Downloads/jars/com.springsource.org.quartz-1.6.2.jar:/home/chhavi/Downloads/jars/com.springsource.org.testng-5.10.0.jar:/home/chhavi/Downloads/jars/commons-dbcp.jar:/home/chhavi/Downloads/jars/easymock.jar:/home/chhavi/Downloa
Launcher Type: SUN_STANDARD

Environment Variables:
PATH=/home/chhavi/bin:/home/chhavi/.local/bin:/usr/local/sbin:/usr/local/bin:/usr/sbin:/usr/bin:/sbin:/bin:/usr/games:/usr/local/games:/snap/bin
SHELL=/bin/bash
DISPLAY=:0

Signal Handlers:
SIGSEGV: [libjvm.so+0xa6ad10], sa_mask[0]=11111111011111111101111111111110, sa_flags=SA_RESTART|SA_SIGINFO
SIGBUS: [libjvm.so+0xa6ad10], sa_mask[0]=11111111011111111101111111111110, sa_flags=SA_RESTART|SA_SIGINFO
SIGFPE: [libjvm.so+0x8b3bc0], sa_mask[0]=11111111011111111101111111111110, sa_flags=SA_RESTART|SA_SIGINFO
SIGPIPE: [libjvm.so+0x8b3bc0], sa_mask[0]=11111111011111111101111111111110, sa_flags=SA_RESTART|SA_SIGINFO
SIGXFSZ: [libjvm.so+0x8b3bc0], sa_mask[0]=11111111011111111101111111111110, sa_flags=SA_RESTART|SA_SIGINFO
SIGILL: [libjvm.so+0x8b3bc0], sa_mask[0]=11111111011111111101111111111110, sa_flags=SA_RESTART|SA_SIGINFO
SIGUSR1: SIG_DFL, sa_mask[0]=00000000000000000000000000000000, sa_flags=none
SIGUSR2: [libjvm.so+0x8b3a70], sa_mask[0]=00100000000000000000000000000000, sa_flags=SA_RESTART|SA_SIGINFO
SIGHUP: [libjvm.so+0x8b3f40], sa_mask[0]=11111111011111111101111111111110, sa_flags=SA_RESTART|SA_SIGINFO
SIGINT: [libjvm.so+0x8b3f40], sa_mask[0]=11111111011111111101111111111110, sa_flags=SA_RESTART|SA_SIGINFO
SIGTERM: [libjvm.so+0x8b3f40], sa_mask[0]=11111111011111111101111111111110, sa_flags=SA_RESTART|SA_SIGINFO
SIGQUIT: [libjvm.so+0x8b3f40], sa_mask[0]=11111111011111111101111111111110, sa_flags=SA_RESTART|SA_SIGINFO


---------------  S Y S T E M  ---------------

OS:DISTRIB_ID=Ubuntu
DISTRIB_RELEASE=16.04
DISTRIB_CODENAME=xenial
DISTRIB_DESCRIPTION="Ubuntu 16.04.1 LTS"

uname:Linux 4.4.0-96-generic #119-Ubuntu SMP Tue Sep 12 14:59:54 UTC 2017 x86_64
libc:glibc 2.23 NPTL 2.23 
rlimit: STACK 8192k, CORE 0k, NPROC 15158, NOFILE 65536, AS infinity
load average:0.68 0.67 0.49

/proc/meminfo:
MemTotal:        3974504 kB
MemFree:          138388 kB
MemAvailable:      53056 kB
Buffers:            1316 kB
Cached:           927768 kB
SwapCached:            0 kB
Active:          2939000 kB
Inactive:         722876 kB
Active(anon):    2921816 kB
Inactive(anon):   700764 kB
Active(file):      17184 kB
Inactive(file):    22112 kB
Unevictable:          32 kB
Mlocked:              32 kB
SwapTotal:             0 kB
SwapFree:              0 kB
Dirty:               224 kB
Writeback:             0 kB
AnonPages:       2733252 kB
Mapped:           262444 kB
Shmem:            889396 kB
Slab:              72652 kB
SReclaimable:      35052 kB
SUnreclaim:        37600 kB
KernelStack:       10592 kB
PageTables:        46256 kB
NFS_Unstable:          0 kB
Bounce:                0 kB
WritebackTmp:          0 kB
CommitLimit:     1987252 kB
Committed_AS:    7260188 kB
VmallocTotal:   34359738367 kB
VmallocUsed:           0 kB
VmallocChunk:          0 kB
HardwareCorrupted:     0 kB
AnonHugePages:   1333248 kB
CmaTotal:              0 kB
CmaFree:               0 kB
HugePages_Total:       0
HugePages_Free:        0
HugePages_Rsvd:        0
HugePages_Surp:        0
Hugepagesize:       2048 kB
DirectMap4k:      117376 kB
DirectMap2M:     2957312 kB
DirectMap1G:     2097152 kB


CPU:total 4 (initial active 4) (2 cores per cpu, 2 threads per core) family 6 model 69 stepping 1, cmov, cx8, fxsr, mmx, sse, sse2, sse3, ssse3, sse4.1, sse4.2, popcnt, avx, avx2, aes, clmul, erms, lzcnt, ht, tsc, tscinvbit, bmi1, bmi2

/proc/cpuinfo:
processor	: 0
vendor_id	: GenuineIntel
cpu family	: 6
model		: 69
model name	: Intel(R) Core(TM) i3-4030U CPU @ 1.90GHz
stepping	: 1
microcode	: 0x17
cpu MHz		: 1886.863
cache size	: 3072 KB
physical id	: 0
siblings	: 4
core id		: 0
cpu cores	: 2
apicid		: 0
initial apicid	: 0
fpu		: yes
fpu_exception	: yes
cpuid level	: 13
wp		: yes
flags		: fpu vme de pse tsc msr pae mce cx8 apic sep mtrr pge mca cmov pat pse36 clflush dts acpi mmx fxsr sse sse2 ss ht tm pbe syscall nx pdpe1gb rdtscp lm constant_tsc arch_perfmon pebs bts rep_good nopl xtopology nonstop_tsc aperfmperf eagerfpu pni pclmulqdq dtes64 monitor ds_cpl vmx est tm2 ssse3 sdbg fma cx16 xtpr pdcm pcid sse4_1 sse4_2 x2apic movbe popcnt tsc_deadline_timer aes xsave avx f16c rdrand lahf_lm abm epb tpr_shadow vnmi flexpriority ept vpid fsgsbase tsc_adjust bmi1 avx2 smep bmi2 erms invpcid xsaveopt dtherm ida arat pln pts
bugs		:
bogomips	: 3791.34
clflush size	: 64
cache_alignment	: 64
address sizes	: 39 bits physical, 48 bits virtual
power management:

processor	: 1
vendor_id	: GenuineIntel
cpu family	: 6
model		: 69
model name	: Intel(R) Core(TM) i3-4030U CPU @ 1.90GHz
stepping	: 1
microcode	: 0x17
cpu MHz		: 1899.925
cache size	: 3072 KB
physical id	: 0
siblings	: 4
core id		: 0
cpu cores	: 2
apicid		: 1
initial apicid	: 1
fpu		: yes
fpu_exception	: yes
cpuid level	: 13
wp		: yes
flags		: fpu vme de pse tsc msr pae mce cx8 apic sep mtrr pge mca cmov pat pse36 clflush dts acpi mmx fxsr sse sse2 ss ht tm pbe syscall nx pdpe1gb rdtscp lm constant_tsc arch_perfmon pebs bts rep_good nopl xtopology nonstop_tsc aperfmperf eagerfpu pni pclmulqdq dtes64 monitor ds_cpl vmx est tm2 ssse3 sdbg fma cx16 xtpr pdcm pcid sse4_1 sse4_2 x2apic movbe popcnt tsc_deadline_timer aes xsave avx f16c rdrand lahf_lm abm epb tpr_shadow vnmi flexpriority ept vpid fsgsbase tsc_adjust bmi1 avx2 smep bmi2 erms invpcid xsaveopt dtherm ida arat pln pts
bugs		:
bogomips	: 3791.34
clflush size	: 64
cache_alignment	: 64
address sizes	: 39 bits physical, 48 bits virtual
power management:

processor	: 2
vendor_id	: GenuineIntel
cpu family	: 6
model		: 69
model name	: Intel(R) Core(TM) i3-4030U CPU @ 1.90GHz
stepping	: 1
microcode	: 0x17
cpu MHz		: 1900.148
cache size	: 3072 KB
physical id	: 0
siblings	: 4
core id		: 1
cpu cores	: 2
apicid		: 2
initial apicid	: 2
fpu		: yes
fpu_exception	: yes
cpuid level	: 13
wp		: yes
flags		: fpu vme de pse tsc msr pae mce cx8 apic sep mtrr pge mca cmov pat pse36 clflush dts acpi mmx fxsr sse sse2 ss ht tm pbe syscall nx pdpe1gb rdtscp lm constant_tsc arch_perfmon pebs bts rep_good nopl xtopology nonstop_tsc aperfmperf eagerfpu pni pclmulqdq dtes64 monitor ds_cpl vmx est tm2 ssse3 sdbg fma cx16 xtpr pdcm pcid sse4_1 sse4_2 x2apic movbe popcnt tsc_deadline_timer aes xsave avx f16c rdrand lahf_lm abm epb tpr_shadow vnmi flexpriority ept vpid fsgsbase tsc_adjust bmi1 avx2 smep bmi2 erms invpcid xsaveopt dtherm ida arat pln pts
bugs		:
bogomips	: 3791.34
clflush size	: 64
cache_alignment	: 64
address sizes	: 39 bits physical, 48 bits virtual
power management:

processor	: 3
vendor_id	: GenuineIntel
cpu family	: 6
model		: 69
model name	: Intel(R) Core(TM) i3-4030U CPU @ 1.90GHz
stepping	: 1
microcode	: 0x17
cpu MHz		: 1899.925
cache size	: 3072 KB
physical id	: 0
siblings	: 4
core id		: 1
cpu cores	: 2
apicid		: 3
initial apicid	: 3
fpu		: yes
fpu_exception	: yes
cpuid level	: 13
wp		: yes
flags		: fpu vme de pse tsc msr pae mce cx8 apic sep mtrr pge mca cmov pat pse36 clflush dts acpi mmx fxsr sse sse2 ss ht tm pbe syscall nx pdpe1gb rdtscp lm constant_tsc arch_perfmon pebs bts rep_good nopl xtopology nonstop_tsc aperfmperf eagerfpu pni pclmulqdq dtes64 monitor ds_cpl vmx est tm2 ssse3 sdbg fma cx16 xtpr pdcm pcid sse4_1 sse4_2 x2apic movbe popcnt tsc_deadline_timer aes xsave avx f16c rdrand lahf_lm abm epb tpr_shadow vnmi flexpriority ept vpid fsgsbase tsc_adjust bmi1 avx2 smep bmi2 erms invpcid xsaveopt dtherm ida arat pln pts
bugs		:
bogomips	: 3791.34
clflush size	: 64
cache_alignment	: 64
address sizes	: 39 bits physical, 48 bits virtual
power management:



Memory: 4k page, physical 3974504k(138388k free), swap 0k(0k free)

vm_info: OpenJDK 64-Bit Server VM (25.131-b11) for linux-amd64 JRE (1.8.0_131-8u131-b11-2ubuntu1.16.04.3-b11), built on Jul 28 2017 01:23:32 by "buildd" with gcc 5.4.0 20160609

time: Fri Oct  6 14:11:07 2017
elapsed time: 31 seconds (0d 0h 0m 31s)

