#
# There is insufficient memory for the Java Runtime Environment to continue.
# Native memory allocation (mmap) failed to map 111673344 bytes for committing reserved memory.
# Possible reasons:
#   The system is out of physical RAM or swap space
#   In 32 bit mode, the process size limit was hit
# Possible solutions:
#   Reduce memory load on the system
#   Increase physical memory or swap space
#   Check if swap backing store is full
#   Use 64 bit Java on a 64 bit OS
#   Decrease Java heap size (-Xmx/-Xms)
#   Decrease number of Java threads
#   Decrease Java thread stack sizes (-Xss)
#   Set larger code cache with -XX:ReservedCodeCacheSize=
# This output file may be truncated or incomplete.
#
#  Out of Memory Error (os_linux.cpp:2643), pid=8080, tid=0x00007f043f9f9700
#
# JRE version: OpenJDK Runtime Environment (8.0_131-b11) (build 1.8.0_131-8u131-b11-2ubuntu1.16.04.3-b11)
# Java VM: OpenJDK 64-Bit Server VM (25.131-b11 mixed mode linux-amd64 compressed oops)
# Failed to write core dump. Core dumps have been disabled. To enable core dumping, try "ulimit -c unlimited" before starting Java again
#

---------------  T H R E A D  ---------------

Current thread (0x00007f046007a000):  VMThread [stack: 0x00007f043f8f9000,0x00007f043f9fa000] [id=8093]

Stack: [0x00007f043f8f9000,0x00007f043f9fa000],  sp=0x00007f043f9f84c0,  free space=1021k
Native frames: (J=compiled Java code, j=interpreted, Vv=VM code, C=native code)
V  [libjvm.so+0xa6a1bb]
V  [libjvm.so+0x4c5a6c]
V  [libjvm.so+0x8b85a0]
V  [libjvm.so+0x8b2a1e]
V  [libjvm.so+0x92d556]
V  [libjvm.so+0x92e883]
V  [libjvm.so+0x92af33]
V  [libjvm.so+0x92b1fc]
V  [libjvm.so+0x8dd093]
V  [libjvm.so+0xa6be72]
V  [libjvm.so+0xa70f57]
V  [libjvm.so+0xa6e727]
V  [libjvm.so+0xa6fbaf]
V  [libjvm.so+0xa700a1]
V  [libjvm.so+0x8b5a82]

VM_Operation (0x00007f04038d2780): ParallelGCFailedAllocation, mode: safepoint, requested by thread 0x00007f0408104800


---------------  P R O C E S S  ---------------

Java Threads: ( => current thread )
  0x00007f04083cd000 JavaThread "ICEpdf-thread-painter-pool" daemon [_thread_blocked, id=8124, stack(0x00007f0402aaf000,0x00007f0402bb0000)]
  0x00007f03f0018800 JavaThread "ICEpdf-thread-image-pool" daemon [_thread_blocked, id=8123, stack(0x00007f0402bb0000,0x00007f0402cb1000)]
  0x00007f04081bc800 JavaThread "ICEpdf-thread-pool" daemon [_thread_blocked, id=8122, stack(0x00007f0402f5c000,0x00007f040305d000)]
  0x00007f0408104800 JavaThread "TimerQueue" daemon [_thread_blocked, id=8111, stack(0x00007f04037d3000,0x00007f04038d4000)]
  0x00007f046000c800 JavaThread "DestroyJavaVM" [_thread_blocked, id=8086, stack(0x00007f046650b000,0x00007f046660c000)]
  0x00007f04605bd800 JavaThread "AWT-EventQueue-0" [_thread_blocked, id=8107, stack(0x00007f043c505000,0x00007f043c606000)]
  0x00007f04605bb800 JavaThread "AWT-Shutdown" [_thread_blocked, id=8106, stack(0x00007f043c606000,0x00007f043c707000)]
  0x00007f04605b7800 JavaThread "AWT-XAWT" daemon [_thread_blocked, id=8105, stack(0x00007f043c707000,0x00007f043c808000)]
  0x00007f046059c800 JavaThread "Java2D Disposer" daemon [_thread_blocked, id=8104, stack(0x00007f043cc18000,0x00007f043cd19000)]
  0x00007f04600bb800 JavaThread "Service Thread" daemon [_thread_blocked, id=8100, stack(0x00007f043ef1a000,0x00007f043f01b000)]
  0x00007f04600b4000 JavaThread "C1 CompilerThread2" daemon [_thread_blocked, id=8099, stack(0x00007f043f01b000,0x00007f043f11c000)]
  0x00007f04600b2000 JavaThread "C2 CompilerThread1" daemon [_thread_blocked, id=8098, stack(0x00007f043f11c000,0x00007f043f21d000)]
  0x00007f04600af800 JavaThread "C2 CompilerThread0" daemon [_thread_blocked, id=8097, stack(0x00007f043f21d000,0x00007f043f31e000)]
  0x00007f04600ad000 JavaThread "Signal Dispatcher" daemon [_thread_blocked, id=8096, stack(0x00007f043f31e000,0x00007f043f41f000)]
  0x00007f0460086000 JavaThread "Finalizer" daemon [_thread_blocked, id=8095, stack(0x00007f043f6f7000,0x00007f043f7f8000)]
  0x00007f0460081800 JavaThread "Reference Handler" daemon [_thread_blocked, id=8094, stack(0x00007f043f7f8000,0x00007f043f8f9000)]

Other Threads:
=>0x00007f046007a000 VMThread [stack: 0x00007f043f8f9000,0x00007f043f9fa000] [id=8093]
  0x00007f04600be000 WatcherThread [stack: 0x00007f043ee19000,0x00007f043ef1a000] [id=8101]

VM state:at safepoint (normal execution)

VM Mutex/Monitor currently owned by a thread:  ([mutex/lock_event])
[0x00007f0460008ae0] Threads_lock - owner thread: 0x00007f046007a000
[0x00007f0460008fe0] Heap_lock - owner thread: 0x00007f0408104800

Heap:
 PSYoungGen      total 212992K, used 96K [0x00000000ebc00000, 0x00000000f9580000, 0x0000000100000000)
  eden space 203264K, 0% used [0x00000000ebc00000,0x00000000ebc00000,0x00000000f8280000)
  from space 9728K, 0% used [0x00000000f8280000,0x00000000f8298000,0x00000000f8c00000)
  to   space 9728K, 0% used [0x00000000f8c00000,0x00000000f8c00000,0x00000000f9580000)
 ParOldGen       total 42496K, used 26302K [0x00000000c3400000, 0x00000000c5d80000, 0x00000000ebc00000)
  object space 42496K, 61% used [0x00000000c3400000,0x00000000c4dafaf0,0x00000000c5d80000)
 Metaspace       used 19131K, capacity 19332K, committed 19712K, reserved 1067008K
  class space    used 2177K, capacity 2257K, committed 2304K, reserved 1048576K

Card table byte_map: [0x00007f044f9c8000,0x00007f044fbaf000] byte_map_base: 0x00007f044f3ae000

Marking Bits: (ParMarkBitMap*) 0x00007f04657dc2c0
 Begin Bits: [0x00007f044d620000, 0x00007f044e550000)
 End Bits:   [0x00007f044e550000, 0x00007f044f480000)

Polling page: 0x00007f046662f000

CodeCache: size=245760Kb used=9379Kb max_used=9425Kb free=236380Kb
 bounds [0x00007f044ff6f000, 0x00007f04508cf000, 0x00007f045ef6f000]
 total_blobs=3272 nmethods=2640 adapters=546
 compilation: enabled

Compilation events (10 events):
Event: 32.273 Thread 0x00007f04600b2000 2682       4       java.util.concurrent.locks.ReentrantLock::newCondition (8 bytes)
Event: 32.274 Thread 0x00007f04600b2000 nmethod 2682 0x00007f04500aad90 code [0x00007f04500aaee0, 0x00007f04500aafb8]
Event: 32.329 Thread 0x00007f04600af800 2683       4       java.util.concurrent.TimeUnit$3::toNanos (11 bytes)
Event: 32.330 Thread 0x00007f04600af800 nmethod 2683 0x00007f04500d5bd0 code [0x00007f04500d5d20, 0x00007f04500d5df8]
Event: 32.334 Thread 0x00007f04600b2000 2684       4       java.util.PriorityQueue::poll (64 bytes)
Event: 32.337 Thread 0x00007f04600b2000 nmethod 2684 0x00007f04500791d0 code [0x00007f0450079320, 0x00007f0450079438]
Event: 32.772 Thread 0x00007f04600af800 2685   !   4       sun.awt.PostEventQueue::flush (168 bytes)
Event: 32.983 Thread 0x00007f04600b2000 2686       4       java.util.PriorityQueue::offer (72 bytes)
Event: 32.984 Thread 0x00007f04600b2000 nmethod 2686 0x00007f04500bc1d0 code [0x00007f04500bc320, 0x00007f04500bc478]
Event: 33.157 Thread 0x00007f04600af800 nmethod 2685 0x00007f04508b4c10 code [0x00007f04508b51e0, 0x00007f04508ba0f8]

GC Heap History (10 events):
Event: 11.990 GC heap after
Heap after GC invocations=6 (full 0):
 PSYoungGen      total 73216K, used 6418K [0x00000000ebc00000, 0x00000000f0e00000, 0x0000000100000000)
  eden space 63488K, 0% used [0x00000000ebc00000,0x00000000ebc00000,0x00000000efa00000)
  from space 9728K, 65% used [0x00000000f0480000,0x00000000f0ac4930,0x00000000f0e00000)
  to   space 10240K, 0% used [0x00000000efa00000,0x00000000efa00000,0x00000000f0400000)
 ParOldGen       total 42496K, used 20417K [0x00000000c3400000, 0x00000000c5d80000, 0x00000000ebc00000)
  object space 42496K, 48% used [0x00000000c3400000,0x00000000c47f06b8,0x00000000c5d80000)
 Metaspace       used 18415K, capacity 18688K, committed 18944K, reserved 1067008K
  class space    used 2177K, capacity 2257K, committed 2304K, reserved 1048576K
}
Event: 13.938 GC heap before
{Heap before GC invocations=7 (full 0):
 PSYoungGen      total 73216K, used 69906K [0x00000000ebc00000, 0x00000000f0e00000, 0x0000000100000000)
  eden space 63488K, 100% used [0x00000000ebc00000,0x00000000efa00000,0x00000000efa00000)
  from space 9728K, 65% used [0x00000000f0480000,0x00000000f0ac4930,0x00000000f0e00000)
  to   space 10240K, 0% used [0x00000000efa00000,0x00000000efa00000,0x00000000f0400000)
 ParOldGen       total 42496K, used 20417K [0x00000000c3400000, 0x00000000c5d80000, 0x00000000ebc00000)
  object space 42496K, 48% used [0x00000000c3400000,0x00000000c47f06b8,0x00000000c5d80000)
 Metaspace       used 18442K, capacity 18688K, committed 18944K, reserved 1067008K
  class space    used 2177K, capacity 2257K, committed 2304K, reserved 1048576K
Event: 13.963 GC heap after
Heap after GC invocations=7 (full 0):
 PSYoungGen      total 73728K, used 6116K [0x00000000ebc00000, 0x00000000f4b00000, 0x0000000100000000)
  eden space 63488K, 0% used [0x00000000ebc00000,0x00000000ebc00000,0x00000000efa00000)
  from space 10240K, 59% used [0x00000000efa00000,0x00000000efff9140,0x00000000f0400000)
  to   space 9728K, 0% used [0x00000000f4180000,0x00000000f4180000,0x00000000f4b00000)
 ParOldGen       total 42496K, used 21627K [0x00000000c3400000, 0x00000000c5d80000, 0x00000000ebc00000)
  object space 42496K, 50% used [0x00000000c3400000,0x00000000c491ecc0,0x00000000c5d80000)
 Metaspace       used 18442K, capacity 18688K, committed 18944K, reserved 1067008K
  class space    used 2177K, capacity 2257K, committed 2304K, reserved 1048576K
}
Event: 14.294 GC heap before
{Heap before GC invocations=8 (full 0):
 PSYoungGen      total 73728K, used 69604K [0x00000000ebc00000, 0x00000000f4b00000, 0x0000000100000000)
  eden space 63488K, 100% used [0x00000000ebc00000,0x00000000efa00000,0x00000000efa00000)
  from space 10240K, 59% used [0x00000000efa00000,0x00000000efff9140,0x00000000f0400000)
  to   space 9728K, 0% used [0x00000000f4180000,0x00000000f4180000,0x00000000f4b00000)
 ParOldGen       total 42496K, used 21627K [0x00000000c3400000, 0x00000000c5d80000, 0x00000000ebc00000)
  object space 42496K, 50% used [0x00000000c3400000,0x00000000c491ecc0,0x00000000c5d80000)
 Metaspace       used 18445K, capacity 18692K, committed 18944K, reserved 1067008K
  class space    used 2177K, capacity 2257K, committed 2304K, reserved 1048576K
Event: 14.316 GC heap after
Heap after GC invocations=8 (full 0):
 PSYoungGen      total 136704K, used 5777K [0x00000000ebc00000, 0x00000000f4b00000, 0x0000000100000000)
  eden space 126976K, 0% used [0x00000000ebc00000,0x00000000ebc00000,0x00000000f3800000)
  from space 9728K, 59% used [0x00000000f4180000,0x00000000f4724708,0x00000000f4b00000)
  to   space 9728K, 0% used [0x00000000f3800000,0x00000000f3800000,0x00000000f4180000)
 ParOldGen       total 42496K, used 22946K [0x00000000c3400000, 0x00000000c5d80000, 0x00000000ebc00000)
  object space 42496K, 53% used [0x00000000c3400000,0x00000000c4a68878,0x00000000c5d80000)
 Metaspace       used 18445K, capacity 18692K, committed 18944K, reserved 1067008K
  class space    used 2177K, capacity 2257K, committed 2304K, reserved 1048576K
}
Event: 15.912 GC heap before
{Heap before GC invocations=9 (full 0):
 PSYoungGen      total 136704K, used 132753K [0x00000000ebc00000, 0x00000000f4b00000, 0x0000000100000000)
  eden space 126976K, 100% used [0x00000000ebc00000,0x00000000f3800000,0x00000000f3800000)
  from space 9728K, 59% used [0x00000000f4180000,0x00000000f4724708,0x00000000f4b00000)
  to   space 9728K, 0% used [0x00000000f3800000,0x00000000f3800000,0x00000000f4180000)
 ParOldGen       total 42496K, used 22946K [0x00000000c3400000, 0x00000000c5d80000, 0x00000000ebc00000)
  object space 42496K, 53% used [0x00000000c3400000,0x00000000c4a68878,0x00000000c5d80000)
 Metaspace       used 18473K, capacity 18692K, committed 18944K, reserved 1067008K
  class space    used 2177K, capacity 2257K, committed 2304K, reserved 1048576K
Event: 15.941 GC heap after
Heap after GC invocations=9 (full 0):
 PSYoungGen      total 136704K, used 4877K [0x00000000ebc00000, 0x00000000f9580000, 0x0000000100000000)
  eden space 126976K, 0% used [0x00000000ebc00000,0x00000000ebc00000,0x00000000f3800000)
  from space 9728K, 50% used [0x00000000f3800000,0x00000000f3cc3490,0x00000000f4180000)
  to   space 9728K, 0% used [0x00000000f8c00000,0x00000000f8c00000,0x00000000f9580000)
 ParOldGen       total 42496K, used 26278K [0x00000000c3400000, 0x00000000c5d80000, 0x00000000ebc00000)
  object space 42496K, 61% used [0x00000000c3400000,0x00000000c4da9af0,0x00000000c5d80000)
 Metaspace       used 18473K, capacity 18692K, committed 18944K, reserved 1067008K
  class space    used 2177K, capacity 2257K, committed 2304K, reserved 1048576K
}
Event: 16.909 GC heap before
{Heap before GC invocations=10 (full 0):
 PSYoungGen      total 136704K, used 131853K [0x00000000ebc00000, 0x00000000f9580000, 0x0000000100000000)
  eden space 126976K, 100% used [0x00000000ebc00000,0x00000000f3800000,0x00000000f3800000)
  from space 9728K, 50% used [0x00000000f3800000,0x00000000f3cc3490,0x00000000f4180000)
  to   space 9728K, 0% used [0x00000000f8c00000,0x00000000f8c00000,0x00000000f9580000)
 ParOldGen       total 42496K, used 26278K [0x00000000c3400000, 0x00000000c5d80000, 0x00000000ebc00000)
  object space 42496K, 61% used [0x00000000c3400000,0x00000000c4da9af0,0x00000000c5d80000)
 Metaspace       used 18548K, capacity 18756K, committed 18944K, reserved 1067008K
  class space    used 2177K, capacity 2257K, committed 2304K, reserved 1048576K
Event: 16.930 GC heap after
Heap after GC invocations=10 (full 0):
 PSYoungGen      total 212992K, used 7045K [0x00000000ebc00000, 0x00000000f9580000, 0x0000000100000000)
  eden space 203264K, 0% used [0x00000000ebc00000,0x00000000ebc00000,0x00000000f8280000)
  from space 9728K, 72% used [0x00000000f8c00000,0x00000000f92e1638,0x00000000f9580000)
  to   space 9728K, 0% used [0x00000000f8280000,0x00000000f8280000,0x00000000f8c00000)
 ParOldGen       total 42496K, used 26286K [0x00000000c3400000, 0x00000000c5d80000, 0x00000000ebc00000)
  object space 42496K, 61% used [0x00000000c3400000,0x00000000c4dabaf0,0x00000000c5d80000)
 Metaspace       used 18548K, capacity 18756K, committed 18944K, reserved 1067008K
  class space    used 2177K, capacity 2257K, committed 2304K, reserved 1048576K
}
Event: 33.833 GC heap before
{Heap before GC invocations=11 (full 0):
 PSYoungGen      total 212992K, used 210309K [0x00000000ebc00000, 0x00000000f9580000, 0x0000000100000000)
  eden space 203264K, 100% used [0x00000000ebc00000,0x00000000f8280000,0x00000000f8280000)
  from space 9728K, 72% used [0x00000000f8c00000,0x00000000f92e1638,0x00000000f9580000)
  to   space 9728K, 0% used [0x00000000f8280000,0x00000000f8280000,0x00000000f8c00000)
 ParOldGen       total 42496K, used 26286K [0x00000000c3400000, 0x00000000c5d80000, 0x00000000ebc00000)
  object space 42496K, 61% used [0x00000000c3400000,0x00000000c4dabaf0,0x00000000c5d80000)
 Metaspace       used 19131K, capacity 19332K, committed 19712K, reserved 1067008K
  class space    used 2177K, capacity 2257K, committed 2304K, reserved 1048576K

Deoptimization events (10 events):
Event: 11.396 Thread 0x00007f04605bd800 Uncommon trap: reason=unstable_if action=reinterpret pc=0x00007f04504f484c method=com.itextpdf.text.pdf.PRTokeniser.nextToken()Z @ 1044
Event: 11.926 Thread 0x00007f04605bd800 Uncommon trap: reason=unstable_if action=reinterpret pc=0x00007f045054184c method=com.itextpdf.text.pdf.PRTokeniser.nextToken()Z @ 265
Event: 12.021 Thread 0x00007f04605bd800 Uncommon trap: reason=unstable_if action=reinterpret pc=0x00007f045055c23c method=com.itextpdf.text.pdf.PdfReader.readPRObject()Lcom/itextpdf/text/pdf/PdfObject; @ 530
Event: 12.230 Thread 0x00007f04605bd800 Uncommon trap: reason=predicate action=maybe_recompile pc=0x00007f04505785f8 method=java.util.AbstractCollection.toArray([Ljava/lang/Object;)[Ljava/lang/Object; @ 49
Event: 14.007 Thread 0x00007f04605bd800 Uncommon trap: reason=array_check action=maybe_recompile pc=0x00007f045059b724 method=java.util.AbstractCollection.toArray([Ljava/lang/Object;)[Ljava/lang/Object; @ 119
Event: 14.007 Thread 0x00007f04605bd800 Uncommon trap: reason=array_check action=maybe_recompile pc=0x00007f045059b724 method=java.util.AbstractCollection.toArray([Ljava/lang/Object;)[Ljava/lang/Object; @ 119
Event: 14.007 Thread 0x00007f04605bd800 Uncommon trap: reason=array_check action=maybe_recompile pc=0x00007f045059b724 method=java.util.AbstractCollection.toArray([Ljava/lang/Object;)[Ljava/lang/Object; @ 119
Event: 14.007 Thread 0x00007f04605bd800 Uncommon trap: reason=array_check action=maybe_recompile pc=0x00007f045059b724 method=java.util.AbstractCollection.toArray([Ljava/lang/Object;)[Ljava/lang/Object; @ 119
Event: 14.009 Thread 0x00007f04605bd800 Uncommon trap: reason=range_check action=make_not_entrant pc=0x00007f04505b316c method=com.itextpdf.text.pdf.PdfReader.removeUnusedNode(Lcom/itextpdf/text/pdf/PdfObject;[Z)V @ 209
Event: 24.490 Thread 0x00007f04605bd800 Uncommon trap: reason=unstable_if action=reinterpret pc=0x00007f0450666ed4 method=sun.awt.PostEventQueue.flush()V @ 23

Internal exceptions (10 events):
Event: 16.951 Thread 0x00007f04605bd800 Exception <a 'java/lang/NullPointerException'> (0x00000000eca2e4c8) thrown at [/build/openjdk-8-pZyJp3/openjdk-8-8u131-b11/src/hotspot/src/share/vm/prims/jvm.cpp, line 1394]
Event: 20.163 Thread 0x00007f04605bd800 Exception <a 'java/lang/NullPointerException'> (0x00000000f0753610) thrown at [/build/openjdk-8-pZyJp3/openjdk-8-8u131-b11/src/hotspot/src/share/vm/interpreter/linkResolver.cpp, line 1197]
Event: 20.163 Thread 0x00007f04605bd800 Exception <a 'java/lang/NullPointerException'> (0x00000000f0753610) thrown at [/build/openjdk-8-pZyJp3/openjdk-8-8u131-b11/src/hotspot/src/share/vm/prims/jvm.cpp, line 1394]
Event: 20.163 Thread 0x00007f04605bd800 Exception <a 'java/lang/NullPointerException'> (0x00000000f0753610) thrown at [/build/openjdk-8-pZyJp3/openjdk-8-8u131-b11/src/hotspot/src/share/vm/prims/jvm.cpp, line 1394]
Event: 25.818 Thread 0x00007f04605bd800 Exception <a 'java/lang/NullPointerException'> (0x00000000f44e32b0) thrown at [/build/openjdk-8-pZyJp3/openjdk-8-8u131-b11/src/hotspot/src/share/vm/interpreter/linkResolver.cpp, line 1197]
Event: 25.818 Thread 0x00007f04605bd800 Exception <a 'java/lang/NullPointerException'> (0x00000000f44e32b0) thrown at [/build/openjdk-8-pZyJp3/openjdk-8-8u131-b11/src/hotspot/src/share/vm/prims/jvm.cpp, line 1394]
Event: 25.818 Thread 0x00007f04605bd800 Exception <a 'java/lang/NullPointerException'> (0x00000000f44e32b0) thrown at [/build/openjdk-8-pZyJp3/openjdk-8-8u131-b11/src/hotspot/src/share/vm/prims/jvm.cpp, line 1394]
Event: 30.349 Thread 0x00007f04605bd800 Exception <a 'java/lang/NullPointerException'> (0x00000000f812c3b8) thrown at [/build/openjdk-8-pZyJp3/openjdk-8-8u131-b11/src/hotspot/src/share/vm/interpreter/linkResolver.cpp, line 1197]
Event: 30.799 Thread 0x00007f04605bd800 Exception <a 'java/lang/NullPointerException'> (0x00000000f812c3b8) thrown at [/build/openjdk-8-pZyJp3/openjdk-8-8u131-b11/src/hotspot/src/share/vm/prims/jvm.cpp, line 1394]
Event: 30.799 Thread 0x00007f04605bd800 Exception <a 'java/lang/NullPointerException'> (0x00000000f812c3b8) thrown at [/build/openjdk-8-pZyJp3/openjdk-8-8u131-b11/src/hotspot/src/share/vm/prims/jvm.cpp, line 1394]

Events (10 events):
Event: 31.175 Thread 0x00007f04600b2000 flushing nmethod 0x00007f04500cf550
Event: 31.230 Thread 0x00007f04600b4000 flushing nmethod 0x00007f04500d5bd0
Event: 31.230 Thread 0x00007f04600b4000 flushing nmethod 0x00007f0450123150
Event: 31.230 Thread 0x00007f04600b4000 flushing nmethod 0x00007f0450134e90
Event: 31.230 Thread 0x00007f04600b4000 flushing nmethod 0x00007f0450159e10
Event: 31.230 Thread 0x00007f04600b4000 flushing nmethod 0x00007f04501620d0
Event: 31.230 Thread 0x00007f04600b4000 flushing nmethod 0x00007f045017f150
Event: 31.231 Thread 0x00007f04600b4000 flushing nmethod 0x00007f0450192d10
Event: 33.459 loading class java/security/DomainCombiner
Event: 33.656 Executing VM operation: ParallelGCFailedAllocation


Dynamic libraries:
00400000-00401000 r-xp 00000000 08:09 5647188                            /usr/lib/jvm/java-8-openjdk-amd64/jre/bin/java
00600000-00601000 r--p 00000000 08:09 5647188                            /usr/lib/jvm/java-8-openjdk-amd64/jre/bin/java
00601000-00602000 rw-p 00001000 08:09 5647188                            /usr/lib/jvm/java-8-openjdk-amd64/jre/bin/java
01c51000-01c72000 rw-p 00000000 00:00 0                                  [heap]
c3400000-c5d80000 rw-p 00000000 00:00 0 
c5d80000-ebc00000 ---p 00000000 00:00 0 
ebc00000-f9580000 rw-p 00000000 00:00 0 
100000000-100240000 rw-p 00000000 00:00 0 
100240000-140000000 ---p 00000000 00:00 0 
7f03e8000000-7f03e8021000 rw-p 00000000 00:00 0 
7f03e8021000-7f03ec000000 ---p 00000000 00:00 0 
7f03f0000000-7f03f0057000 rw-p 00000000 00:00 0 
7f03f0057000-7f03f4000000 ---p 00000000 00:00 0 
7f03f4000000-7f03f4055000 rw-p 00000000 00:00 0 
7f03f4055000-7f03f8000000 ---p 00000000 00:00 0 
7f03f8000000-7f03f8021000 rw-p 00000000 00:00 0 
7f03f8021000-7f03fc000000 ---p 00000000 00:00 0 
7f03fc000000-7f03fc08f000 rw-p 00000000 00:00 0 
7f03fc08f000-7f0400000000 ---p 00000000 00:00 0 
7f0400853000-7f0400da1000 r--s 00000000 08:09 1846977                    /home/chhavi/Documents/6 sem/SoftwareEngineering/Software Engineering.pdf
7f0400da1000-7f04012ef000 r--s 00000000 08:09 1846977                    /home/chhavi/Documents/6 sem/SoftwareEngineering/Software Engineering.pdf
7f04012ef000-7f040183d000 r--s 00000000 08:09 1846977                    /home/chhavi/Documents/6 sem/SoftwareEngineering/Software Engineering.pdf
7f040183d000-7f0401d8b000 r--s 00000000 08:09 1846977                    /home/chhavi/Documents/6 sem/SoftwareEngineering/Software Engineering.pdf
7f0401d8b000-7f0401e8b000 rw-p 00000000 00:00 0 
7f0401e8b000-7f0401f8b000 ---p 00000000 00:00 0 
7f0401f8b000-7f04024d9000 r--s 00000000 08:09 1846977                    /home/chhavi/Documents/6 sem/SoftwareEngineering/Software Engineering.pdf
7f04024d9000-7f0402592000 rw-s 00000000 00:05 3932205                    /SYSV00000000 (deleted)
7f040264b000-7f04026a2000 r-xp 00000000 08:09 5514397                    /usr/lib/x86_64-linux-gnu/libjpeg.so.8.0.2
7f04026a2000-7f04028a2000 ---p 00057000 08:09 5514397                    /usr/lib/x86_64-linux-gnu/libjpeg.so.8.0.2
7f04028a2000-7f04028a3000 r--p 00057000 08:09 5514397                    /usr/lib/x86_64-linux-gnu/libjpeg.so.8.0.2
7f04028a3000-7f04028a4000 rw-p 00058000 08:09 5514397                    /usr/lib/x86_64-linux-gnu/libjpeg.so.8.0.2
7f04028a4000-7f04028ae000 r-xp 00000000 08:09 5646795                    /usr/lib/jvm/java-8-openjdk-amd64/jre/lib/amd64/libjavajpeg.so
7f04028ae000-7f0402aad000 ---p 0000a000 08:09 5646795                    /usr/lib/jvm/java-8-openjdk-amd64/jre/lib/amd64/libjavajpeg.so
7f0402aad000-7f0402aae000 r--p 00009000 08:09 5646795                    /usr/lib/jvm/java-8-openjdk-amd64/jre/lib/amd64/libjavajpeg.so
7f0402aae000-7f0402aaf000 rw-p 0000a000 08:09 5646795                    /usr/lib/jvm/java-8-openjdk-amd64/jre/lib/amd64/libjavajpeg.so
7f0402aaf000-7f0402ab2000 ---p 00000000 00:00 0 
7f0402ab2000-7f0402bb0000 rw-p 00000000 00:00 0 
7f0402bb0000-7f0402bb3000 ---p 00000000 00:00 0 
7f0402bb3000-7f0402eb1000 rw-p 00000000 00:00 0 
7f0402eb1000-7f0402ebc000 r--s 00000000 08:09 1324303                    /var/cache/fontconfig/945677eb7aeaf62f1d50efc3fb3ec7d8-le64.cache-6
7f0402ebc000-7f0402ec2000 r--s 00000000 08:09 1328860                    /var/cache/fontconfig/2cd17615ca594fa2959ae173292e504c-le64.cache-6
7f0402ec2000-7f0402ec3000 r--s 00000000 08:09 1328859                    /var/cache/fontconfig/0d8c3b2ac0904cb8a57a757ad11a4a08-le64.cache-6
7f0402ec3000-7f0402ed8000 r--s 00000000 08:09 1328858                    /var/cache/fontconfig/04aabc0a78ac019cf9454389977116d2-le64.cache-6
7f0402ed8000-7f0402ed9000 r--s 00000000 08:09 1328857                    /var/cache/fontconfig/1ac9eb803944fde146138c791f5cc56a-le64.cache-6
7f0402ed9000-7f0402edd000 r--s 00000000 08:09 1328856                    /var/cache/fontconfig/385c0604a188198f04d133e54aba7fe7-le64.cache-6
7f0402edd000-7f0402ee0000 r--s 00000000 08:09 1328854                    /var/cache/fontconfig/767a8244fc0220cfb567a839d0392e0b-le64.cache-6
7f0402ee0000-7f0402ee5000 r--s 00000000 08:09 1328852                    /var/cache/fontconfig/8801497958630a81b71ace7c5f9b32a8-le64.cache-6
7f0402ee5000-7f0402eec000 r--s 00000000 08:09 1328850                    /var/cache/fontconfig/3047814df9a2f067bd2d96a2b9c36e5a-le64.cache-6
7f0402eec000-7f0402ef2000 r--s 00000000 08:09 1328847                    /var/cache/fontconfig/b47c4e1ecd0709278f4910c18777a504-le64.cache-6
7f0402ef2000-7f0402f05000 r--s 00000000 08:09 1328846                    /var/cache/fontconfig/d52a8644073d54c13679302ca1180695-le64.cache-6
7f0402f05000-7f0402f10000 r--s 00000000 08:09 1323802                    /var/cache/fontconfig/d589a48862398ed80a3d6066f4f56f4c-le64.cache-6
7f0402f10000-7f0402f1b000 r--s 00000000 08:09 1328839                    /var/cache/fontconfig/83bf95040141907cd45bb53cf7c1c148-le64.cache-6
7f0402f5c000-7f0402f5f000 ---p 00000000 00:00 0 
7f0402f5f000-7f040305d000 rw-p 00000000 00:00 0 
7f040305d000-7f0403067000 r--s 00000000 08:09 786502                     /usr/share/fonts/X11/Type1/c0582bt_.pfb
7f0403067000-7f0403070000 r--s 00000000 08:09 786512                     /usr/share/fonts/X11/Type1/c0648bt_.pfb
7f0403070000-7f0403079000 r--s 00000000 08:09 786508                     /usr/share/fonts/X11/Type1/c0632bt_.pfb
7f0403079000-7f0403082000 r--s 00000000 08:09 786510                     /usr/share/fonts/X11/Type1/c0633bt_.pfb
7f0403082000-7f0403095000 r--s 00000000 08:09 787233                     /usr/share/fonts/type1/gsfonts/b018015l.pfb
7f0403095000-7f040309f000 r--s 00000000 08:09 786500                     /usr/share/fonts/X11/Type1/c0419bt_.pfb
7f040309f000-7f04030a8000 r--s 00000000 08:09 786514                     /usr/share/fonts/X11/Type1/c0649bt_.pfb
7f04030a8000-7f04030b9000 r--s 00000000 08:09 787263                     /usr/share/fonts/type1/gsfonts/n019023l.pfb
7f04030b9000-7f04030d0000 r--s 00000000 08:09 787287                     /usr/share/fonts/type1/gsfonts/n021023l.pfb
7f04030d0000-7f04030ec000 r--s 00000000 08:09 787314                     /usr/share/fonts/type1/gsfonts/p052024l.pfb
7f04030ec000-7f0403105000 r--s 00000000 08:09 787230                     /usr/share/fonts/type1/gsfonts/b018012l.pfb
7f0403105000-7f040311e000 r--s 00000000 08:09 787281                     /usr/share/fonts/type1/gsfonts/n021003l.pfb
7f040311e000-7f040312a000 r--s 00000000 08:09 787254                     /usr/share/fonts/type1/gsfonts/d050000l.pfb
7f040312a000-7f040313a000 r--s 00000000 08:09 787218                     /usr/share/fonts/type1/gsfonts/a010013l.pfb
7f040313a000-7f040314b000 r--s 00000000 08:09 787227                     /usr/share/fonts/type1/gsfonts/a010035l.pfb
7f040314b000-7f040315d000 r--s 00000000 08:09 787239                     /usr/share/fonts/type1/gsfonts/b018035l.pfb
7f040315d000-7f0403172000 r--s 00000000 08:09 787236                     /usr/share/fonts/type1/gsfonts/b018032l.pfb
7f0403172000-7f040317c000 r--s 00000000 08:09 786504                     /usr/share/fonts/X11/Type1/c0583bt_.pfb
7f040317c000-7f0403193000 r--s 00000000 08:09 787320                     /usr/share/fonts/type1/gsfonts/z003034l.pfb
7f0403193000-7f04031ab000 r--s 00000000 08:09 787251                     /usr/share/fonts/type1/gsfonts/c059036l.pfb
7f04031ab000-7f04031c6000 r--s 00000000 08:09 787305                     /usr/share/fonts/type1/gsfonts/p052003l.pfb
7f04031c6000-7f04031d8000 r--s 00000000 08:09 787260                     /usr/share/fonts/type1/gsfonts/n019004l.pfb
7f04031d8000-7f04031ee000 r--s 00000000 08:09 787299                     /usr/share/fonts/type1/gsfonts/n022023l.pfb
7f04031ee000-7f0403201000 r--s 00000000 08:09 787278                     /usr/share/fonts/type1/gsfonts/n019064l.pfb
7f0403201000-7f0403213000 r--s 00000000 08:09 787269                     /usr/share/fonts/type1/gsfonts/n019043l.pfb
7f0403213000-7f040322c000 r--s 00000000 08:09 787296                     /usr/share/fonts/type1/gsfonts/n022004l.pfb
7f040322c000-7f0403236000 r--s 00000000 08:09 786506                     /usr/share/fonts/X11/Type1/c0611bt_.pfb
7f0403236000-7f0403247000 r--s 00000000 08:09 787275                     /usr/share/fonts/type1/gsfonts/n019063l.pfb
7f0403247000-7f040325b000 r--s 00000000 08:09 787257                     /usr/share/fonts/type1/gsfonts/n019003l.pfb
7f040325b000-7f0403274000 r--s 00000000 08:09 787284                     /usr/share/fonts/type1/gsfonts/n021004l.pfb
7f0403274000-7f040328f000 r--s 00000000 08:09 787308                     /usr/share/fonts/type1/gsfonts/p052004l.pfb
7f040328f000-7f04032a0000 r--s 00000000 08:09 787266                     /usr/share/fonts/type1/gsfonts/n019024l.pfb
7f04032a0000-7f04032a9000 r--s 00000000 08:09 787317                     /usr/share/fonts/type1/gsfonts/s050000l.pfb
7f04032a9000-7f04032bb000 r--s 00000000 08:09 787272                     /usr/share/fonts/type1/gsfonts/n019044l.pfb
7f04032bb000-7f04032cb000 r--s 00000000 08:09 787224                     /usr/share/fonts/type1/gsfonts/a010033l.pfb
7f04032cb000-7f04032e3000 r--s 00000000 08:09 787293                     /usr/share/fonts/type1/gsfonts/n022003l.pfb
7f04032e3000-7f04032fe000 r--s 00000000 08:09 787245                     /usr/share/fonts/type1/gsfonts/c059016l.pfb
7f04032fe000-7f0403316000 r--s 00000000 08:09 787248                     /usr/share/fonts/type1/gsfonts/c059033l.pfb
7f0403316000-7f0403330000 r--s 00000000 08:09 787242                     /usr/share/fonts/type1/gsfonts/c059013l.pfb
7f0403330000-7f0403346000 r--s 00000000 08:09 787290                     /usr/share/fonts/type1/gsfonts/n021024l.pfb
7f0403346000-7f0403356000 r--s 00000000 08:09 787221                     /usr/share/fonts/type1/gsfonts/a010015l.pfb
7f0403356000-7f0403371000 r--s 00000000 08:09 787311                     /usr/share/fonts/type1/gsfonts/p052023l.pfb
7f0403371000-7f0403387000 r--s 00000000 08:09 787302                     /usr/share/fonts/type1/gsfonts/n022024l.pfb
7f0403387000-7f0403399000 r--s 00000000 08:09 1312525                    /var/cache/fontconfig/9b89f8e3dae116d678bbf48e5f21f69b-le64.cache-6
7f0403399000-7f04033a6000 r--s 00000000 08:09 1322288                    /var/cache/fontconfig/e13b20fdb08344e0e664864cc2ede53d-le64.cache-6
7f04033a6000-7f04035a6000 rw-p 00000000 00:00 0 
7f04035a6000-7f04035ce000 r-xp 00000000 08:09 5646755                    /usr/lib/jvm/java-8-openjdk-amd64/jre/lib/amd64/libsunec.so
7f04035ce000-7f04037ce000 ---p 00028000 08:09 5646755                    /usr/lib/jvm/java-8-openjdk-amd64/jre/lib/amd64/libsunec.so
7f04037ce000-7f04037d2000 r--p 00028000 08:09 5646755                    /usr/lib/jvm/java-8-openjdk-amd64/jre/lib/amd64/libsunec.so
7f04037d2000-7f04037d3000 rw-p 0002c000 08:09 5646755                    /usr/lib/jvm/java-8-openjdk-amd64/jre/lib/amd64/libsunec.so
7f04037d3000-7f04037d6000 ---p 00000000 00:00 0 
7f04037d6000-7f04038d4000 rw-p 00000000 00:00 0 
7f04038d4000-7f04038e5000 r-xp 00000000 08:09 5646729                    /usr/lib/jvm/java-8-openjdk-amd64/jre/lib/amd64/libnio.so
7f04038e5000-7f0403ae5000 ---p 00011000 08:09 5646729                    /usr/lib/jvm/java-8-openjdk-amd64/jre/lib/amd64/libnio.so
7f0403ae5000-7f0403ae6000 r--p 00011000 08:09 5646729                    /usr/lib/jvm/java-8-openjdk-amd64/jre/lib/amd64/libnio.so
7f0403ae6000-7f0403ae7000 rw-p 00012000 08:09 5646729                    /usr/lib/jvm/java-8-openjdk-amd64/jre/lib/amd64/libnio.so
7f0403ae7000-7f0403de8000 rw-p 00000000 00:00 0 
7f0403de8000-7f0403dff000 r-xp 00000000 08:09 5646769                    /usr/lib/jvm/java-8-openjdk-amd64/jre/lib/amd64/libnet.so
7f0403dff000-7f0403ffe000 ---p 00017000 08:09 5646769                    /usr/lib/jvm/java-8-openjdk-amd64/jre/lib/amd64/libnet.so
7f0403ffe000-7f0403fff000 r--p 00016000 08:09 5646769                    /usr/lib/jvm/java-8-openjdk-amd64/jre/lib/amd64/libnet.so
7f0403fff000-7f0404000000 rw-p 00017000 08:09 5646769                    /usr/lib/jvm/java-8-openjdk-amd64/jre/lib/amd64/libnet.so
7f0404000000-7f0404021000 rw-p 00000000 00:00 0 
7f0404021000-7f0408000000 ---p 00000000 00:00 0 
7f0408000000-7f0408433000 rw-p 00000000 00:00 0 
7f0408433000-7f040c000000 ---p 00000000 00:00 0 
7f040c000000-7f040c021000 rw-p 00000000 00:00 0 
7f040c021000-7f0410000000 ---p 00000000 00:00 0 
7f0410000000-7f0410021000 rw-p 00000000 00:00 0 
7f0410021000-7f0414000000 ---p 00000000 00:00 0 
7f0414000000-7f0414021000 rw-p 00000000 00:00 0 
7f0414021000-7f0418000000 ---p 00000000 00:00 0 
7f0418000000-7f0418021000 rw-p 00000000 00:00 0 
7f0418021000-7f041c000000 ---p 00000000 00:00 0 
7f041c000000-7f041ccaa000 rw-p 00000000 00:00 0 
7f041ccaa000-7f0420000000 ---p 00000000 00:00 0 
7f0420000000-7f04207cf000 rw-p 00000000 00:00 0 
7f04207cf000-7f0424000000 ---p 00000000 00:00 0 
7f0424000000-7f0424021000 rw-p 00000000 00:00 0 
7f0424021000-7f0428000000 ---p 00000000 00:00 0 
7f0428000000-7f0428b99000 rw-p 00000000 00:00 0 
7f0428b99000-7f042c000000 ---p 00000000 00:00 0 
7f042c000000-7f042c021000 rw-p 00000000 00:00 0 
7f042c021000-7f0430000000 ---p 00000000 00:00 0 
7f0430000000-7f0430021000 rw-p 00000000 00:00 0 
7f0430021000-7f0434000000 ---p 00000000 00:00 0 
7f0434000000-7f0434021000 rw-p 00000000 00:00 0 
7f0434021000-7f0438000000 ---p 00000000 00:00 0 
7f0438000000-7f0438021000 rw-p 00000000 00:00 0 
7f0438021000-7f043c000000 ---p 00000000 00:00 0 
7f043c000000-7f043c001000 r--s 00000000 08:09 1328855                    /var/cache/fontconfig/dc05db6664285cc2f12bf69c139ae4c3-le64.cache-6
7f043c001000-7f043c002000 r--s 00000000 08:09 1311378                    /var/cache/fontconfig/4794a0821666d79190d59a36cb4f44b5-le64.cache-6
7f043c002000-7f043c003000 r--s 00000000 08:09 1328851                    /var/cache/fontconfig/bab58bb527bb656aaa9f116d68a48d89-le64.cache-6
7f043c003000-7f043c004000 r--s 00000000 08:09 1328849                    /var/cache/fontconfig/56cf4f4769d0f4abc89a4895d7bd3ae1-le64.cache-6
7f043c004000-7f043c204000 rw-p 00000000 00:00 0 
7f043c204000-7f043c404000 rw-p 00000000 00:00 0 
7f043c404000-7f043c407000 ---p 00000000 00:00 0 
7f043c407000-7f043c505000 rw-p 00000000 00:00 0 
7f043c505000-7f043c508000 ---p 00000000 00:00 0 
7f043c508000-7f043c606000 rw-p 00000000 00:00 0 
7f043c606000-7f043c609000 ---p 00000000 00:00 0 
7f043c609000-7f043c707000 rw-p 00000000 00:00 0 
7f043c707000-7f043c70a000 ---p 00000000 00:00 0 
7f043c70a000-7f043c808000 rw-p 00000000 00:00 0 
7f043c808000-7f043c80d000 r-xp 00000000 08:09 5513678                    /usr/lib/x86_64-linux-gnu/libXfixes.so.3.1.0
7f043c80d000-7f043ca0c000 ---p 00005000 08:09 5513678                    /usr/lib/x86_64-linux-gnu/libXfixes.so.3.1.0
7f043ca0c000-7f043ca0d000 r--p 00004000 08:09 5513678                    /usr/lib/x86_64-linux-gnu/libXfixes.so.3.1.0
7f043ca0d000-7f043ca0e000 rw-p 00005000 08:09 5513678                    /usr/lib/x86_64-linux-gnu/libXfixes.so.3.1.0
7f043ca0e000-7f043ca17000 r-xp 00000000 08:09 5513670                    /usr/lib/x86_64-linux-gnu/libXcursor.so.1.0.2
7f043ca17000-7f043cc16000 ---p 00009000 08:09 5513670                    /usr/lib/x86_64-linux-gnu/libXcursor.so.1.0.2
7f043cc16000-7f043cc17000 r--p 00008000 08:09 5513670                    /usr/lib/x86_64-linux-gnu/libXcursor.so.1.0.2
7f043cc17000-7f043cc18000 rw-p 00009000 08:09 5513670                    /usr/lib/x86_64-linux-gnu/libXcursor.so.1.0.2
7f043cc18000-7f043cc1b000 ---p 00000000 00:00 0 
7f043cc1b000-7f043cd19000 rw-p 00000000 00:00 0 
7f043cd19000-7f043cd3d000 r-xp 00000000 08:09 3281669                    /lib/x86_64-linux-gnu/libpng12.so.0.54.0
7f043cd3d000-7f043cf3c000 ---p 00024000 08:09 3281669                    /lib/x86_64-linux-gnu/libpng12.so.0.54.0
7f043cf3c000-7f043cf3d000 r--p 00023000 08:09 3281669                    /lib/x86_64-linux-gnu/libpng12.so.0.54.0
7f043cf3d000-7f043cf3e000 rw-p 00024000 08:09 3281669                    /lib/x86_64-linux-gnu/libpng12.so.0.54.0
7f043cf3e000-7f043cfe2000 r-xp 00000000 08:09 5510894                    /usr/lib/x86_64-linux-gnu/libfreetype.so.6.12.1
7f043cfe2000-7f043d1e1000 ---p 000a4000 08:09 5510894                    /usr/lib/x86_64-linux-gnu/libfreetype.so.6.12.1
7f043d1e1000-7f043d1e7000 r--p 000a3000 08:09 5510894                    /usr/lib/x86_64-linux-gnu/libfreetype.so.6.12.1
7f043d1e7000-7f043d1e8000 rw-p 000a9000 08:09 5510894                    /usr/lib/x86_64-linux-gnu/libfreetype.so.6.12.1
7f043d1e8000-7f043d1e9000 r--s 00000000 08:09 1328848                    /var/cache/fontconfig/b9d506c9ac06c20b433354fa67a72993-le64.cache-6
7f043d1e9000-7f043d1ea000 r--s 00000000 08:09 1328845                    /var/cache/fontconfig/551ecf3b0e8b0bca0f25c0944f561853-le64.cache-6
7f043d1ea000-7f043d1eb000 r--s 00000000 08:09 1328843                    /var/cache/fontconfig/30829fa25452a46451e813d634d7f916-le64.cache-6
7f043d1eb000-7f043d1ec000 r--s 00000000 08:09 1328842                    /var/cache/fontconfig/0c9eb80ebd1c36541ebe2852d3bb0c49-le64.cache-6
7f043d1ec000-7f043d1ef000 r--s 00000000 08:09 1328840                    /var/cache/fontconfig/75114ca45c98e8a441da0ff356701271-le64.cache-6
7f043d1ef000-7f043d207000 r--s 00000000 08:09 787293                     /usr/share/fonts/type1/gsfonts/n022003l.pfb
7f043d207000-7f043d259000 r-xp 00000000 08:09 5646727                    /usr/lib/jvm/java-8-openjdk-amd64/jre/lib/amd64/libfontmanager.so
7f043d259000-7f043d459000 ---p 00052000 08:09 5646727                    /usr/lib/jvm/java-8-openjdk-amd64/jre/lib/amd64/libfontmanager.so
7f043d459000-7f043d45b000 r--p 00052000 08:09 5646727                    /usr/lib/jvm/java-8-openjdk-amd64/jre/lib/amd64/libfontmanager.so
7f043d45b000-7f043d45c000 rw-p 00054000 08:09 5646727                    /usr/lib/jvm/java-8-openjdk-amd64/jre/lib/amd64/libfontmanager.so
7f043d45c000-7f043d461000 r-xp 00000000 08:09 5513674                    /usr/lib/x86_64-linux-gnu/libXdmcp.so.6.0.0
7f043d461000-7f043d660000 ---p 00005000 08:09 5513674                    /usr/lib/x86_64-linux-gnu/libXdmcp.so.6.0.0
7f043d660000-7f043d661000 r--p 00004000 08:09 5513674                    /usr/lib/x86_64-linux-gnu/libXdmcp.so.6.0.0
7f043d661000-7f043d662000 rw-p 00005000 08:09 5513674                    /usr/lib/x86_64-linux-gnu/libXdmcp.so.6.0.0
7f043d662000-7f043d664000 r-xp 00000000 08:09 5513663                    /usr/lib/x86_64-linux-gnu/libXau.so.6.0.0
7f043d664000-7f043d864000 ---p 00002000 08:09 5513663                    /usr/lib/x86_64-linux-gnu/libXau.so.6.0.0
7f043d864000-7f043d865000 r--p 00002000 08:09 5513663                    /usr/lib/x86_64-linux-gnu/libXau.so.6.0.0
7f043d865000-7f043d866000 rw-p 00003000 08:09 5513663                    /usr/lib/x86_64-linux-gnu/libXau.so.6.0.0
7f043d866000-7f043d887000 r-xp 00000000 08:09 5515041                    /usr/lib/x86_64-linux-gnu/libxcb.so.1.1.0
7f043d887000-7f043da86000 ---p 00021000 08:09 5515041                    /usr/lib/x86_64-linux-gnu/libxcb.so.1.1.0
7f043da86000-7f043da87000 r--p 00020000 08:09 5515041                    /usr/lib/x86_64-linux-gnu/libxcb.so.1.1.0
7f043da87000-7f043da88000 rw-p 00021000 08:09 5515041                    /usr/lib/x86_64-linux-gnu/libxcb.so.1.1.0
7f043da88000-7f043da97000 r-xp 00000000 08:09 5513684                    /usr/lib/x86_64-linux-gnu/libXi.so.6.1.0
7f043da97000-7f043dc96000 ---p 0000f000 08:09 5513684                    /usr/lib/x86_64-linux-gnu/libXi.so.6.1.0
7f043dc96000-7f043dc97000 r--p 0000e000 08:09 5513684                    /usr/lib/x86_64-linux-gnu/libXi.so.6.1.0
7f043dc97000-7f043dc98000 rw-p 0000f000 08:09 5513684                    /usr/lib/x86_64-linux-gnu/libXi.so.6.1.0
7f043dc98000-7f043dc9d000 r-xp 00000000 08:09 5513702                    /usr/lib/x86_64-linux-gnu/libXtst.so.6.1.0
7f043dc9d000-7f043de9c000 ---p 00005000 08:09 5513702                    /usr/lib/x86_64-linux-gnu/libXtst.so.6.1.0
7f043de9c000-7f043de9d000 r--p 00004000 08:09 5513702                    /usr/lib/x86_64-linux-gnu/libXtst.so.6.1.0
7f043de9d000-7f043de9e000 rw-p 00005000 08:09 5513702                    /usr/lib/x86_64-linux-gnu/libXtst.so.6.1.0
7f043de9e000-7f043dea7000 r-xp 00000000 08:09 5513696                    /usr/lib/x86_64-linux-gnu/libXrender.so.1.3.0
7f043dea7000-7f043e0a6000 ---p 00009000 08:09 5513696                    /usr/lib/x86_64-linux-gnu/libXrender.so.1.3.0
7f043e0a6000-7f043e0a7000 r--p 00008000 08:09 5513696                    /usr/lib/x86_64-linux-gnu/libXrender.so.1.3.0
7f043e0a7000-7f043e0a8000 rw-p 00009000 08:09 5513696                    /usr/lib/x86_64-linux-gnu/libXrender.so.1.3.0
7f043e0a8000-7f043e1dd000 r-xp 00000000 08:09 5513659                    /usr/lib/x86_64-linux-gnu/libX11.so.6.3.0
7f043e1dd000-7f043e3dd000 ---p 00135000 08:09 5513659                    /usr/lib/x86_64-linux-gnu/libX11.so.6.3.0
7f043e3dd000-7f043e3de000 r--p 00135000 08:09 5513659                    /usr/lib/x86_64-linux-gnu/libX11.so.6.3.0
7f043e3de000-7f043e3e2000 rw-p 00136000 08:09 5513659                    /usr/lib/x86_64-linux-gnu/libX11.so.6.3.0
7f043e3e2000-7f043e3f3000 r-xp 00000000 08:09 5513676                    /usr/lib/x86_64-linux-gnu/libXext.so.6.4.0
7f043e3f3000-7f043e5f2000 ---p 00011000 08:09 5513676                    /usr/lib/x86_64-linux-gnu/libXext.so.6.4.0
7f043e5f2000-7f043e5f3000 r--p 00010000 08:09 5513676                    /usr/lib/x86_64-linux-gnu/libXext.so.6.4.0
7f043e5f3000-7f043e5f4000 rw-p 00011000 08:09 5513676                    /usr/lib/x86_64-linux-gnu/libXext.so.6.4.0
7f043e5f4000-7f043e5f8000 r--s 00000000 08:09 1311391                    /var/cache/fontconfig/7ef2298fde41cc6eeb7af42e48b7d293-le64.cache-6
7f043e5f8000-7f043e5fb000 r--s 00015000 08:09 5647175                    /usr/lib/jvm/java-8-openjdk-amd64/jre/lib/jce.jar
7f043e5fb000-7f043e600000 r--s 0009a000 08:09 5646723                    /usr/lib/jvm/java-8-openjdk-amd64/jre/lib/jsse.jar
7f043e600000-7f043e613000 r--s 00346000 08:09 5646801                    /usr/lib/jvm/java-8-openjdk-amd64/jre/lib/resources.jar
7f043e613000-7f043e667000 r-xp 00000000 08:09 5646783                    /usr/lib/jvm/java-8-openjdk-amd64/jre/lib/amd64/libawt_xawt.so
7f043e667000-7f043e867000 ---p 00054000 08:09 5646783                    /usr/lib/jvm/java-8-openjdk-amd64/jre/lib/amd64/libawt_xawt.so
7f043e867000-7f043e868000 r--p 00054000 08:09 5646783                    /usr/lib/jvm/java-8-openjdk-amd64/jre/lib/amd64/libawt_xawt.so
7f043e868000-7f043e86b000 rw-p 00055000 08:09 5646783                    /usr/lib/jvm/java-8-openjdk-amd64/jre/lib/amd64/libawt_xawt.so
7f043e86b000-7f043e86c000 rw-p 00000000 00:00 0 
7f043e86c000-7f043e90c000 r-xp 00000000 08:09 5646771                    /usr/lib/jvm/java-8-openjdk-amd64/jre/lib/amd64/libawt.so
7f043e90c000-7f043eb0c000 ---p 000a0000 08:09 5646771                    /usr/lib/jvm/java-8-openjdk-amd64/jre/lib/amd64/libawt.so
7f043eb0c000-7f043eb0d000 r--p 000a0000 08:09 5646771                    /usr/lib/jvm/java-8-openjdk-amd64/jre/lib/amd64/libawt.so
7f043eb0d000-7f043eb18000 rw-p 000a1000 08:09 5646771                    /usr/lib/jvm/java-8-openjdk-amd64/jre/lib/amd64/libawt.so
7f043eb18000-7f043eb3d000 rw-p 00000000 00:00 0 
7f043eb3d000-7f043eb3f000 r--s 00011000 08:09 4860596                    /home/chhavi/.m2/repository/org/hamcrest/hamcrest-core/1.1/hamcrest-core-1.1.jar
7f043eb3f000-7f043eb46000 r--s 00037000 08:09 2368863                    /home/chhavi/.m2/repository/junit/junit/4.10/junit-4.10.jar
7f043eb46000-7f043eb47000 r--s 00005000 08:09 4860594                    /home/chhavi/.m2/repository/com/googlecode/json-simple/json-simple/1.1.1/json-simple-1.1.1.jar
7f043eb47000-7f043eb4c000 r--s 002f9000 08:09 5646809                    /usr/lib/jvm/java-8-openjdk-amd64/jre/lib/charsets.jar
7f043eb4c000-7f043eb5f000 r--s 001bb000 08:09 828239                     /home/chhavi/Documents/Jars/itextpdf-5.4.0.jar
7f043eb5f000-7f043eb6d000 r--s 000ca000 08:09 823736                     /home/chhavi/Documents/Jars/icepdf-viewer-6.1.2.jar
7f043eb6d000-7f043ebcb000 r--s 009c4000 08:09 807608                     /home/chhavi/Documents/Jars/pdfbox-app-1.8.13.jar
7f043ebcb000-7f043ebd8000 r--s 0014e000 08:09 805556                     /home/chhavi/Documents/Jars/icepdf-core-6.1.2.jar
7f043ebd8000-7f043ebdb000 r--s 0002b000 08:09 1705468                    /home/chhavi/Downloads/3.0.4 jars/spring-security-config-3.0.4.RELEASE.jar
7f043ebdb000-7f043ebe5000 r--s 00042000 08:09 1705469                    /home/chhavi/Downloads/3.0.4 jars/spring-security-core-3.0.4.RELEASE.jar
7f043ebe5000-7f043ebe6000 r--s 00004000 08:09 1705470                    /home/chhavi/Downloads/3.0.4 jars/spring-security-taglibs-3.0.4.RELEASE.jar
7f043ebe6000-7f043ebed000 r--s 00034000 08:09 1705467                    /home/chhavi/Downloads/3.0.4 jars/spring-security-web-3.0.4.RELEASE.jar
7f043ebed000-7f043ebf1000 r--s 00027000 08:09 1705398                    /home/chhavi/Downloads/3.0.4 jars/spring-webmvc-portlet-3.0.4.RELEASE.jar
7f043ebf1000-7f043ebf6000 r--s 0002e000 08:09 1705397                    /home/chhavi/Downloads/3.0.4 jars/spring-test-3.0.4.release-sources.jar
7f043ebf6000-7f043ebf8000 r--s 0000d000 08:09 1705396                    /home/chhavi/Downloads/3.0.4 jars/spring-oxm-3.0.4.RELEASE.jar
7f043ebf8000-7f043ec00000 r--s 0004a000 08:09 1705395                    /home/chhavi/Downloads/3.0.4 jars/spring-orm-3.0.4.RELEASE.jar
7f043ec00000-7f043ec05000 r--s 00029000 08:09 1705394                    /home/chhavi/Downloads/3.0.4 jars/spring-jms-3.0.4.RELEASE.jar
7f043ec05000-7f043ec0e000 r--s 00054000 08:09 1705393                    /home/chhavi/Downloads/3.0.4 jars/spring-jdbc-3.0.4.RELEASE.jar
7f043ec0e000-7f043ec0f000 r--s 00001000 08:09 1705379                    /home/chhavi/Downloads/3.0.4 jars/spring-instrument-tomcat-3.0.4.RELEASE.jar
7f043ec0f000-7f043ec10000 r--s 00000000 08:09 1705380                    /home/chhavi/Downloads/3.0.4 jars/spring-instrument-3.0.4.RELEASE.jar
7f043ec10000-7f043ec13000 r--s 00016000 08:09 1705392                    /home/chhavi/Downloads/3.0.4 jars/spring-context-support-3.0.4.RELEASE.jar
7f043ec13000-7f043ec15000 r--s 00006000 08:09 1705391                    /home/chhavi/Downloads/3.0.4 jars/spring-aspects-3.0.4.RELEASE.jar
7f043ec15000-7f043ec16000 r--s 0000c000 08:09 1705374                    /home/chhavi/Downloads/3.0.4 jars/spring-asm-3.0.4.RELEASE.jar
7f043ec16000-7f043ec18000 r--s 00006000 08:09 1705390                    /home/chhavi/Downloads/3.0.4 jars/org.springframework.web.struts-3.0.4.RELEASE.jar
7f043ec18000-7f043ec1f000 r--s 00032000 08:09 1705389                    /home/chhavi/Downloads/3.0.4 jars/org.springframework.transaction-3.0.4.release.jar
7f043ec1f000-7f043ec23000 r--s 00025000 08:09 1705375                    /home/chhavi/Downloads/3.0.4 jars/spring-expression-3.0.4.RELEASE.jar
7f043ec23000-7f043ec2d000 r--s 00057000 08:09 1705363                    /home/chhavi/Downloads/spring-web-3.0.4.RELEASE.jar
7f043ec2d000-7f043ec36000 r--s 00051000 08:09 1705373                    /home/chhavi/Downloads/3.0.4 jars/spring-core-3.0.4.RELEASE.jar
7f043ec36000-7f043ec47000 r--s 00092000 08:09 1705372                    /home/chhavi/Downloads/3.0.4 jars/org.springframework.context-3.0.4.RELEASE.jar
7f043ec47000-7f043ec52000 r--s 0007d000 08:09 1705371                    /home/chhavi/Downloads/3.0.4 jars/org.springframework.beans-3.0.4.RELEASE.jar
7f043ec52000-7f043ec5b000 r--s 00046000 08:09 1705370                    /home/chhavi/Downloads/3.0.4 jars/org.springframework.aop-3.0.4.release.jar
7f043ec5b000-7f043ec5d000 r--s 00007000 08:09 4590168                    /home/chhavi/Downloads/hibernate-validator-5.4.0.Final/dist/hibernate-validator-cdi-5.4.0.Final.jar
7f043ec5d000-7f043ec61000 r--s 0001b000 08:09 4590169                    /home/chhavi/Downloads/hibernate-validator-5.4.0.Final/dist/hibernate-validator-annotation-processor-5.4.0.Final.jar
7f043ec61000-7f043ec73000 r--s 000a7000 08:09 4590167                    /home/chhavi/Downloads/hibernate-validator-5.4.0.Final/dist/hibernate-validator-5.4.0.Final.jar
7f043ec73000-7f043ec77000 r--s 0000c000 08:09 4590170                    /home/chhavi/Downloads/hibernate-validator-5.4.0.Final/dist/lib/required/validation-api-1.1.0.Final.jar
7f043ec77000-7f043ec79000 r--s 0000f000 08:09 4590171                    /home/chhavi/Downloads/hibernate-validator-5.4.0.Final/dist/lib/required/jboss-logging-3.3.0.Final.jar
7f043ec79000-7f043ec7e000 r--s 00036000 08:09 4590173                    /home/chhavi/Downloads/hibernate-validator-5.4.0.Final/dist/lib/required/javax.el-3.0.1-b08.jar
7f043ec7e000-7f043ec80000 r--s 0000e000 08:09 4590172                    /home/chhavi/Downloads/hibernate-validator-5.4.0.Final/dist/lib/required/classmate-1.3.1.jar
7f043ec80000-7f043ec89000 r--s 0005d000 08:09 1705364                    /home/chhavi/Downloads/org.springframework.web.servlet-3.0.4.RELEASE.jar
7f043ec89000-7f043ec8c000 r--s 00015000 08:09 4199336                    /home/chhavi/Downloads/jars/xmlunit-1.2.jar
7f043ec8c000-7f043ec8e000 r--s 00015000 08:09 4199326                    /home/chhavi/Downloads/jars/xapool.jar
7f043ec8e000-7f043ec95000 r--s 00079000 08:09 4199335                    /home/chhavi/Downloads/jars/wstx-asl-3.2.7.jar
7f043ec95000-7f043ec99000 r--s 00014000 08:09 4199305                    /home/chhavi/Downloads/jars/spring-javaconfig.jar
7f043ec99000-7f043ec9e000 r--s 0000d000 08:09 4199320                    /home/chhavi/Downloads/jars/persistence.jar
7f043ec9e000-7f043eca5000 r--s 0002b000 08:09 4199304                    /home/chhavi/Downloads/jars/org.springframework.config.java-1.0.0.M4.jar
7f043eca5000-7f043eca8000 r--s 0001c000 08:09 4199325                    /home/chhavi/Downloads/jars/jotm.jar
7f043eca8000-7f043ecaa000 r--s 00017000 08:09 4199296                    /home/chhavi/Downloads/jars/jmxtools-1.2.1.jar
7f043ecaa000-7f043ecb1000 r--s 00053000 08:09 4199315                    /home/chhavi/Downloads/jars/jmxri.jar
7f043ecb1000-7f043ecb6000 r--s 0002e000 08:09 4199314                    /home/chhavi/Downloads/jars/jmxremote_optional.jar
7f043ecb6000-7f043ecba000 r--s 00027000 08:09 4199313                    /home/chhavi/Downloads/jars/jmxremote.jar
7f043ecba000-7f043ecbd000 r--s 00022000 08:09 4199312                    /home/chhavi/Downloads/jars/jamon-2.7.jar
7f043ecbd000-7f043ecbe000 r--s 00008000 08:09 4199333                    /home/chhavi/Downloads/jars/easymock.jar
7f043ecbe000-7f043ecc0000 r--s 0001c000 08:09 4199324                    /home/chhavi/Downloads/jars/commons-dbcp.jar
7f043ecc0000-7f043ecce000 r--s 000c9000 08:09 4199332                    /home/chhavi/Downloads/jars/com.springsource.org.testng-5.10.0.jar
7f043ecce000-7f043ecd5000 r--s 00068000 08:09 4199311                    /home/chhavi/Downloads/jars/com.springsource.org.quartz-1.6.2.jar
7f043ecd5000-7f043ecdb000 r--s 00034000 08:09 4199331                    /home/chhavi/Downloads/jars/com.springsource.org.junit-4.7.0.jar
7f043ecdb000-7f043ed76000 r--s 00785000 08:09 4199310                    /home/chhavi/Downloads/jars/com.springsource.org.jruby-1.4.0.jar
7f043ed76000-7f043ed7c000 r--s 0003c000 08:09 4199339                    /home/chhavi/Downloads/jars/com.springsource.org.codehaus.jackson.mapper-1.0.0.jar
7f043ed7c000-7f043edba000 r--s 0038a000 08:09 4199309                    /home/chhavi/Downloads/jars/com.springsource.org.codehaus.groovy-1.6.5.jar
7f043edba000-7f043edcf000 r--s 0017c000 08:09 4199289                    /home/chhavi/Downloads/jars/com.springsource.org.aspectj.weaver-1.6.8.RELEASE.jar
7f043edcf000-7f043edd8000 r--s 00059000 08:09 4199330                    /home/chhavi/Downloads/jars/com.springsource.org.apache.taglibs.standard-1.1.2.jar
7f043edd8000-7f043eddf000 r--s 0005a000 08:09 4199295                    /home/chhavi/Downloads/jars/com.springsource.org.apache.log4j-1.2.15.jar
7f043eddf000-7f043ede1000 r--s 00016000 08:09 4199323                    /home/chhavi/Downloads/jars/com.springsource.org.apache.commons.pool-1.5.3.jar
7f043ede1000-7f043ede3000 r--s 0000e000 08:09 4199294                    /home/chhavi/Downloads/jars/com.springsource.org.apache.commons.logging-1.1.1.jar
7f043ede3000-7f043ede7000 r--s 0003d000 08:09 4199322                    /home/chhavi/Downloads/jars/com.springsource.org.apache.commons.lang-2.4.0.jar
7f043ede7000-7f043eded000 r--s 00046000 08:09 4199338                    /home/chhavi/Downloads/jars/com.springsource.org.apache.commons.httpclient-3.1.0.jar
7f043eded000-7f043edf0000 r--s 0000b000 08:09 4199337                    /home/chhavi/Downloads/jars/com.springsource.org.apache.commons.fileupload-1.2.0.jar
7f043edf0000-7f043edf2000 r--s 00000000 08:09 4199288                    /home/chhavi/Downloads/jars/com.springsource.org.aopalliance-1.0.0.jar
7f043edf2000-7f043edf8000 r--s 0004a000 08:09 4199287                    /home/chhavi/Downloads/jars/com.springsource.net.sf.cglib-2.2.0.jar
7f043edf8000-7f043edfc000 r--s 0001f000 08:09 4199327                    /home/chhavi/Downloads/jars/com.springsource.javax.jdo-2.1.0.jar
7f043edfc000-7f043ee05000 r--s 00049000 08:09 4199308                    /home/chhavi/Downloads/jars/com.springsource.edu.emory.mathcs.backport-3.0.0.jar
7f043ee05000-7f043ee10000 r--s 0008c000 08:09 4199321                    /home/chhavi/Downloads/jars/com.springsource.com.mchange.v2.c3p0-0.9.1.2.jar
7f043ee10000-7f043ee19000 r--s 00056000 08:09 4199302                    /home/chhavi/Downloads/jars/com.springsource.com.ibatis-2.3.4.726.jar
7f043ee19000-7f043ee1a000 ---p 00000000 00:00 0 
7f043ee1a000-7f043ef1a000 rw-p 00000000 00:00 0 
7f043ef1a000-7f043ef1d000 ---p 00000000 00:00 0 
7f043ef1d000-7f043f01b000 rw-p 00000000 00:00 0 
7f043f01b000-7f043f01e000 ---p 00000000 00:00 0 
7f043f01e000-7f043f11c000 rw-p 00000000 00:00 0 
7f043f11c000-7f043f11f000 ---p 00000000 00:00 0 
7f043f11f000-7f043f21d000 rw-p 00000000 00:00 0 
7f043f21d000-7f043f220000 ---p 00000000 00:00 0 
7f043f220000-7f043f31e000 rw-p 00000000 00:00 0 
7f043f31e000-7f043f321000 ---p 00000000 00:00 0 
7f043f321000-7f043f41f000 rw-p 00000000 00:00 0 
7f043f41f000-7f043f6f7000 r--p 00000000 08:09 5505043                    /usr/lib/locale/locale-archive
7f043f6f7000-7f043f6fa000 ---p 00000000 00:00 0 
7f043f6fa000-7f043f7f8000 rw-p 00000000 00:00 0 
7f043f7f8000-7f043f7fb000 ---p 00000000 00:00 0 
7f043f7fb000-7f043f8f9000 rw-p 00000000 00:00 0 
7f043f8f9000-7f043f8fa000 ---p 00000000 00:00 0 
7f043f8fa000-7f0440000000 rw-p 00000000 00:00 0 
7f0440000000-7f0440021000 rw-p 00000000 00:00 0 
7f0440021000-7f0444000000 ---p 00000000 00:00 0 
7f0444000000-7f0444021000 rw-p 00000000 00:00 0 
7f0444021000-7f0448000000 ---p 00000000 00:00 0 
7f0448000000-7f0448021000 rw-p 00000000 00:00 0 
7f0448021000-7f044c000000 ---p 00000000 00:00 0 
7f044c000000-7f044c001000 r--s 00000000 08:09 4199329                    /home/chhavi/Downloads/jars/com.springsource.javax.inject-1.0.0.jar
7f044c001000-7f044c007000 r--s 00042000 08:09 4199328                    /home/chhavi/Downloads/jars/com.springsource.com.caucho-3.2.1.jar
7f044c007000-7f044c00c000 r--s 00041000 08:09 4199306                    /home/chhavi/Downloads/jars/com.springsource.bsh-2.0.0.b4.jar
7f044c00c000-7f044c012000 r--s 0007f000 08:09 817388                     /home/chhavi/Downloads/mysql-connector.jar
7f044c012000-7f044c02d000 r--s 00394000 08:09 5638054                    /usr/lib/jvm/java-8-openjdk-amd64/jre/lib/ext/cldrdata.jar
7f044c02d000-7f044c048000 r--s 001d6000 08:09 5639281                    /usr/lib/jvm/java-8-openjdk-amd64/jre/lib/ext/nashorn.jar
7f044c048000-7f044c9f6000 rw-p 00000000 00:00 0 
7f044c9f6000-7f044cbc4000 r--s 03c13000 08:09 5637819                    /usr/lib/jvm/java-8-openjdk-amd64/jre/lib/rt.jar
7f044cbc4000-7f044f480000 rw-p 00000000 00:00 0 
7f044f480000-7f044f481000 ---p 00000000 00:00 0 
7f044f481000-7f044f581000 rw-p 00000000 00:00 0 
7f044f581000-7f044f582000 ---p 00000000 00:00 0 
7f044f582000-7f044f682000 rw-p 00000000 00:00 0 
7f044f682000-7f044f683000 ---p 00000000 00:00 0 
7f044f683000-7f044f783000 rw-p 00000000 00:00 0 
7f044f783000-7f044f784000 ---p 00000000 00:00 0 
7f044f784000-7f044f899000 rw-p 00000000 00:00 0 
7f044f899000-7f044f9c8000 ---p 00000000 00:00 0 
7f044f9c8000-7f044f9dd000 rw-p 00000000 00:00 0 
7f044f9dd000-7f044fb0c000 ---p 00000000 00:00 0 
7f044fb0c000-7f044fb79000 rw-p 00000000 00:00 0 
7f044fb79000-7f044fbae000 ---p 00000000 00:00 0 
7f044fbae000-7f044fbd5000 rw-p 00000000 00:00 0 
7f044fbd5000-7f044ff6f000 ---p 00000000 00:00 0 
7f044ff6f000-7f04508cf000 rwxp 00000000 00:00 0 
7f04508cf000-7f045ef6f000 ---p 00000000 00:00 0 
7f045ef6f000-7f045ef77000 r-xp 00000000 08:09 5646751                    /usr/lib/jvm/java-8-openjdk-amd64/jre/lib/amd64/libzip.so
7f045ef77000-7f045f176000 ---p 00008000 08:09 5646751                    /usr/lib/jvm/java-8-openjdk-amd64/jre/lib/amd64/libzip.so
7f045f176000-7f045f177000 r--p 00007000 08:09 5646751                    /usr/lib/jvm/java-8-openjdk-amd64/jre/lib/amd64/libzip.so
7f045f177000-7f045f178000 rw-p 00008000 08:09 5646751                    /usr/lib/jvm/java-8-openjdk-amd64/jre/lib/amd64/libzip.so
7f045f178000-7f045f183000 r-xp 00000000 08:09 3287484                    /lib/x86_64-linux-gnu/libnss_files-2.23.so
7f045f183000-7f045f382000 ---p 0000b000 08:09 3287484                    /lib/x86_64-linux-gnu/libnss_files-2.23.so
7f045f382000-7f045f383000 r--p 0000a000 08:09 3287484                    /lib/x86_64-linux-gnu/libnss_files-2.23.so
7f045f383000-7f045f384000 rw-p 0000b000 08:09 3287484                    /lib/x86_64-linux-gnu/libnss_files-2.23.so
7f045f384000-7f045f38a000 rw-p 00000000 00:00 0 
7f045f38a000-7f045f395000 r-xp 00000000 08:09 3287543                    /lib/x86_64-linux-gnu/libnss_nis-2.23.so
7f045f395000-7f045f594000 ---p 0000b000 08:09 3287543                    /lib/x86_64-linux-gnu/libnss_nis-2.23.so
7f045f594000-7f045f595000 r--p 0000a000 08:09 3287543                    /lib/x86_64-linux-gnu/libnss_nis-2.23.so
7f045f595000-7f045f596000 rw-p 0000b000 08:09 3287543                    /lib/x86_64-linux-gnu/libnss_nis-2.23.so
7f045f596000-7f045f5ac000 r-xp 00000000 08:09 3287480                    /lib/x86_64-linux-gnu/libnsl-2.23.so
7f045f5ac000-7f045f7ab000 ---p 00016000 08:09 3287480                    /lib/x86_64-linux-gnu/libnsl-2.23.so
7f045f7ab000-7f045f7ac000 r--p 00015000 08:09 3287480                    /lib/x86_64-linux-gnu/libnsl-2.23.so
7f045f7ac000-7f045f7ad000 rw-p 00016000 08:09 3287480                    /lib/x86_64-linux-gnu/libnsl-2.23.so
7f045f7ad000-7f045f7af000 rw-p 00000000 00:00 0 
7f045f7af000-7f045f7b7000 r-xp 00000000 08:09 3287549                    /lib/x86_64-linux-gnu/libnss_compat-2.23.so
7f045f7b7000-7f045f9b6000 ---p 00008000 08:09 3287549                    /lib/x86_64-linux-gnu/libnss_compat-2.23.so
7f045f9b6000-7f045f9b7000 r--p 00007000 08:09 3287549                    /lib/x86_64-linux-gnu/libnss_compat-2.23.so
7f045f9b7000-7f045f9b8000 rw-p 00008000 08:09 3287549                    /lib/x86_64-linux-gnu/libnss_compat-2.23.so
7f045f9b8000-7f045f9e5000 r-xp 00000000 08:09 5646781                    /usr/lib/jvm/java-8-openjdk-amd64/jre/lib/amd64/libjava.so
7f045f9e5000-7f045fbe4000 ---p 0002d000 08:09 5646781                    /usr/lib/jvm/java-8-openjdk-amd64/jre/lib/amd64/libjava.so
7f045fbe4000-7f045fbe5000 r--p 0002c000 08:09 5646781                    /usr/lib/jvm/java-8-openjdk-amd64/jre/lib/amd64/libjava.so
7f045fbe5000-7f045fbe7000 rw-p 0002d000 08:09 5646781                    /usr/lib/jvm/java-8-openjdk-amd64/jre/lib/amd64/libjava.so
7f045fbe7000-7f045fbf6000 r-xp 00000000 08:09 5646739                    /usr/lib/jvm/java-8-openjdk-amd64/jre/lib/amd64/libverify.so
7f045fbf6000-7f045fdf5000 ---p 0000f000 08:09 5646739                    /usr/lib/jvm/java-8-openjdk-amd64/jre/lib/amd64/libverify.so
7f045fdf5000-7f045fdf7000 r--p 0000e000 08:09 5646739                    /usr/lib/jvm/java-8-openjdk-amd64/jre/lib/amd64/libverify.so
7f045fdf7000-7f045fdf8000 rw-p 00010000 08:09 5646739                    /usr/lib/jvm/java-8-openjdk-amd64/jre/lib/amd64/libverify.so
7f045fdf8000-7f045fdff000 r-xp 00000000 08:09 3287545                    /lib/x86_64-linux-gnu/librt-2.23.so
7f045fdff000-7f045fffe000 ---p 00007000 08:09 3287545                    /lib/x86_64-linux-gnu/librt-2.23.so
7f045fffe000-7f045ffff000 r--p 00006000 08:09 3287545                    /lib/x86_64-linux-gnu/librt-2.23.so
7f045ffff000-7f0460000000 rw-p 00007000 08:09 3287545                    /lib/x86_64-linux-gnu/librt-2.23.so
7f0460000000-7f04605bf000 rw-p 00000000 00:00 0 
7f04605bf000-7f0464000000 ---p 00000000 00:00 0 
7f0464000000-7f0464001000 r--s 00001000 08:09 4199307                    /home/chhavi/Downloads/jars/com.springsource.commonj-1.1.0.jar
7f0464001000-7f0464002000 r--s 00010000 08:09 5642750                    /usr/lib/jvm/java-8-openjdk-amd64/jre/lib/ext/zipfs.jar
7f0464002000-7f0464006000 r--s 00037000 08:09 5641923                    /usr/lib/jvm/java-8-openjdk-amd64/jre/lib/ext/sunpkcs11.jar
7f0464006000-7f046400a000 r--s 0002d000 08:09 5641734                    /usr/lib/jvm/java-8-openjdk-amd64/jre/lib/ext/servlet-api-3.0.jar
7f046400a000-7f046400d000 r--s 0000f000 08:09 5642746                    /usr/lib/jvm/java-8-openjdk-amd64/jre/lib/ext/icedtea-sound.jar
7f046400d000-7f046400e000 r--s 0000a000 08:09 5641982                    /usr/lib/jvm/java-8-openjdk-amd64/jre/lib/ext/jaccess.jar
7f046400e000-7f0464018000 r--s 00116000 08:09 5639282                    /usr/lib/jvm/java-8-openjdk-amd64/jre/lib/ext/localedata.jar
7f0464018000-7f046402e000 r-xp 00000000 08:09 3281566                    /lib/x86_64-linux-gnu/libgcc_s.so.1
7f046402e000-7f046422d000 ---p 00016000 08:09 3281566                    /lib/x86_64-linux-gnu/libgcc_s.so.1
7f046422d000-7f046422e000 rw-p 00015000 08:09 3281566                    /lib/x86_64-linux-gnu/libgcc_s.so.1
7f046422e000-7f0464336000 r-xp 00000000 08:09 3287554                    /lib/x86_64-linux-gnu/libm-2.23.so
7f0464336000-7f0464535000 ---p 00108000 08:09 3287554                    /lib/x86_64-linux-gnu/libm-2.23.so
7f0464535000-7f0464536000 r--p 00107000 08:09 3287554                    /lib/x86_64-linux-gnu/libm-2.23.so
7f0464536000-7f0464537000 rw-p 00108000 08:09 3287554                    /lib/x86_64-linux-gnu/libm-2.23.so
7f0464537000-7f04646a9000 r-xp 00000000 08:09 5507074                    /usr/lib/x86_64-linux-gnu/libstdc++.so.6.0.21
7f04646a9000-7f04648a9000 ---p 00172000 08:09 5507074                    /usr/lib/x86_64-linux-gnu/libstdc++.so.6.0.21
7f04648a9000-7f04648b3000 r--p 00172000 08:09 5507074                    /usr/lib/x86_64-linux-gnu/libstdc++.so.6.0.21
7f04648b3000-7f04648b5000 rw-p 0017c000 08:09 5507074                    /usr/lib/x86_64-linux-gnu/libstdc++.so.6.0.21
7f04648b5000-7f04648b9000 rw-p 00000000 00:00 0 
7f04648b9000-7f046550d000 r-xp 00000000 08:09 5646749                    /usr/lib/jvm/java-8-openjdk-amd64/jre/lib/amd64/server/libjvm.so
7f046550d000-7f046570d000 ---p 00c54000 08:09 5646749                    /usr/lib/jvm/java-8-openjdk-amd64/jre/lib/amd64/server/libjvm.so
7f046570d000-7f04657a0000 r--p 00c54000 08:09 5646749                    /usr/lib/jvm/java-8-openjdk-amd64/jre/lib/amd64/server/libjvm.so
7f04657a0000-7f04657c9000 rw-p 00ce7000 08:09 5646749                    /usr/lib/jvm/java-8-openjdk-amd64/jre/lib/amd64/server/libjvm.so
7f04657c9000-7f04657f9000 rw-p 00000000 00:00 0 
7f04657f9000-7f0465811000 r-xp 00000000 08:09 3287542                    /lib/x86_64-linux-gnu/libpthread-2.23.so
7f0465811000-7f0465a10000 ---p 00018000 08:09 3287542                    /lib/x86_64-linux-gnu/libpthread-2.23.so
7f0465a10000-7f0465a11000 r--p 00017000 08:09 3287542                    /lib/x86_64-linux-gnu/libpthread-2.23.so
7f0465a11000-7f0465a12000 rw-p 00018000 08:09 3287542                    /lib/x86_64-linux-gnu/libpthread-2.23.so
7f0465a12000-7f0465a16000 rw-p 00000000 00:00 0 
7f0465a16000-7f0465a19000 r-xp 00000000 08:09 3287548                    /lib/x86_64-linux-gnu/libdl-2.23.so
7f0465a19000-7f0465c18000 ---p 00003000 08:09 3287548                    /lib/x86_64-linux-gnu/libdl-2.23.so
7f0465c18000-7f0465c19000 r--p 00002000 08:09 3287548                    /lib/x86_64-linux-gnu/libdl-2.23.so
7f0465c19000-7f0465c1a000 rw-p 00003000 08:09 3287548                    /lib/x86_64-linux-gnu/libdl-2.23.so
7f0465c1a000-7f0465c33000 r-xp 00000000 08:09 3281719                    /lib/x86_64-linux-gnu/libz.so.1.2.8
7f0465c33000-7f0465e32000 ---p 00019000 08:09 3281719                    /lib/x86_64-linux-gnu/libz.so.1.2.8
7f0465e32000-7f0465e33000 r--p 00018000 08:09 3281719                    /lib/x86_64-linux-gnu/libz.so.1.2.8
7f0465e33000-7f0465e34000 rw-p 00019000 08:09 3281719                    /lib/x86_64-linux-gnu/libz.so.1.2.8
7f0465e34000-7f0465ff4000 r-xp 00000000 08:09 3287559                    /lib/x86_64-linux-gnu/libc-2.23.so
7f0465ff4000-7f04661f4000 ---p 001c0000 08:09 3287559                    /lib/x86_64-linux-gnu/libc-2.23.so
7f04661f4000-7f04661f8000 r--p 001c0000 08:09 3287559                    /lib/x86_64-linux-gnu/libc-2.23.so
7f04661f8000-7f04661fa000 rw-p 001c4000 08:09 3287559                    /lib/x86_64-linux-gnu/libc-2.23.so
7f04661fa000-7f04661fe000 rw-p 00000000 00:00 0 
7f04661fe000-7f046620b000 r-xp 00000000 08:09 5646733                    /usr/lib/jvm/java-8-openjdk-amd64/jre/lib/amd64/jli/libjli.so
7f046620b000-7f046640b000 ---p 0000d000 08:09 5646733                    /usr/lib/jvm/java-8-openjdk-amd64/jre/lib/amd64/jli/libjli.so
7f046640b000-7f046640c000 r--p 0000d000 08:09 5646733                    /usr/lib/jvm/java-8-openjdk-amd64/jre/lib/amd64/jli/libjli.so
7f046640c000-7f046640d000 rw-p 0000e000 08:09 5646733                    /usr/lib/jvm/java-8-openjdk-amd64/jre/lib/amd64/jli/libjli.so
7f046640d000-7f0466433000 r-xp 00000000 08:09 3287481                    /lib/x86_64-linux-gnu/ld-2.23.so
7f0466433000-7f0466438000 r--s 0003b000 08:09 5642745                    /usr/lib/jvm/java-8-openjdk-amd64/jre/lib/ext/sunjce_provider.jar
7f0466438000-7f046643a000 r--s 00008000 08:09 5642748                    /usr/lib/jvm/java-8-openjdk-amd64/jre/lib/ext/sunec.jar
7f046643a000-7f046650b000 rw-p 00000000 00:00 0 
7f046650b000-7f046650e000 ---p 00000000 00:00 0 
7f046650e000-7f0466611000 rw-p 00000000 00:00 0 
7f0466611000-7f0466613000 r--s 00001000 08:09 5641924                    /usr/lib/jvm/java-8-openjdk-amd64/jre/lib/ext/dnsns.jar
7f0466613000-7f0466626000 rw-p 00000000 00:00 0 
7f0466626000-7f046662e000 rw-s 00000000 08:09 4341205                    /tmp/hsperfdata_chhavi/8080
7f046662e000-7f046662f000 rw-p 00000000 00:00 0 
7f046662f000-7f0466630000 ---p 00000000 00:00 0 
7f0466630000-7f0466632000 rw-p 00000000 00:00 0 
7f0466632000-7f0466633000 r--p 00025000 08:09 3287481                    /lib/x86_64-linux-gnu/ld-2.23.so
7f0466633000-7f0466634000 rw-p 00026000 08:09 3287481                    /lib/x86_64-linux-gnu/ld-2.23.so
7f0466634000-7f0466635000 rw-p 00000000 00:00 0 
7ffe9065e000-7ffe90680000 rw-p 00000000 00:00 0                          [stack]
7ffe906bb000-7ffe906bd000 r--p 00000000 00:00 0                          [vvar]
7ffe906bd000-7ffe906bf000 r-xp 00000000 00:00 0                          [vdso]
ffffffffff600000-ffffffffff601000 r-xp 00000000 00:00 0                  [vsyscall]

VM Arguments:
jvm_args: -Dfile.encoding=UTF-8 
java_command: pdftrans.ViewerCtrl
java_class_path (initial): /home/chhavi/EclipseProjects/PDFWordTranslator/target/classes:/home/chhavi/Downloads/mysql-connector.jar:/home/chhavi/Downloads/jars/com.springsource.bsh-2.0.0.b4.jar:/home/chhavi/Downloads/jars/com.springsource.com.caucho-3.2.1.jar:/home/chhavi/Downloads/jars/com.springsource.com.ibatis-2.3.4.726.jar:/home/chhavi/Downloads/jars/com.springsource.com.mchange.v2.c3p0-0.9.1.2.jar:/home/chhavi/Downloads/jars/com.springsource.commonj-1.1.0.jar:/home/chhavi/Downloads/jars/com.springsource.edu.emory.mathcs.backport-3.0.0.jar:/home/chhavi/Downloads/jars/com.springsource.javax.inject-1.0.0.jar:/home/chhavi/Downloads/jars/com.springsource.javax.jdo-2.1.0.jar:/home/chhavi/Downloads/jars/com.springsource.net.sf.cglib-2.2.0.jar:/home/chhavi/Downloads/jars/com.springsource.org.aopalliance-1.0.0.jar:/home/chhavi/Downloads/jars/com.springsource.org.apache.commons.fileupload-1.2.0.jar:/home/chhavi/Downloads/jars/com.springsource.org.apache.commons.httpclient-3.1.0.jar:/home/chhavi/Downloads/jars/com.springsource.org.apache.commons.lang-2.4.0.jar:/home/chhavi/Downloads/jars/com.springsource.org.apache.commons.logging-1.1.1.jar:/home/chhavi/Downloads/jars/com.springsource.org.apache.commons.pool-1.5.3.jar:/home/chhavi/Downloads/jars/com.springsource.org.apache.log4j-1.2.15.jar:/home/chhavi/Downloads/jars/com.springsource.org.apache.taglibs.standard-1.1.2.jar:/home/chhavi/Downloads/jars/com.springsource.org.aspectj.weaver-1.6.8.RELEASE.jar:/home/chhavi/Downloads/jars/com.springsource.org.codehaus.groovy-1.6.5.jar:/home/chhavi/Downloads/jars/com.springsource.org.codehaus.jackson.mapper-1.0.0.jar:/home/chhavi/Downloads/jars/com.springsource.org.jruby-1.4.0.jar:/home/chhavi/Downloads/jars/com.springsource.org.junit-4.7.0.jar:/home/chhavi/Downloads/jars/com.springsource.org.quartz-1.6.2.jar:/home/chhavi/Downloads/jars/com.springsource.org.testng-5.10.0.jar:/home/chhavi/Downloads/jars/commons-dbcp.jar:/home/chhavi/Downloads/jars/easymock.jar:/home/chhavi/Downloa
Launcher Type: SUN_STANDARD

Environment Variables:
PATH=/home/chhavi/bin:/home/chhavi/.local/bin:/usr/local/sbin:/usr/local/bin:/usr/sbin:/usr/bin:/sbin:/bin:/usr/games:/usr/local/games:/snap/bin
SHELL=/bin/bash
DISPLAY=:0

Signal Handlers:
SIGSEGV: [libjvm.so+0xa6ad10], sa_mask[0]=11111111011111111101111111111110, sa_flags=SA_RESTART|SA_SIGINFO
SIGBUS: [libjvm.so+0xa6ad10], sa_mask[0]=11111111011111111101111111111110, sa_flags=SA_RESTART|SA_SIGINFO
SIGFPE: [libjvm.so+0x8b3bc0], sa_mask[0]=11111111011111111101111111111110, sa_flags=SA_RESTART|SA_SIGINFO
SIGPIPE: [libjvm.so+0x8b3bc0], sa_mask[0]=11111111011111111101111111111110, sa_flags=SA_RESTART|SA_SIGINFO
SIGXFSZ: [libjvm.so+0x8b3bc0], sa_mask[0]=11111111011111111101111111111110, sa_flags=SA_RESTART|SA_SIGINFO
SIGILL: [libjvm.so+0x8b3bc0], sa_mask[0]=11111111011111111101111111111110, sa_flags=SA_RESTART|SA_SIGINFO
SIGUSR1: SIG_DFL, sa_mask[0]=00000000000000000000000000000000, sa_flags=none
SIGUSR2: [libjvm.so+0x8b3a70], sa_mask[0]=00100000000000000000000000000000, sa_flags=SA_RESTART|SA_SIGINFO
SIGHUP: [libjvm.so+0x8b3f40], sa_mask[0]=11111111011111111101111111111110, sa_flags=SA_RESTART|SA_SIGINFO
SIGINT: [libjvm.so+0x8b3f40], sa_mask[0]=11111111011111111101111111111110, sa_flags=SA_RESTART|SA_SIGINFO
SIGTERM: [libjvm.so+0x8b3f40], sa_mask[0]=11111111011111111101111111111110, sa_flags=SA_RESTART|SA_SIGINFO
SIGQUIT: [libjvm.so+0x8b3f40], sa_mask[0]=11111111011111111101111111111110, sa_flags=SA_RESTART|SA_SIGINFO


---------------  S Y S T E M  ---------------

OS:DISTRIB_ID=Ubuntu
DISTRIB_RELEASE=16.04
DISTRIB_CODENAME=xenial
DISTRIB_DESCRIPTION="Ubuntu 16.04.1 LTS"

uname:Linux 4.4.0-96-generic #119-Ubuntu SMP Tue Sep 12 14:59:54 UTC 2017 x86_64
libc:glibc 2.23 NPTL 2.23 
rlimit: STACK 8192k, CORE 0k, NPROC 15158, NOFILE 65536, AS infinity
load average:1.48 0.79 0.77

/proc/meminfo:
MemTotal:        3974504 kB
MemFree:          118940 kB
MemAvailable:      42916 kB
Buffers:            1256 kB
Cached:           950620 kB
SwapCached:            0 kB
Active:          2958552 kB
Inactive:         718656 kB
Active(anon):    2925576 kB
Inactive(anon):   694652 kB
Active(file):      32976 kB
Inactive(file):    24004 kB
Unevictable:          32 kB
Mlocked:              32 kB
SwapTotal:             0 kB
SwapFree:              0 kB
Dirty:               296 kB
Writeback:             0 kB
AnonPages:       2725736 kB
Mapped:           305812 kB
Shmem:            894524 kB
Slab:              75048 kB
SReclaimable:      35984 kB
SUnreclaim:        39064 kB
KernelStack:       10544 kB
PageTables:        46364 kB
NFS_Unstable:          0 kB
Bounce:                0 kB
WritebackTmp:          0 kB
CommitLimit:     1987252 kB
Committed_AS:    7466316 kB
VmallocTotal:   34359738367 kB
VmallocUsed:           0 kB
VmallocChunk:          0 kB
HardwareCorrupted:     0 kB
AnonHugePages:    956416 kB
CmaTotal:              0 kB
CmaFree:               0 kB
HugePages_Total:       0
HugePages_Free:        0
HugePages_Rsvd:        0
HugePages_Surp:        0
Hugepagesize:       2048 kB
DirectMap4k:      127616 kB
DirectMap2M:     2947072 kB
DirectMap1G:     2097152 kB


CPU:total 4 (initial active 4) (2 cores per cpu, 2 threads per core) family 6 model 69 stepping 1, cmov, cx8, fxsr, mmx, sse, sse2, sse3, ssse3, sse4.1, sse4.2, popcnt, avx, avx2, aes, clmul, erms, lzcnt, ht, tsc, tscinvbit, bmi1, bmi2

/proc/cpuinfo:
processor	: 0
vendor_id	: GenuineIntel
cpu family	: 6
model		: 69
model name	: Intel(R) Core(TM) i3-4030U CPU @ 1.90GHz
stepping	: 1
microcode	: 0x17
cpu MHz		: 884.242
cache size	: 3072 KB
physical id	: 0
siblings	: 4
core id		: 0
cpu cores	: 2
apicid		: 0
initial apicid	: 0
fpu		: yes
fpu_exception	: yes
cpuid level	: 13
wp		: yes
flags		: fpu vme de pse tsc msr pae mce cx8 apic sep mtrr pge mca cmov pat pse36 clflush dts acpi mmx fxsr sse sse2 ss ht tm pbe syscall nx pdpe1gb rdtscp lm constant_tsc arch_perfmon pebs bts rep_good nopl xtopology nonstop_tsc aperfmperf eagerfpu pni pclmulqdq dtes64 monitor ds_cpl vmx est tm2 ssse3 sdbg fma cx16 xtpr pdcm pcid sse4_1 sse4_2 x2apic movbe popcnt tsc_deadline_timer aes xsave avx f16c rdrand lahf_lm abm epb tpr_shadow vnmi flexpriority ept vpid fsgsbase tsc_adjust bmi1 avx2 smep bmi2 erms invpcid xsaveopt dtherm ida arat pln pts
bugs		:
bogomips	: 3791.14
clflush size	: 64
cache_alignment	: 64
address sizes	: 39 bits physical, 48 bits virtual
power management:

processor	: 1
vendor_id	: GenuineIntel
cpu family	: 6
model		: 69
model name	: Intel(R) Core(TM) i3-4030U CPU @ 1.90GHz
stepping	: 1
microcode	: 0x17
cpu MHz		: 1156.402
cache size	: 3072 KB
physical id	: 0
siblings	: 4
core id		: 0
cpu cores	: 2
apicid		: 1
initial apicid	: 1
fpu		: yes
fpu_exception	: yes
cpuid level	: 13
wp		: yes
flags		: fpu vme de pse tsc msr pae mce cx8 apic sep mtrr pge mca cmov pat pse36 clflush dts acpi mmx fxsr sse sse2 ss ht tm pbe syscall nx pdpe1gb rdtscp lm constant_tsc arch_perfmon pebs bts rep_good nopl xtopology nonstop_tsc aperfmperf eagerfpu pni pclmulqdq dtes64 monitor ds_cpl vmx est tm2 ssse3 sdbg fma cx16 xtpr pdcm pcid sse4_1 sse4_2 x2apic movbe popcnt tsc_deadline_timer aes xsave avx f16c rdrand lahf_lm abm epb tpr_shadow vnmi flexpriority ept vpid fsgsbase tsc_adjust bmi1 avx2 smep bmi2 erms invpcid xsaveopt dtherm ida arat pln pts
bugs		:
bogomips	: 3791.14
clflush size	: 64
cache_alignment	: 64
address sizes	: 39 bits physical, 48 bits virtual
power management:

processor	: 2
vendor_id	: GenuineIntel
cpu family	: 6
model		: 69
model name	: Intel(R) Core(TM) i3-4030U CPU @ 1.90GHz
stepping	: 1
microcode	: 0x17
cpu MHz		: 801.339
cache size	: 3072 KB
physical id	: 0
siblings	: 4
core id		: 1
cpu cores	: 2
apicid		: 2
initial apicid	: 2
fpu		: yes
fpu_exception	: yes
cpuid level	: 13
wp		: yes
flags		: fpu vme de pse tsc msr pae mce cx8 apic sep mtrr pge mca cmov pat pse36 clflush dts acpi mmx fxsr sse sse2 ss ht tm pbe syscall nx pdpe1gb rdtscp lm constant_tsc arch_perfmon pebs bts rep_good nopl xtopology nonstop_tsc aperfmperf eagerfpu pni pclmulqdq dtes64 monitor ds_cpl vmx est tm2 ssse3 sdbg fma cx16 xtpr pdcm pcid sse4_1 sse4_2 x2apic movbe popcnt tsc_deadline_timer aes xsave avx f16c rdrand lahf_lm abm epb tpr_shadow vnmi flexpriority ept vpid fsgsbase tsc_adjust bmi1 avx2 smep bmi2 erms invpcid xsaveopt dtherm ida arat pln pts
bugs		:
bogomips	: 3791.14
clflush size	: 64
cache_alignment	: 64
address sizes	: 39 bits physical, 48 bits virtual
power management:

processor	: 3
vendor_id	: GenuineIntel
cpu family	: 6
model		: 69
model name	: Intel(R) Core(TM) i3-4030U CPU @ 1.90GHz
stepping	: 1
microcode	: 0x17
cpu MHz		: 1135.175
cache size	: 3072 KB
physical id	: 0
siblings	: 4
core id		: 1
cpu cores	: 2
apicid		: 3
initial apicid	: 3
fpu		: yes
fpu_exception	: yes
cpuid level	: 13
wp		: yes
flags		: fpu vme de pse tsc msr pae mce cx8 apic sep mtrr pge mca cmov pat pse36 clflush dts acpi mmx fxsr sse sse2 ss ht tm pbe syscall nx pdpe1gb rdtscp lm constant_tsc arch_perfmon pebs bts rep_good nopl xtopology nonstop_tsc aperfmperf eagerfpu pni pclmulqdq dtes64 monitor ds_cpl vmx est tm2 ssse3 sdbg fma cx16 xtpr pdcm pcid sse4_1 sse4_2 x2apic movbe popcnt tsc_deadline_timer aes xsave avx f16c rdrand lahf_lm abm epb tpr_shadow vnmi flexpriority ept vpid fsgsbase tsc_adjust bmi1 avx2 smep bmi2 erms invpcid xsaveopt dtherm ida arat pln pts
bugs		:
bogomips	: 3791.14
clflush size	: 64
cache_alignment	: 64
address sizes	: 39 bits physical, 48 bits virtual
power management:



Memory: 4k page, physical 3974504k(118940k free), swap 0k(0k free)

vm_info: OpenJDK 64-Bit Server VM (25.131-b11) for linux-amd64 JRE (1.8.0_131-8u131-b11-2ubuntu1.16.04.3-b11), built on Jul 28 2017 01:23:32 by "buildd" with gcc 5.4.0 20160609

time: Fri Oct 13 11:55:37 2017
elapsed time: 36 seconds (0d 0h 0m 36s)

